D:\Django_project\absharProject\middleAdmin_panel\views.py changed, reloading.
Watching for file changes with StatReloader
Not Found: /ws/tickets/
Not Found: /ws/tickets/admin/
Not Found: /ws/tickets/
Not Found: /ws/tickets/admin/
D:\Django_project\absharProject\middleAdmin_panel\views.py changed, reloading.
Watching for file changes with StatReloader
Not Found: /ws/tickets/
Not Found: /ws/tickets/admin/
Not Found: /ws/tickets/admin/
Not Found: /ws/tickets/
D:\Django_project\absharProject\middleAdmin_panel\views.py changed, reloading.
Watching for file changes with StatReloader
Not Found: /ws/tickets/admin/
Not Found: /ws/tickets/
Not Found: /ws/tickets/
Not Found: /ws/tickets/admin/
===== بررسی شماره موبایل‌ها برای ارسال پیامک =====
UC ID: 67, Unit ID: 37, Owner: 09125554444, Owner Mobile: 09125554444, Renter: None, Renter Mobile: None, Mobile selected: 09125554444
شماره‌های موبایل نهایی برای ارسال: ['09125554444']
Internal Server Error: /middle-admin-panel/fix-charge/10/notify/
Traceback (most recent call last):
  File "D:\Django_project\absharProject\.venv\Lib\site-packages\django\core\handlers\exception.py", line 55, in inner
    response = get_response(request)
               ^^^^^^^^^^^^^^^^^^^^^
  File "D:\Django_project\absharProject\.venv\Lib\site-packages\django\core\handlers\base.py", line 197, in _get_response
    response = wrapped_callback(request, *callback_args, **callback_kwargs)
               ^^^^^^^^^^^^^^^^^^^^^^^^^^^^^^^^^^^^^^^^^^^^^^^^^^^^^^^^^^^^
  File "D:\Django_project\absharProject\.venv\Lib\site-packages\django\contrib\auth\decorators.py", line 59, in _view_wrapper
    return view_func(request, *args, **kwargs)
           ^^^^^^^^^^^^^^^^^^^^^^^^^^^^^^^^^^^
  File "D:\Django_project\absharProject\middleAdmin_panel\views.py", line 3965, in middle_fix_charge_notification_view
    result = SmsService.send(
             ^^^^^^^^^^^^^^^^
TypeError: SmsService.send() got an unexpected keyword argument 'total_price'
D:\Django_project\absharProject\middleAdmin_panel\views.py changed, reloading.
Watching for file changes with StatReloader
===== بررسی شماره موبایل‌ها برای ارسال پیامک =====
UC ID: 67, Unit ID: 37, Owner: 09125554444, Owner Mobile: 09125554444, Renter: None, Renter Mobile: None, Mobile selected: 09125554444
شماره‌های موبایل نهایی برای ارسال: ['09125554444']
Not Found: /ws/tickets/
Not Found: /ws/tickets/admin/
===== بررسی شماره موبایل‌ها برای ارسال پیامک =====
UC ID: 65, Unit ID: 35, Owner: 09125958465, Owner Mobile: 09125958465, Renter: None, Renter Mobile: None, Mobile selected: 09125958465
UC ID: 68, Unit ID: 38, Owner: 09128745214, Owner Mobile: 09128745214, Renter: None, Renter Mobile: None, Mobile selected: 09128745214
شماره‌های موبایل نهایی برای ارسال: ['09125958465', '09128745214']
Not Found: /ws/tickets/
Not Found: /ws/tickets/admin/
Not Found: /ws/tickets/
Not Found: /ws/tickets/admin/
Not Found: /ws/tickets/
Not Found: /ws/tickets/admin/
===== بررسی شماره موبایل‌ها برای ارسال پیامک =====
UC ID: 64, Unit ID: 33, Owner: 09125958465, Owner Mobile: 09125958465, Renter: None, Renter Mobile: None, Mobile selected: 09125958465
UC ID: 65, Unit ID: 35, Owner: 09125958465, Owner Mobile: 09125958465, Renter: None, Renter Mobile: None, Mobile selected: 09125958465
شماره‌های موبایل نهایی برای ارسال: ['09125958465', '09125958465']
Not Found: /ws/tickets/
Not Found: /ws/tickets/admin/
Not Found: /ws/tickets/
Not Found: /ws/tickets/admin/
D:\Django_project\absharProject\middleAdmin_panel\views.py changed, reloading.
Watching for file changes with StatReloader
Not Found: /ws/tickets/
Not Found: /ws/tickets/admin/
Not Found: /ws/tickets/
Not Found: /ws/tickets/admin/
Not Found: /ws/tickets/admin/
Not Found: /ws/tickets/
Not Found: /ws/tickets/
Not Found: /ws/tickets/admin/
Not Found: /ws/tickets/
Not Found: /ws/tickets/admin/
Not Found: /ws/tickets/
Not Found: /ws/tickets/admin/
===== بررسی شماره موبایل‌ها برای ارسال پیامک =====
UC ID: 68, Unit ID: 38, Owner: 09128745214, Owner Mobile: 09128745214, Renter: None, Renter Mobile: None, Mobile selected: 09128745214
شماره‌های موبایل نهایی برای ارسال: ['09128745214']
Not Found: /ws/tickets/
Not Found: /ws/tickets/admin/
Not Found: /ws/tickets/
Not Found: /ws/tickets/admin/
Not Found: /ws/tickets/admin/
Not Found: /ws/tickets/
Not Found: /ws/tickets/admin/
Not Found: /ws/tickets/
Not Found: /ws/tickets/
Not Found: /ws/tickets/admin/
===== بررسی شماره موبایل‌ها برای ارسال پیامک =====
UC ID: 66, Unit ID: 34, Owner: 09193239332, Owner Mobile: 09193239332, Renter: علی احمدی, Renter Mobile: 09391926282, Mobile selected: 09391926282
شماره‌های موبایل نهایی برای ارسال: ['09391926282']
Not Found: /ws/tickets/admin/
Not Found: /ws/tickets/
D:\Django_project\absharProject\admin_panel\helper.py changed, reloading.
Watching for file changes with StatReloader
Not Found: /ws/tickets/
Not Found: /ws/tickets/admin/
Not Found: /ws/tickets/
Not Found: /ws/tickets/admin/
Not Found: /ws/tickets/
Not Found: /ws/tickets/admin/
Not Found: /ws/tickets/
Not Found: /ws/tickets/admin/
Not Found: /ws/tickets/
Not Found: /ws/tickets/admin/
Not Found: /ws/tickets/admin/
Not Found: /ws/tickets/
Not Found: /ws/tickets/
Not Found: /ws/tickets/admin/
Not Found: /ws/tickets/
Not Found: /ws/tickets/admin/
Not Found: /ws/tickets/admin/
Not Found: /ws/tickets/
Not Found: /ws/tickets/admin/
Not Found: /ws/tickets/
Not Found: /ws/tickets/admin/
Not Found: /ws/tickets/
Not Found: /ws/tickets/admin/
Not Found: /ws/tickets/
Not Found: /ws/tickets/
Not Found: /ws/tickets/admin/
Not Found: /ws/tickets/
Not Found: /ws/tickets/admin/
Not Found: /ws/tickets/
Not Found: /ws/tickets/admin/
===== بررسی شماره موبایل‌ها برای ارسال پیامک =====
UC ID: 68, Unit ID: 38, Owner: 09128745215, Owner Mobile: 09193239664, Renter: , Renter Mobile: , Mobile selected: 09193239664
شماره‌های موبایل نهایی برای ارسال: ['09193239664']
Internal Server Error: /middle-admin-panel/fix-charge/10/notify/
Traceback (most recent call last):
  File "D:\Django_project\absharProject\.venv\Lib\site-packages\django\core\handlers\exception.py", line 55, in inner
    response = get_response(request)
               ^^^^^^^^^^^^^^^^^^^^^
  File "D:\Django_project\absharProject\.venv\Lib\site-packages\django\core\handlers\base.py", line 197, in _get_response
    response = wrapped_callback(request, *callback_args, **callback_kwargs)
               ^^^^^^^^^^^^^^^^^^^^^^^^^^^^^^^^^^^^^^^^^^^^^^^^^^^^^^^^^^^^
  File "D:\Django_project\absharProject\.venv\Lib\site-packages\django\contrib\auth\decorators.py", line 59, in _view_wrapper
    return view_func(request, *args, **kwargs)
           ^^^^^^^^^^^^^^^^^^^^^^^^^^^^^^^^^^^
  File "D:\Django_project\absharProject\middleAdmin_panel\views.py", line 3965, in middle_fix_charge_notification_view
    result = SmsService.send(
             ^^^^^^^^^^^^^^^^
  File "D:\Django_project\absharProject\notifications\services\sms_service.py", line 83, in send
    helper.send_notify_user_by_sms(
    ^^^^^^^^^^^^^^^^^^^^^^^^^^^^^^
AttributeError: module 'admin_panel.helper' has no attribute 'send_notify_user_by_sms'. Did you mean: 'send_notify_users_by_sms'?
D:\Django_project\absharProject\admin_panel\helper.py changed, reloading.
Watching for file changes with StatReloader
===== بررسی شماره موبایل‌ها برای ارسال پیامک =====
UC ID: 68, Unit ID: 38, Owner: 09128745215, Owner Mobile: 09193239664, Renter: , Renter Mobile: , Mobile selected: 09193239664
شماره‌های موبایل نهایی برای ارسال: ['09193239664']
Internal Server Error: /middle-admin-panel/fix-charge/10/notify/
Traceback (most recent call last):
  File "D:\Django_project\absharProject\.venv\Lib\site-packages\django\core\handlers\exception.py", line 55, in inner
    response = get_response(request)
               ^^^^^^^^^^^^^^^^^^^^^
  File "D:\Django_project\absharProject\.venv\Lib\site-packages\django\core\handlers\base.py", line 197, in _get_response
    response = wrapped_callback(request, *callback_args, **callback_kwargs)
               ^^^^^^^^^^^^^^^^^^^^^^^^^^^^^^^^^^^^^^^^^^^^^^^^^^^^^^^^^^^^
  File "D:\Django_project\absharProject\.venv\Lib\site-packages\django\contrib\auth\decorators.py", line 59, in _view_wrapper
    return view_func(request, *args, **kwargs)
           ^^^^^^^^^^^^^^^^^^^^^^^^^^^^^^^^^^^
  File "D:\Django_project\absharProject\middleAdmin_panel\views.py", line 3965, in middle_fix_charge_notification_view
    result = SmsService.send(
             ^^^^^^^^^^^^^^^^
  File "D:\Django_project\absharProject\notifications\services\sms_service.py", line 83, in send
    helper.send_notify_user_by_sms(
TypeError: send_notify_user_by_sms() got an unexpected keyword argument 'mobile'
D:\Django_project\absharProject\middleAdmin_panel\views.py changed, reloading.
Watching for file changes with StatReloader
UC ID: 68, Unit: واحد 7 -  شاهین جمالی, Mobile: 09193239664, Name: 
Not Found: /ws/tickets/
Not Found: /ws/tickets/admin/
D:\Django_project\absharProject\middleAdmin_panel\views.py changed, reloading.
Watching for file changes with StatReloader
Not Found: /ws/tickets/
Not Found: /ws/tickets/admin/
Not Found: /ws/tickets/
Not Found: /ws/tickets/admin/
UC ID: 68, Unit: واحد 7 -  شاهین جمالی, Mobile: 09193239664, Name: 
Not Found: /ws/tickets/
Not Found: /ws/tickets/admin/
Not Found: /ws/tickets/
Not Found: /ws/tickets/admin/
UC ID: 68, Unit: واحد 7 -  شاهین جمالی, Mobile: 09193239664, Name: 
Not Found: /ws/tickets/admin/
Not Found: /ws/tickets/
D:\Django_project\absharProject\middleAdmin_panel\views.py changed, reloading.
Watching for file changes with StatReloader
D:\Django_project\absharProject\admin_panel\models.py changed, reloading.
Watching for file changes with StatReloader
D:\Django_project\absharProject\admin_panel\models.py changed, reloading.
Watching for file changes with StatReloader
D:\Django_project\absharProject\middleAdmin_panel\views.py changed, reloading.
Watching for file changes with StatReloader
Not Found: /ws/tickets/
Not Found: /ws/tickets/admin/
Internal Server Error: /middle-admin-panel/fix-charge/10/notify/
Traceback (most recent call last):
  File "D:\Django_project\absharProject\.venv\Lib\site-packages\django\core\handlers\exception.py", line 55, in inner
    response = get_response(request)
               ^^^^^^^^^^^^^^^^^^^^^
  File "D:\Django_project\absharProject\.venv\Lib\site-packages\django\core\handlers\base.py", line 197, in _get_response
    response = wrapped_callback(request, *callback_args, **callback_kwargs)
               ^^^^^^^^^^^^^^^^^^^^^^^^^^^^^^^^^^^^^^^^^^^^^^^^^^^^^^^^^^^^
  File "D:\Django_project\absharProject\middleAdmin_panel\views.py", line 3941, in middle_fix_charge_notification_view
    name = uc.unit.renters.renter_name if renter else uc.unit.owner_name
           ^^^^^^^^^^^^^^^^^^^^^^^^^^^
AttributeError: 'RelatedManager' object has no attribute 'renter_name'
D:\Django_project\absharProject\middleAdmin_panel\views.py changed, reloading.
Watching for file changes with StatReloader
Internal Server Error: /middle-admin-panel/fix-charge/10/notify/
Traceback (most recent call last):
  File "D:\Django_project\absharProject\.venv\Lib\site-packages\django\core\handlers\exception.py", line 55, in inner
    response = get_response(request)
               ^^^^^^^^^^^^^^^^^^^^^
  File "D:\Django_project\absharProject\.venv\Lib\site-packages\django\core\handlers\base.py", line 197, in _get_response
    response = wrapped_callback(request, *callback_args, **callback_kwargs)
               ^^^^^^^^^^^^^^^^^^^^^^^^^^^^^^^^^^^^^^^^^^^^^^^^^^^^^^^^^^^^
  File "D:\Django_project\absharProject\middleAdmin_panel\views.py", line 3941, in middle_fix_charge_notification_view
    name = uc.renter.renter_name if renter else uc.unit.owner_name
           ^^^^^^^^^
AttributeError: 'UnifiedCharge' object has no attribute 'renter'
D:\Django_project\absharProject\middleAdmin_panel\views.py changed, reloading.
Watching for file changes with StatReloader
Internal Server Error: /middle-admin-panel/fix-charge/10/notify/
Traceback (most recent call last):
  File "D:\Django_project\absharProject\.venv\Lib\site-packages\django\core\handlers\exception.py", line 55, in inner
    response = get_response(request)
               ^^^^^^^^^^^^^^^^^^^^^
  File "D:\Django_project\absharProject\.venv\Lib\site-packages\django\core\handlers\base.py", line 197, in _get_response
    response = wrapped_callback(request, *callback_args, **callback_kwargs)
               ^^^^^^^^^^^^^^^^^^^^^^^^^^^^^^^^^^^^^^^^^^^^^^^^^^^^^^^^^^^^
  File "D:\Django_project\absharProject\middleAdmin_panel\views.py", line 3941, in middle_fix_charge_notification_view
    name = uc.renters.renter_name if renter else uc.unit.owner_name
           ^^^^^^^^^^
AttributeError: 'UnifiedCharge' object has no attribute 'renters'
D:\Django_project\absharProject\middleAdmin_panel\views.py changed, reloading.
Watching for file changes with StatReloader
D:\Django_project\absharProject\middleAdmin_panel\views.py changed, reloading.
Watching for file changes with StatReloader
UC ID: 68, Unit: واحد 7 -  شاهین جمالی, Mobile: 09193239664, Name: شاهین جمالی
Not Found: /ws/tickets/
Not Found: /ws/tickets/admin/
Not Found: /ws/tickets/
Not Found: /ws/tickets/admin/
Not Found: /ws/tickets/
Not Found: /ws/tickets/admin/
D:\Django_project\absharProject\admin_panel\helper.py changed, reloading.
Watching for file changes with StatReloader
D:\Django_project\absharProject\admin_panel\helper.py changed, reloading.
Watching for file changes with StatReloader
Not Found: /ws/tickets/
Not Found: /ws/tickets/admin/
Internal Server Error: /middle-admin-panel/fix-charge/10/notify/
Traceback (most recent call last):
  File "D:\Django_project\absharProject\.venv\Lib\site-packages\django\core\handlers\exception.py", line 55, in inner
    response = get_response(request)
               ^^^^^^^^^^^^^^^^^^^^^
  File "D:\Django_project\absharProject\.venv\Lib\site-packages\django\core\handlers\base.py", line 197, in _get_response
    response = wrapped_callback(request, *callback_args, **callback_kwargs)
               ^^^^^^^^^^^^^^^^^^^^^^^^^^^^^^^^^^^^^^^^^^^^^^^^^^^^^^^^^^^^
  File "D:\Django_project\absharProject\middleAdmin_panel\views.py", line 3935, in middle_fix_charge_notification_view
    result = send_notify_user_by_sms(qs, message_text)
             ^^^^^^^^^^^^^^^^^^^^^^^^^^^^^^^^^^^^^^^^^
TypeError: send_notify_user_by_sms() takes 1 positional argument but 2 were given
D:\Django_project\absharProject\admin_panel\helper.py changed, reloading.
Watching for file changes with StatReloader
UC ID: 68, Unit: واحد 7 -  شاهین جمالی, Mobile: 09193239664, Name: شاهین جمالی
Not Found: /ws/tickets/
Not Found: /ws/tickets/admin/
D:\Django_project\absharProject\admin_panel\helper.py changed, reloading.
Watching for file changes with StatReloader
D:\Django_project\absharProject\admin_panel\helper.py changed, reloading.
Watching for file changes with StatReloader
Not Found: /ws/tickets/
Not Found: /ws/tickets/admin/
Not Found: /ws/tickets/
Not Found: /ws/tickets/admin/
Internal Server Error: /middle-admin-panel/fix-charge/10/notify/
Traceback (most recent call last):
  File "D:\Django_project\absharProject\.venv\Lib\site-packages\django\core\handlers\exception.py", line 55, in inner
    response = get_response(request)
               ^^^^^^^^^^^^^^^^^^^^^
  File "D:\Django_project\absharProject\.venv\Lib\site-packages\django\core\handlers\base.py", line 197, in _get_response
    response = wrapped_callback(request, *callback_args, **callback_kwargs)
               ^^^^^^^^^^^^^^^^^^^^^^^^^^^^^^^^^^^^^^^^^^^^^^^^^^^^^^^^^^^^
  File "D:\Django_project\absharProject\middleAdmin_panel\views.py", line 3935, in middle_fix_charge_notification_view
    result = send_notify_user_by_sms(qs, message_text)
             ^^^^^^^^^^^^^^^^^^^^^^^^^^^^^^^^^^^^^^^^^
TypeError: send_notify_user_by_sms() missing 1 required positional argument: 'message'
D:\Django_project\absharProject\middleAdmin_panel\views.py changed, reloading.
Watching for file changes with StatReloader
Internal Server Error: /middle-admin-panel/fix-charge/10/notify/
Traceback (most recent call last):
  File "D:\Django_project\absharProject\.venv\Lib\site-packages\django\core\handlers\exception.py", line 55, in inner
    response = get_response(request)
               ^^^^^^^^^^^^^^^^^^^^^
  File "D:\Django_project\absharProject\.venv\Lib\site-packages\django\core\handlers\base.py", line 197, in _get_response
    response = wrapped_callback(request, *callback_args, **callback_kwargs)
               ^^^^^^^^^^^^^^^^^^^^^^^^^^^^^^^^^^^^^^^^^^^^^^^^^^^^^^^^^^^^
  File "D:\Django_project\absharProject\middleAdmin_panel\views.py", line 3935, in middle_fix_charge_notification_view
    result = send_notify_user_by_sms(qs, message)
             ^^^^^^^^^^^^^^^^^^^^^^^^^^^^^^^^^^^^
TypeError: send_notify_user_by_sms() missing 1 required positional argument: 'message'
D:\Django_project\absharProject\middleAdmin_panel\views.py changed, reloading.
Watching for file changes with StatReloader
UC ID: 68, Unit: واحد 7 -  شاهین جمالی, Mobile: 09193239664, Name: شاهین جمالی
شماره‌های موبایل نهایی برای ارسال: ['09193239664']
Not Found: /ws/tickets/
Not Found: /ws/tickets/admin/
D:\Django_project\absharProject\notifications\services\sms_service.py changed, reloading.
Watching for file changes with StatReloader
Not Found: /ws/tickets/
Not Found: /ws/tickets/admin/
Not Found: /ws/tickets/
Not Found: /ws/tickets/admin/
Not Found: /ws/tickets/
Not Found: /ws/tickets/admin/
Not Found: /ws/tickets/admin/
Not Found: /ws/tickets/
Not Found: /ws/tickets/
Not Found: /ws/tickets/admin/
D:\Django_project\absharProject\notifications\services\sms_service.py changed, reloading.
Watching for file changes with StatReloader
D:\Django_project\absharProject\admin_panel\helper.py changed, reloading.
Watching for file changes with StatReloader
D:\Django_project\absharProject\admin_panel\helper.py changed, reloading.
Watching for file changes with StatReloader
D:\Django_project\absharProject\notifications\services\sms_service.py changed, reloading.
Watching for file changes with StatReloader
D:\Django_project\absharProject\middleAdmin_panel\views.py changed, reloading.
Watching for file changes with StatReloader
Not Found: /ws/tickets/
Not Found: /ws/tickets/admin/
Not Found: /ws/tickets/
Not Found: /ws/tickets/admin/
Not Found: /ws/tickets/
Not Found: /ws/tickets/admin/
Not Found: /ws/tickets/admin/
Not Found: /ws/tickets/
Not Found: /ws/tickets/
Not Found: /ws/tickets/admin/
Internal Server Error: /middle-admin-panel/fix-charge/10/notify/
Traceback (most recent call last):
  File "D:\Django_project\absharProject\.venv\Lib\site-packages\django\core\handlers\exception.py", line 55, in inner
    response = get_response(request)
               ^^^^^^^^^^^^^^^^^^^^^
  File "D:\Django_project\absharProject\.venv\Lib\site-packages\django\core\handlers\base.py", line 197, in _get_response
    response = wrapped_callback(request, *callback_args, **callback_kwargs)
               ^^^^^^^^^^^^^^^^^^^^^^^^^^^^^^^^^^^^^^^^^^^^^^^^^^^^^^^^^^^^
  File "D:\Django_project\absharProject\middleAdmin_panel\views.py", line 3936, in middle_fix_charge_notification_view
    charge_title=charge.title,
                 ^^^^^^^^^^^^
AttributeError: 'FixCharge' object has no attribute 'title'
D:\Django_project\absharProject\middleAdmin_panel\views.py changed, reloading.
Watching for file changes with StatReloader
Internal Server Error: /middle-admin-panel/fix-charge/10/notify/
Traceback (most recent call last):
  File "D:\Django_project\absharProject\.venv\Lib\site-packages\django\core\handlers\exception.py", line 55, in inner
    response = get_response(request)
               ^^^^^^^^^^^^^^^^^^^^^
  File "D:\Django_project\absharProject\.venv\Lib\site-packages\django\core\handlers\base.py", line 197, in _get_response
    response = wrapped_callback(request, *callback_args, **callback_kwargs)
               ^^^^^^^^^^^^^^^^^^^^^^^^^^^^^^^^^^^^^^^^^^^^^^^^^^^^^^^^^^^^
  File "D:\Django_project\absharProject\middleAdmin_panel\views.py", line 3933, in middle_fix_charge_notification_view
    result = SmsService.send_for_unified_charges(
             ^^^^^^^^^^^^^^^^^^^^^^^^^^^^^^^^^^^^
  File "D:\Django_project\absharProject\notifications\services\sms_service.py", line 93, in send_for_unified_charges
    helper.send_notify_user_by_sms(
  File "D:\Django_project\absharProject\admin_panel\helper.py", line 31, in send_notify_user_by_sms
    return api.verify_lookup(params)
           ^^^^^^^^^^^^^^^^^^^^^^^^^
  File "D:\Django_project\absharProject\.venv\Lib\site-packages\kavenegar.py", line 87, in verify_lookup
    return self._request('verify', 'lookup',params)
           ^^^^^^^^^^^^^^^^^^^^^^^^^^^^^^^^^^^^^^^^
  File "D:\Django_project\absharProject\.venv\Lib\site-packages\kavenegar.py", line 40, in _request
    raise APIException((u'APIException[%s] %s' % (response['return']['status'],response['return']['message'])).encode('utf-8'))
kavenegar.APIException: b'APIException[411] \xd8\xaf\xd8\xb1\xdb\x8c\xd8\xa7\xd9\x81\xd8\xaa \xda\xa9\xd9\x86\xd9\x86\xd8\xaf\xd9\x87 \xd9\x86\xd8\xa7\xd9\x85\xd8\xb9\xd8\xaa\xd8\xa8\xd8\xb1 \xd8\xa7\xd8\xb3\xd8\xaa'
D:\Django_project\absharProject\notifications\services\sms_service.py changed, reloading.
Watching for file changes with StatReloader
D:\Django_project\absharProject\notifications\services\sms_service.py changed, reloading.
Watching for file changes with StatReloader
Internal Server Error: /middle-admin-panel/fix-charge/10/notify/
Traceback (most recent call last):
  File "D:\Django_project\absharProject\.venv\Lib\site-packages\django\core\handlers\exception.py", line 55, in inner
    response = get_response(request)
               ^^^^^^^^^^^^^^^^^^^^^
  File "D:\Django_project\absharProject\.venv\Lib\site-packages\django\core\handlers\base.py", line 197, in _get_response
    response = wrapped_callback(request, *callback_args, **callback_kwargs)
               ^^^^^^^^^^^^^^^^^^^^^^^^^^^^^^^^^^^^^^^^^^^^^^^^^^^^^^^^^^^^
  File "D:\Django_project\absharProject\middleAdmin_panel\views.py", line 3933, in middle_fix_charge_notification_view
    result = SmsService.send_for_unified_charges(
             ^^^^^^^^^^^^^^^^^^^^^^^^^^^^^^^^^^^^
  File "D:\Django_project\absharProject\notifications\services\sms_service.py", line 114, in send_for_unified_charges
    helper.send_notify_user_by_sms(
TypeError: send_notify_user_by_sms() got an unexpected keyword argument 'receptor'
Not Found: /ws/tickets/
Not Found: /ws/tickets/admin/
Not Found: /ws/tickets/
Not Found: /ws/tickets/admin/
Internal Server Error: /middle-admin-panel/fix-charge/10/notify/
Traceback (most recent call last):
  File "D:\Django_project\absharProject\.venv\Lib\site-packages\django\core\handlers\exception.py", line 55, in inner
    response = get_response(request)
               ^^^^^^^^^^^^^^^^^^^^^
  File "D:\Django_project\absharProject\.venv\Lib\site-packages\django\core\handlers\base.py", line 197, in _get_response
    response = wrapped_callback(request, *callback_args, **callback_kwargs)
               ^^^^^^^^^^^^^^^^^^^^^^^^^^^^^^^^^^^^^^^^^^^^^^^^^^^^^^^^^^^^
  File "D:\Django_project\absharProject\middleAdmin_panel\views.py", line 3933, in middle_fix_charge_notification_view
    result = SmsService.send_for_unified_charges(
             ^^^^^^^^^^^^^^^^^^^^^^^^^^^^^^^^^^^^
  File "D:\Django_project\absharProject\notifications\services\sms_service.py", line 114, in send_for_unified_charges
    helper.send_notify_user_by_sms(
TypeError: send_notify_user_by_sms() got an unexpected keyword argument 'receptor'
D:\Django_project\absharProject\admin_panel\helper.py changed, reloading.
Watching for file changes with StatReloader
Internal Server Error: /middle-admin-panel/fix-charge/10/notify/
Traceback (most recent call last):
  File "D:\Django_project\absharProject\.venv\Lib\site-packages\django\core\handlers\exception.py", line 55, in inner
    response = get_response(request)
               ^^^^^^^^^^^^^^^^^^^^^
  File "D:\Django_project\absharProject\.venv\Lib\site-packages\django\core\handlers\base.py", line 197, in _get_response
    response = wrapped_callback(request, *callback_args, **callback_kwargs)
               ^^^^^^^^^^^^^^^^^^^^^^^^^^^^^^^^^^^^^^^^^^^^^^^^^^^^^^^^^^^^
  File "D:\Django_project\absharProject\middleAdmin_panel\views.py", line 3933, in middle_fix_charge_notification_view
    result = SmsService.send_for_unified_charges(
             ^^^^^^^^^^^^^^^^^^^^^^^^^^^^^^^^^^^^
  File "D:\Django_project\absharProject\notifications\services\sms_service.py", line 114, in send_for_unified_charges
    helper.send_notify_user_by_sms(
TypeError: send_notify_user_by_sms() got an unexpected keyword argument 'receptor'
D:\Django_project\absharProject\admin_panel\helper.py changed, reloading.
Watching for file changes with StatReloader
Internal Server Error: /middle-admin-panel/fix-charge/10/notify/
Traceback (most recent call last):
  File "D:\Django_project\absharProject\.venv\Lib\site-packages\django\core\handlers\exception.py", line 55, in inner
    response = get_response(request)
               ^^^^^^^^^^^^^^^^^^^^^
  File "D:\Django_project\absharProject\.venv\Lib\site-packages\django\core\handlers\base.py", line 197, in _get_response
    response = wrapped_callback(request, *callback_args, **callback_kwargs)
               ^^^^^^^^^^^^^^^^^^^^^^^^^^^^^^^^^^^^^^^^^^^^^^^^^^^^^^^^^^^^
  File "D:\Django_project\absharProject\middleAdmin_panel\views.py", line 3933, in middle_fix_charge_notification_view
    result = SmsService.send_for_unified_charges(
             ^^^^^^^^^^^^^^^^^^^^^^^^^^^^^^^^^^^^
  File "D:\Django_project\absharProject\notifications\services\sms_service.py", line 114, in send_for_unified_charges
    helper.send_notify_user_by_sms(
TypeError: send_notify_user_by_sms() got an unexpected keyword argument 'receptor'
D:\Django_project\absharProject\admin_panel\helper.py changed, reloading.
Watching for file changes with StatReloader
Internal Server Error: /middle-admin-panel/fix-charge/10/notify/
Traceback (most recent call last):
  File "D:\Django_project\absharProject\.venv\Lib\site-packages\django\core\handlers\exception.py", line 55, in inner
    response = get_response(request)
               ^^^^^^^^^^^^^^^^^^^^^
  File "D:\Django_project\absharProject\.venv\Lib\site-packages\django\core\handlers\base.py", line 197, in _get_response
    response = wrapped_callback(request, *callback_args, **callback_kwargs)
               ^^^^^^^^^^^^^^^^^^^^^^^^^^^^^^^^^^^^^^^^^^^^^^^^^^^^^^^^^^^^
  File "D:\Django_project\absharProject\middleAdmin_panel\views.py", line 3933, in middle_fix_charge_notification_view
    result = SmsService.send_for_unified_charges(
             ^^^^^^^^^^^^^^^^^^^^^^^^^^^^^^^^^^^^
  File "D:\Django_project\absharProject\notifications\services\sms_service.py", line 114, in send_for_unified_charges
    helper.send_notify_user_by_sms(
TypeError: send_notify_user_by_sms() got an unexpected keyword argument 'receptor'
D:\Django_project\absharProject\admin_panel\helper.py changed, reloading.
Watching for file changes with StatReloader
Internal Server Error: /middle-admin-panel/fix-charge/10/notify/
Traceback (most recent call last):
  File "D:\Django_project\absharProject\.venv\Lib\site-packages\django\core\handlers\exception.py", line 55, in inner
    response = get_response(request)
               ^^^^^^^^^^^^^^^^^^^^^
  File "D:\Django_project\absharProject\.venv\Lib\site-packages\django\core\handlers\base.py", line 197, in _get_response
    response = wrapped_callback(request, *callback_args, **callback_kwargs)
               ^^^^^^^^^^^^^^^^^^^^^^^^^^^^^^^^^^^^^^^^^^^^^^^^^^^^^^^^^^^^
  File "D:\Django_project\absharProject\middleAdmin_panel\views.py", line 3933, in middle_fix_charge_notification_view
    result = SmsService.send_for_unified_charges(
             ^^^^^^^^^^^^^^^^^^^^^^^^^^^^^^^^^^^^
  File "D:\Django_project\absharProject\notifications\services\sms_service.py", line 114, in send_for_unified_charges
    helper.send_notify_user_by_sms(
TypeError: send_notify_user_by_sms() got an unexpected keyword argument 'receptor'
D:\Django_project\absharProject\notifications\services\sms_service.py changed, reloading.
Watching for file changes with StatReloader
Internal Server Error: /middle-admin-panel/fix-charge/10/notify/
Traceback (most recent call last):
  File "D:\Django_project\absharProject\.venv\Lib\site-packages\django\core\handlers\exception.py", line 55, in inner
    response = get_response(request)
               ^^^^^^^^^^^^^^^^^^^^^
  File "D:\Django_project\absharProject\.venv\Lib\site-packages\django\core\handlers\base.py", line 197, in _get_response
    response = wrapped_callback(request, *callback_args, **callback_kwargs)
               ^^^^^^^^^^^^^^^^^^^^^^^^^^^^^^^^^^^^^^^^^^^^^^^^^^^^^^^^^^^^
  File "D:\Django_project\absharProject\middleAdmin_panel\views.py", line 3933, in middle_fix_charge_notification_view
    result = SmsService.send_for_unified_charges(
             ^^^^^^^^^^^^^^^^^^^^^^^^^^^^^^^^^^^^
  File "D:\Django_project\absharProject\notifications\services\sms_service.py", line 114, in send_for_unified_charges
    helper.send_notify_user_by_sms(
TypeError: send_notify_user_by_sms() got an unexpected keyword argument 'token'
D:\Django_project\absharProject\notifications\services\sms_service.py changed, reloading.
Watching for file changes with StatReloader
Internal Server Error: /middle-admin-panel/fix-charge/10/notify/
Traceback (most recent call last):
  File "D:\Django_project\absharProject\.venv\Lib\site-packages\django\core\handlers\exception.py", line 55, in inner
    response = get_response(request)
               ^^^^^^^^^^^^^^^^^^^^^
  File "D:\Django_project\absharProject\.venv\Lib\site-packages\django\core\handlers\base.py", line 197, in _get_response
    response = wrapped_callback(request, *callback_args, **callback_kwargs)
               ^^^^^^^^^^^^^^^^^^^^^^^^^^^^^^^^^^^^^^^^^^^^^^^^^^^^^^^^^^^^
  File "D:\Django_project\absharProject\middleAdmin_panel\views.py", line 3933, in middle_fix_charge_notification_view
    result = SmsService.send_for_unified_charges(
             ^^^^^^^^^^^^^^^^^^^^^^^^^^^^^^^^^^^^
  File "D:\Django_project\absharProject\notifications\services\sms_service.py", line 114, in send_for_unified_charges
    helper.send_notify_user_by_sms(
TypeError: send_notify_user_by_sms() missing 1 required positional argument: 'name'
D:\Django_project\absharProject\admin_panel\helper.py changed, reloading.
Watching for file changes with StatReloader
D:\Django_project\absharProject\admin_panel\helper.py changed, reloading.
Watching for file changes with StatReloader
D:\Django_project\absharProject\admin_panel\helper.py changed, reloading.
Watching for file changes with StatReloader
D:\Django_project\absharProject\notifications\services\sms_service.py changed, reloading.
Watching for file changes with StatReloader
Not Found: /ws/tickets/
Not Found: /ws/tickets/admin/
Not Found: /.well-known/appspecific/com.chrome.devtools.json
Not Found: /.well-known/appspecific/com.chrome.devtools.json
Not Found: /ws/tickets/
Not Found: /ws/tickets/admin/
Not Found: /ws/tickets/
Not Found: /ws/tickets/admin/
Not Found: /ws/tickets/
Not Found: /ws/tickets/admin/
Not Found: /ws/tickets/
Not Found: /ws/tickets/admin/
D:\Django_project\absharProject\middleAdmin_panel\views.py changed, reloading.
Watching for file changes with StatReloader
D:\Django_project\absharProject\middleAdmin_panel\urls.py changed, reloading.
Watching for file changes with StatReloader
Not Found: /ws/tickets/
Not Found: /ws/tickets/admin/
Not Found: /ws/tickets/
Not Found: /ws/tickets/admin/
D:\Django_project\absharProject\middleAdmin_panel\views.py changed, reloading.
Watching for file changes with StatReloader
Not Found: /ws/tickets/
Not Found: /ws/tickets/admin/
D:\Django_project\absharProject\middleAdmin_panel\views.py changed, reloading.
Watching for file changes with StatReloader
D:\Django_project\absharProject\middleAdmin_panel\views.py changed, reloading.
Watching for file changes with StatReloader
Not Found: /ws/tickets/
Not Found: /ws/tickets/admin/
Not Found: /ws/tickets/
Not Found: /ws/tickets/admin/
Not Found: /ws/tickets/admin/
Not Found: /ws/tickets/admin/
D:\Django_project\absharProject\user_app\models.py changed, reloading.
Watching for file changes with StatReloader
D:\Django_project\absharProject\admin_panel\forms.py changed, reloading.
Watching for file changes with StatReloader
Not Found: /ws/tickets/admin/
Not Found: /ws/tickets/admin/
Not Found: /ws/tickets/admin/
Not Found: /ws/tickets/admin/
Not Found: /ws/tickets/admin/
Not Found: /ws/tickets/admin/
Watching for file changes with StatReloader
Not Found: /ws/tickets/admin/
Not Found: /ws/tickets/admin/
Not Found: /ws/tickets/admin/
D:\Django_project\absharProject\admin_panel\forms.py changed, reloading.
Watching for file changes with StatReloader
Not Found: /ws/tickets/admin/
Not Found: /ws/tickets/admin/
Watching for file changes with StatReloader
Not Found: /ws/tickets/admin/
Not Found: /ws/tickets/admin/
Not Found: /ws/tickets/admin/
Not Found: /ws/tickets/admin/
Not Found: /ws/tickets/admin/
Watching for file changes with StatReloader
Not Found: /ws/tickets/admin/
Not Found: /ws/tickets/admin/
Not Found: /ws/tickets/admin/
Not Found: /ws/tickets/admin/
Not Found: /ws/tickets/admin/
Watching for file changes with StatReloader
Not Found: /ws/tickets/admin/
Watching for file changes with StatReloader
Not Found: /ws/tickets/admin/
Not Found: /ws/tickets/admin/
Not Found: /ws/tickets/admin/
Not Found: /ws/tickets/admin/
Not Found: /ws/tickets/admin/
Not Found: /ws/tickets/admin/
Not Found: /ws/tickets/admin/
Not Found: /ws/tickets/admin/
Watching for file changes with StatReloader
Not Found: /ws/tickets/admin/
Not Found: /ws/tickets/admin/
Watching for file changes with StatReloader
Not Found: /ws/tickets/admin/
Not Found: /ws/tickets/admin/
Not Found: /ws/tickets/admin/
Not Found: /ws/tickets/admin/
Not Found: /favicon.ico
Not Found: /ws/tickets/admin/
Not Found: /ws/tickets/admin/
Not Found: /ws/tickets/admin/
Not Found: /ws/tickets/admin/
Not Found: /ws/tickets/admin/
D:\Django_project\absharProject\admin_panel\forms.py changed, reloading.
Watching for file changes with StatReloader
Not Found: /ws/tickets/admin/
Not Found: /ws/tickets/admin/
D:\Django_project\absharProject\admin_panel\forms.py changed, reloading.
Watching for file changes with StatReloader
Not Found: /ws/tickets/admin/
Watching for file changes with StatReloader
Not Found: /ws/tickets/admin/
Not Found: /ws/tickets/admin/
Not Found: /ws/tickets/admin/
D:\Django_project\absharProject\admin_panel\forms.py changed, reloading.
Watching for file changes with StatReloader
Not Found: /ws/tickets/admin/
Not Found: /ws/tickets/admin/
Not Found: /ws/tickets/admin/
Not Found: /ws/tickets/admin/
Not Found: /ws/tickets/admin/
Not Found: /ws/tickets/admin/
Not Found: /ws/tickets/admin/
Watching for file changes with StatReloader
Not Found: /ws/tickets/admin/
Internal Server Error: /admin-panel/middle/edit/57/
Traceback (most recent call last):
  File "D:\Django_project\absharProject\.venv\Lib\site-packages\django\core\handlers\exception.py", line 55, in inner
    response = get_response(request)
               ^^^^^^^^^^^^^^^^^^^^^
  File "D:\Django_project\absharProject\.venv\Lib\site-packages\django\core\handlers\base.py", line 197, in _get_response
    response = wrapped_callback(request, *callback_args, **callback_kwargs)
               ^^^^^^^^^^^^^^^^^^^^^^^^^^^^^^^^^^^^^^^^^^^^^^^^^^^^^^^^^^^^
  File "D:\Django_project\absharProject\.venv\Lib\site-packages\django\views\generic\base.py", line 104, in view
    return self.dispatch(request, *args, **kwargs)
           ^^^^^^^^^^^^^^^^^^^^^^^^^^^^^^^^^^^^^^^
  File "D:\Django_project\absharProject\.venv\Lib\site-packages\django\utils\decorators.py", line 48, in _wrapper
    return bound_method(*args, **kwargs)
           ^^^^^^^^^^^^^^^^^^^^^^^^^^^^^
  File "D:\Django_project\absharProject\.venv\Lib\site-packages\django\contrib\auth\decorators.py", line 59, in _view_wrapper
    return view_func(request, *args, **kwargs)
           ^^^^^^^^^^^^^^^^^^^^^^^^^^^^^^^^^^^
  File "D:\Django_project\absharProject\.venv\Lib\site-packages\django\views\generic\base.py", line 143, in dispatch
    return handler(request, *args, **kwargs)
           ^^^^^^^^^^^^^^^^^^^^^^^^^^^^^^^^^
  File "D:\Django_project\absharProject\.venv\Lib\site-packages\django\views\generic\edit.py", line 206, in post
    return super().post(request, *args, **kwargs)
           ^^^^^^^^^^^^^^^^^^^^^^^^^^^^^^^^^^^^^^
  File "D:\Django_project\absharProject\.venv\Lib\site-packages\django\views\generic\edit.py", line 153, in post
    return self.form_invalid(form)
           ^^^^^^^^^^^^^^^^^^^^^^^
  File "D:\Django_project\absharProject\.venv\Lib\site-packages\django\views\generic\edit.py", line 67, in form_invalid
    return self.render_to_response(self.get_context_data(form=form))
                                   ^^^^^^^^^^^^^^^^^^^^^^^^^^^^^^^^
  File "D:\Django_project\absharProject\admin_panel\views.py", line 115, in get_context_data
    middle.charge_method_ids = list(middle.charge_methods.values_list('id', flat=True))
    ^^^^^^^^^^^^^^^^^^^^^^^^
AttributeError: property 'charge_method_ids' of 'User' object has no setter
Not Found: /favicon.ico
Not Found: /ws/tickets/admin/
Not Found: /ws/tickets/admin/
Not Found: /ws/tickets/admin/
Not Found: /ws/tickets/admin/
Not Found: /ws/tickets/admin/
Not Found: /ws/tickets/admin/
Not Found: /ws/tickets/admin/
Not Found: /ws/tickets/admin/
D:\Django_project\absharProject\admin_panel\forms.py changed, reloading.
Watching for file changes with StatReloader
Not Found: /ws/tickets/admin/
Not Found: /ws/tickets/admin/
Not Found: /ws/tickets/admin/
Not Found: /ws/tickets/admin/
Not Found: /ws/tickets/admin/
Not Found: /ws/tickets/admin/
Not Found: /ws/tickets/admin/
Not Found: /favicon.ico
Internal Server Error: /middle-admin-panel/fix-charge/10/notify/
Traceback (most recent call last):
  File "D:\Django_project\absharProject\.venv\Lib\site-packages\django\db\models\fields\__init__.py", line 2128, in get_prep_value
    return int(value)
           ^^^^^^^^^^
TypeError: int() argument must be a string, a bytes-like object or a real number, not 'SimpleLazyObject'

The above exception was the direct cause of the following exception:

Traceback (most recent call last):
  File "D:\Django_project\absharProject\.venv\Lib\site-packages\django\core\handlers\exception.py", line 55, in inner
    response = get_response(request)
               ^^^^^^^^^^^^^^^^^^^^^
  File "D:\Django_project\absharProject\.venv\Lib\site-packages\django\core\handlers\base.py", line 197, in _get_response
    response = wrapped_callback(request, *callback_args, **callback_kwargs)
               ^^^^^^^^^^^^^^^^^^^^^^^^^^^^^^^^^^^^^^^^^^^^^^^^^^^^^^^^^^^^
  File "D:\Django_project\absharProject\middleAdmin_panel\views.py", line 3953, in middle_fix_charge_notification_view
    charge = get_object_or_404(FixCharge, id=pk, user=request.user)
             ^^^^^^^^^^^^^^^^^^^^^^^^^^^^^^^^^^^^^^^^^^^^^^^^^^^^^^
  File "D:\Django_project\absharProject\.venv\Lib\site-packages\django\shortcuts.py", line 90, in get_object_or_404
    return queryset.get(*args, **kwargs)
           ^^^^^^^^^^^^^^^^^^^^^^^^^^^^^
  File "D:\Django_project\absharProject\.venv\Lib\site-packages\django\db\models\query.py", line 619, in get
    clone = self._chain() if self.query.combinator else self.filter(*args, **kwargs)
                                                        ^^^^^^^^^^^^^^^^^^^^^^^^^^^^
  File "D:\Django_project\absharProject\.venv\Lib\site-packages\django\db\models\query.py", line 1481, in filter
    return self._filter_or_exclude(False, args, kwargs)
           ^^^^^^^^^^^^^^^^^^^^^^^^^^^^^^^^^^^^^^^^^^^^
  File "D:\Django_project\absharProject\.venv\Lib\site-packages\django\db\models\query.py", line 1499, in _filter_or_exclude
    clone._filter_or_exclude_inplace(negate, args, kwargs)
  File "D:\Django_project\absharProject\.venv\Lib\site-packages\django\db\models\query.py", line 1506, in _filter_or_exclude_inplace
    self._query.add_q(Q(*args, **kwargs))
  File "D:\Django_project\absharProject\.venv\Lib\site-packages\django\db\models\sql\query.py", line 1643, in add_q
    clause, _ = self._add_q(q_object, can_reuse)
                ^^^^^^^^^^^^^^^^^^^^^^^^^^^^^^^^
  File "D:\Django_project\absharProject\.venv\Lib\site-packages\django\db\models\sql\query.py", line 1675, in _add_q
    child_clause, needed_inner = self.build_filter(
                                 ^^^^^^^^^^^^^^^^^^
  File "D:\Django_project\absharProject\.venv\Lib\site-packages\django\db\models\sql\query.py", line 1585, in build_filter
    condition = self.build_lookup(lookups, col, value)
                ^^^^^^^^^^^^^^^^^^^^^^^^^^^^^^^^^^^^^^
  File "D:\Django_project\absharProject\.venv\Lib\site-packages\django\db\models\sql\query.py", line 1412, in build_lookup
    lookup = lookup_class(lhs, rhs)
             ^^^^^^^^^^^^^^^^^^^^^^
  File "D:\Django_project\absharProject\.venv\Lib\site-packages\django\db\models\lookups.py", line 38, in __init__
    self.rhs = self.get_prep_lookup()
               ^^^^^^^^^^^^^^^^^^^^^^
  File "D:\Django_project\absharProject\.venv\Lib\site-packages\django\db\models\fields\related_lookups.py", line 112, in get_prep_lookup
    self.rhs = target_field.get_prep_value(self.rhs)
               ^^^^^^^^^^^^^^^^^^^^^^^^^^^^^^^^^^^^^
  File "D:\Django_project\absharProject\.venv\Lib\site-packages\django\db\models\fields\__init__.py", line 2130, in get_prep_value
    raise e.__class__(
TypeError: Field 'id' expected a number but got <SimpleLazyObject: <django.contrib.auth.models.AnonymousUser object at 0x0000019A1D29F7A0>>.
Not Found: /ws/tickets/
Not Found: /ws/tickets/admin/
Not Found: /ws/tickets/
Not Found: /ws/tickets/admin/
Not Found: /ws/tickets/
Not Found: /ws/tickets/admin/
Not Found: /ws/tickets/
Not Found: /ws/tickets/admin/
Not Found: /ws/tickets/
Not Found: /ws/tickets/admin/
Not Found: /ws/tickets/
Not Found: /ws/tickets/admin/
Not Found: /ws/tickets/
Not Found: /ws/tickets/admin/
Not Found: /ws/tickets/admin/
Not Found: /ws/tickets/
Not Found: /ws/tickets/
Not Found: /ws/tickets/admin/
Not Found: /ws/tickets/
Not Found: /ws/tickets/admin/
Not Found: /ws/tickets/
Not Found: /ws/tickets/admin/
Not Found: /ws/tickets/
Not Found: /ws/tickets/admin/
Not Found: /ws/tickets/
Not Found: /ws/tickets/admin/
Not Found: /ws/tickets/
Not Found: /ws/tickets/admin/
Not Found: /ws/tickets/
Not Found: /ws/tickets/admin/
Not Found: /ws/tickets/
Not Found: /ws/tickets/admin/
Not Found: /ws/tickets/
Not Found: /ws/tickets/admin/
Not Found: /ws/tickets/
Not Found: /ws/tickets/admin/
Not Found: /ws/tickets/
Not Found: /ws/tickets/admin/
Not Found: /ws/tickets/
Not Found: /ws/tickets/admin/
Not Found: /ws/tickets/
Not Found: /ws/tickets/admin/
Not Found: /ws/tickets/
Not Found: /ws/tickets/admin/
Not Found: /ws/tickets/
Not Found: /ws/tickets/admin/
Not Found: /ws/tickets/
Not Found: /ws/tickets/admin/
Not Found: /ws/tickets/admin/
Not Found: /ws/tickets/
Not Found: /ws/tickets/
Not Found: /ws/tickets/admin/
Not Found: /ws/tickets/
Not Found: /ws/tickets/admin/
Not Found: /ws/tickets/admin/
Not Found: /ws/tickets/
Not Found: /ws/tickets/
Not Found: /ws/tickets/admin/
Not Found: /favicon.ico
Not Found: /ws/tickets/admin/
Not Found: /ws/tickets/admin/
Not Found: /ws/tickets/admin/
Not Found: /ws/tickets/admin/
Not Found: /ws/tickets/admin/
D:\Django_project\absharProject\admin_panel\forms.py changed, reloading.
Watching for file changes with StatReloader
Not Found: /ws/tickets/admin/
Not Found: /ws/tickets/admin/
Not Found: /ws/tickets/admin/
Watching for file changes with StatReloader
Not Found: /ws/tickets/admin/
Not Found: /ws/tickets/admin/
Not Found: /ws/tickets/admin/
Internal Server Error: /admin-panel/middle/edit/44/
Traceback (most recent call last):
  File "D:\Django_project\absharProject\.venv\Lib\site-packages\django\core\handlers\exception.py", line 55, in inner
    response = get_response(request)
               ^^^^^^^^^^^^^^^^^^^^^
  File "D:\Django_project\absharProject\.venv\Lib\site-packages\django\core\handlers\base.py", line 197, in _get_response
    response = wrapped_callback(request, *callback_args, **callback_kwargs)
               ^^^^^^^^^^^^^^^^^^^^^^^^^^^^^^^^^^^^^^^^^^^^^^^^^^^^^^^^^^^^
  File "D:\Django_project\absharProject\.venv\Lib\site-packages\django\views\generic\base.py", line 104, in view
    return self.dispatch(request, *args, **kwargs)
           ^^^^^^^^^^^^^^^^^^^^^^^^^^^^^^^^^^^^^^^
  File "D:\Django_project\absharProject\.venv\Lib\site-packages\django\utils\decorators.py", line 48, in _wrapper
    return bound_method(*args, **kwargs)
           ^^^^^^^^^^^^^^^^^^^^^^^^^^^^^
  File "D:\Django_project\absharProject\.venv\Lib\site-packages\django\contrib\auth\decorators.py", line 59, in _view_wrapper
    return view_func(request, *args, **kwargs)
           ^^^^^^^^^^^^^^^^^^^^^^^^^^^^^^^^^^^
  File "D:\Django_project\absharProject\.venv\Lib\site-packages\django\views\generic\base.py", line 143, in dispatch
    return handler(request, *args, **kwargs)
           ^^^^^^^^^^^^^^^^^^^^^^^^^^^^^^^^^
  File "D:\Django_project\absharProject\.venv\Lib\site-packages\django\views\generic\edit.py", line 206, in post
    return super().post(request, *args, **kwargs)
           ^^^^^^^^^^^^^^^^^^^^^^^^^^^^^^^^^^^^^^
  File "D:\Django_project\absharProject\.venv\Lib\site-packages\django\views\generic\edit.py", line 153, in post
    return self.form_invalid(form)
           ^^^^^^^^^^^^^^^^^^^^^^^
  File "D:\Django_project\absharProject\.venv\Lib\site-packages\django\views\generic\edit.py", line 67, in form_invalid
    return self.render_to_response(self.get_context_data(form=form))
                                   ^^^^^^^^^^^^^^^^^^^^^^^^^^^^^^^^
  File "D:\Django_project\absharProject\admin_panel\views.py", line 115, in get_context_data
    middle.charge_method_ids = list(middle.charge_methods.values_list('id', flat=True))
    ^^^^^^^^^^^^^^^^^^^^^^^^
AttributeError: property 'charge_method_ids' of 'User' object has no setter
Internal Server Error: /admin-panel/middle/edit/56/
Traceback (most recent call last):
  File "D:\Django_project\absharProject\.venv\Lib\site-packages\django\core\handlers\exception.py", line 55, in inner
    response = get_response(request)
               ^^^^^^^^^^^^^^^^^^^^^
  File "D:\Django_project\absharProject\.venv\Lib\site-packages\django\core\handlers\base.py", line 197, in _get_response
    response = wrapped_callback(request, *callback_args, **callback_kwargs)
               ^^^^^^^^^^^^^^^^^^^^^^^^^^^^^^^^^^^^^^^^^^^^^^^^^^^^^^^^^^^^
  File "D:\Django_project\absharProject\.venv\Lib\site-packages\django\views\generic\base.py", line 104, in view
    return self.dispatch(request, *args, **kwargs)
           ^^^^^^^^^^^^^^^^^^^^^^^^^^^^^^^^^^^^^^^
  File "D:\Django_project\absharProject\.venv\Lib\site-packages\django\utils\decorators.py", line 48, in _wrapper
    return bound_method(*args, **kwargs)
           ^^^^^^^^^^^^^^^^^^^^^^^^^^^^^
  File "D:\Django_project\absharProject\.venv\Lib\site-packages\django\contrib\auth\decorators.py", line 59, in _view_wrapper
    return view_func(request, *args, **kwargs)
           ^^^^^^^^^^^^^^^^^^^^^^^^^^^^^^^^^^^
  File "D:\Django_project\absharProject\.venv\Lib\site-packages\django\views\generic\base.py", line 143, in dispatch
    return handler(request, *args, **kwargs)
           ^^^^^^^^^^^^^^^^^^^^^^^^^^^^^^^^^
  File "D:\Django_project\absharProject\.venv\Lib\site-packages\django\views\generic\edit.py", line 206, in post
    return super().post(request, *args, **kwargs)
           ^^^^^^^^^^^^^^^^^^^^^^^^^^^^^^^^^^^^^^
  File "D:\Django_project\absharProject\.venv\Lib\site-packages\django\views\generic\edit.py", line 153, in post
    return self.form_invalid(form)
           ^^^^^^^^^^^^^^^^^^^^^^^
  File "D:\Django_project\absharProject\.venv\Lib\site-packages\django\views\generic\edit.py", line 67, in form_invalid
    return self.render_to_response(self.get_context_data(form=form))
                                   ^^^^^^^^^^^^^^^^^^^^^^^^^^^^^^^^
  File "D:\Django_project\absharProject\admin_panel\views.py", line 115, in get_context_data
    middle.charge_method_ids = list(middle.charge_methods.values_list('id', flat=True))
    ^^^^^^^^^^^^^^^^^^^^^^^^
AttributeError: property 'charge_method_ids' of 'User' object has no setter
D:\Django_project\absharProject\admin_panel\forms.py changed, reloading.
Watching for file changes with StatReloader
D:\Django_project\absharProject\admin_panel\forms.py changed, reloading.
Watching for file changes with StatReloader
D:\Django_project\absharProject\admin_panel\forms.py changed, reloading.
Watching for file changes with StatReloader
Not Found: /ws/tickets/admin/
Not Found: /ws/tickets/admin/
Not Found: /ws/tickets/admin/
Not Found: /ws/tickets/admin/
Not Found: /ws/tickets/admin/
Not Found: /ws/tickets/admin/
Not Found: /ws/tickets/admin/
Not Found: /ws/tickets/admin/
Not Found: /ws/tickets/admin/
Not Found: /ws/tickets/admin/
Not Found: /ws/tickets/admin/
Not Found: /ws/tickets/admin/
Not Found: /ws/tickets/admin/
Not Found: /ws/tickets/admin/
Not Found: /ws/tickets/admin/
Not Found: /ws/tickets/admin/
Not Found: /ws/tickets/admin/
Not Found: /ws/tickets/admin/
Not Found: /ws/tickets/admin/
Not Found: /ws/tickets/admin/
Not Found: /ws/tickets/admin/
D:\Django_project\absharProject\admin_panel\views.py changed, reloading.
Watching for file changes with StatReloader
Not Found: /ws/tickets/admin/
Not Found: /ws/tickets/admin/
Not Found: /ws/tickets/admin/
Not Found: /ws/tickets/admin/
Not Found: /ws/tickets/admin/
Not Found: /ws/tickets/admin/
Not Found: /ws/tickets/admin/
Not Found: /ws/tickets/admin/
Not Found: /ws/tickets/admin/
Not Found: /ws/tickets/admin/
Not Found: /ws/tickets/admin/
Not Found: /ws/tickets/admin/
Not Found: /ws/tickets/admin/
Not Found: /ws/tickets/admin/
Not Found: /favicon.ico
Not Found: /ws/tickets/
Not Found: /ws/tickets/admin/
D:\Django_project\absharProject\admin_panel\views.py changed, reloading.
Watching for file changes with StatReloader
Not Found: /ws/tickets/
Not Found: /ws/tickets/admin/
Not Found: /ws/tickets/
Not Found: /ws/tickets/admin/
Not Found: /ws/tickets/
Not Found: /ws/tickets/admin/
Not Found: /ws/tickets/
Not Found: /ws/tickets/admin/
Not Found: /ws/tickets/
Not Found: /ws/tickets/admin/
Not Found: /ws/tickets/
Not Found: /ws/tickets/admin/
Not Found: /ws/tickets/
Not Found: /ws/tickets/admin/
Not Found: /ws/tickets/
Not Found: /ws/tickets/admin/
D:\Django_project\absharProject\middleAdmin_panel\views.py changed, reloading.
Watching for file changes with StatReloader
D:\Django_project\absharProject\middleAdmin_panel\views.py changed, reloading.
Watching for file changes with StatReloader
Not Found: /ws/tickets/
Not Found: /ws/tickets/admin/
Not Found: /ws/tickets/
Not Found: /ws/tickets/admin/
Not Found: /ws/tickets/
Not Found: /ws/tickets/admin/
Not Found: /ws/tickets/
Not Found: /ws/tickets/admin/
Not Found: /ws/tickets/
Not Found: /ws/tickets/admin/
Not Found: /favicon.ico
Not Found: /ws/tickets/
Not Found: /ws/tickets/admin/
Not Found: /ws/tickets/
Not Found: /ws/tickets/admin/
D:\Django_project\absharProject\middleAdmin_panel\views.py changed, reloading.
Watching for file changes with StatReloader
D:\Django_project\absharProject\middleAdmin_panel\views.py changed, reloading.
Watching for file changes with StatReloader
Not Found: /ws/tickets/
Not Found: /ws/tickets/admin/
Not Found: /ws/tickets/
Not Found: /ws/tickets/admin/
Not Found: /ws/tickets/
Not Found: /ws/tickets/admin/
Not Found: /ws/tickets/
Not Found: /ws/tickets/admin/
Not Found: /ws/tickets/
Not Found: /ws/tickets/admin/
D:\Django_project\absharProject\middleAdmin_panel\views.py changed, reloading.
Watching for file changes with StatReloader
Not Found: /ws/tickets/
Not Found: /ws/tickets/admin/
Not Found: /ws/tickets/
Not Found: /ws/tickets/admin/
Not Found: /ws/tickets/
Not Found: /ws/tickets/admin/
Not Found: /ws/tickets/
Not Found: /ws/tickets/admin/
D:\Django_project\absharProject\middleAdmin_panel\views.py changed, reloading.
Watching for file changes with StatReloader
Not Found: /ws/tickets/
Not Found: /ws/tickets/admin/
D:\Django_project\absharProject\middleAdmin_panel\views.py changed, reloading.
Watching for file changes with StatReloader
Not Found: /ws/tickets/
Not Found: /ws/tickets/admin/
Not Found: /ws/tickets/
Internal Server Error: /user_dashboard/
Traceback (most recent call last):
  File "D:\Django_project\absharProject\.venv\Lib\site-packages\django\core\handlers\exception.py", line 55, in inner
    response = get_response(request)
               ^^^^^^^^^^^^^^^^^^^^^
  File "D:\Django_project\absharProject\.venv\Lib\site-packages\django\core\handlers\base.py", line 197, in _get_response
    response = wrapped_callback(request, *callback_args, **callback_kwargs)
               ^^^^^^^^^^^^^^^^^^^^^^^^^^^^^^^^^^^^^^^^^^^^^^^^^^^^^^^^^^^^
  File "D:\Django_project\absharProject\.venv\Lib\site-packages\django\contrib\auth\decorators.py", line 59, in _view_wrapper
    return view_func(request, *args, **kwargs)
           ^^^^^^^^^^^^^^^^^^^^^^^^^^^^^^^^^^^
  File "D:\Django_project\absharProject\user_app\views.py", line 326, in user_panel
    return render(request, 'partials/home_template.html', context)
           ^^^^^^^^^^^^^^^^^^^^^^^^^^^^^^^^^^^^^^^^^^^^^^^^^^^^^^^
  File "D:\Django_project\absharProject\.venv\Lib\site-packages\django\shortcuts.py", line 25, in render
    content = loader.render_to_string(template_name, context, request, using=using)
              ^^^^^^^^^^^^^^^^^^^^^^^^^^^^^^^^^^^^^^^^^^^^^^^^^^^^^^^^^^^^^^^^^^^^^
  File "D:\Django_project\absharProject\.venv\Lib\site-packages\django\template\loader.py", line 62, in render_to_string
    return template.render(context, request)
           ^^^^^^^^^^^^^^^^^^^^^^^^^^^^^^^^^
  File "D:\Django_project\absharProject\.venv\Lib\site-packages\django\template\backends\django.py", line 107, in render
    return self.template.render(context)
           ^^^^^^^^^^^^^^^^^^^^^^^^^^^^^
  File "D:\Django_project\absharProject\.venv\Lib\site-packages\django\template\base.py", line 171, in render
    return self._render(context)
           ^^^^^^^^^^^^^^^^^^^^^
  File "D:\Django_project\absharProject\.venv\Lib\site-packages\django\template\base.py", line 163, in _render
    return self.nodelist.render(context)
           ^^^^^^^^^^^^^^^^^^^^^^^^^^^^^
  File "D:\Django_project\absharProject\.venv\Lib\site-packages\django\template\base.py", line 1016, in render
    return SafeString("".join([node.render_annotated(context) for node in self]))
                               ^^^^^^^^^^^^^^^^^^^^^^^^^^^^^^
  File "D:\Django_project\absharProject\.venv\Lib\site-packages\django\template\base.py", line 977, in render_annotated
    return self.render(context)
           ^^^^^^^^^^^^^^^^^^^^
  File "D:\Django_project\absharProject\.venv\Lib\site-packages\django\template\loader_tags.py", line 159, in render
    return compiled_parent._render(context)
           ^^^^^^^^^^^^^^^^^^^^^^^^^^^^^^^^
  File "D:\Django_project\absharProject\.venv\Lib\site-packages\django\template\base.py", line 163, in _render
    return self.nodelist.render(context)
           ^^^^^^^^^^^^^^^^^^^^^^^^^^^^^
  File "D:\Django_project\absharProject\.venv\Lib\site-packages\django\template\base.py", line 1016, in render
    return SafeString("".join([node.render_annotated(context) for node in self]))
                               ^^^^^^^^^^^^^^^^^^^^^^^^^^^^^^
  File "D:\Django_project\absharProject\.venv\Lib\site-packages\django\template\base.py", line 977, in render_annotated
    return self.render(context)
           ^^^^^^^^^^^^^^^^^^^^
  File "D:\Django_project\absharProject\.venv\Lib\site-packages\django\template\loader_tags.py", line 210, in render
    return template.render(context)
           ^^^^^^^^^^^^^^^^^^^^^^^^
  File "D:\Django_project\absharProject\.venv\Lib\site-packages\django\template\base.py", line 173, in render
    return self._render(context)
           ^^^^^^^^^^^^^^^^^^^^^
  File "D:\Django_project\absharProject\.venv\Lib\site-packages\django\template\base.py", line 163, in _render
    return self.nodelist.render(context)
           ^^^^^^^^^^^^^^^^^^^^^^^^^^^^^
  File "D:\Django_project\absharProject\.venv\Lib\site-packages\django\template\base.py", line 1016, in render
    return SafeString("".join([node.render_annotated(context) for node in self]))
                               ^^^^^^^^^^^^^^^^^^^^^^^^^^^^^^
  File "D:\Django_project\absharProject\.venv\Lib\site-packages\django\template\base.py", line 977, in render_annotated
    return self.render(context)
           ^^^^^^^^^^^^^^^^^^^^
  File "D:\Django_project\absharProject\.venv\Lib\site-packages\django\template\defaulttags.py", line 327, in render
    return nodelist.render(context)
           ^^^^^^^^^^^^^^^^^^^^^^^^
  File "D:\Django_project\absharProject\.venv\Lib\site-packages\django\template\base.py", line 1016, in render
    return SafeString("".join([node.render_annotated(context) for node in self]))
                               ^^^^^^^^^^^^^^^^^^^^^^^^^^^^^^
  File "D:\Django_project\absharProject\.venv\Lib\site-packages\django\template\base.py", line 977, in render_annotated
    return self.render(context)
           ^^^^^^^^^^^^^^^^^^^^
  File "D:\Django_project\absharProject\.venv\Lib\site-packages\django\template\defaulttags.py", line 480, in render
    url = reverse(view_name, args=args, kwargs=kwargs, current_app=current_app)
          ^^^^^^^^^^^^^^^^^^^^^^^^^^^^^^^^^^^^^^^^^^^^^^^^^^^^^^^^^^^^^^^^^^^^^
  File "D:\Django_project\absharProject\.venv\Lib\site-packages\django\urls\base.py", line 98, in reverse
    resolved_url = resolver._reverse_with_prefix(view, prefix, *args, **kwargs)
                   ^^^^^^^^^^^^^^^^^^^^^^^^^^^^^^^^^^^^^^^^^^^^^^^^^^^^^^^^^^^^
  File "D:\Django_project\absharProject\.venv\Lib\site-packages\django\urls\resolvers.py", line 831, in _reverse_with_prefix
    raise NoReverseMatch(msg)
django.urls.exceptions.NoReverseMatch: Reverse for 'switch_to_manager' not found. 'switch_to_manager' is not a valid view function or pattern name.
D:\Django_project\absharProject\user_app\views.py changed, reloading.
Watching for file changes with StatReloader
Not Found: /ws/tickets/
Not Found: /ws/tickets/
Not Found: /ws/tickets/admin/
Not Found: /ws/tickets/
Not Found: /ws/tickets/
Not Found: /ws/tickets/admin/
Not Found: /ws/tickets/
Not Found: /ws/tickets/
Not Found: /ws/tickets/
Not Found: /ws/tickets/
Not Found: /ws/tickets/
Not Found: /ws/tickets/
Not Found: /ws/tickets/
Not Found: /ws/tickets/
D:\Django_project\absharProject\absharProject\context_processors.py changed, reloading.
Watching for file changes with StatReloader
Not Found: /ws/tickets/
Not Found: /ws/tickets/
D:\Django_project\absharProject\absharProject\context_processors.py changed, reloading.
Watching for file changes with StatReloader
Not Found: /ws/tickets/
Not Found: /ws/tickets/admin/
Not Found: /ws/tickets/
Not Found: /ws/tickets/
Not Found: /ws/tickets/admin/
Not Found: /ws/tickets/
Not Found: /ws/tickets/
Not Found: /ws/tickets/
Not Found: /ws/tickets/
D:\Django_project\absharProject\absharProject\context_processors.py changed, reloading.
Watching for file changes with StatReloader
Internal Server Error: /user-announce/
Traceback (most recent call last):
  File "D:\Django_project\absharProject\.venv\Lib\site-packages\django\core\handlers\exception.py", line 55, in inner
    response = get_response(request)
               ^^^^^^^^^^^^^^^^^^^^^
  File "D:\Django_project\absharProject\.venv\Lib\site-packages\django\core\handlers\base.py", line 220, in _get_response
    response = response.render()
               ^^^^^^^^^^^^^^^^^
  File "D:\Django_project\absharProject\.venv\Lib\site-packages\django\template\response.py", line 114, in render
    self.content = self.rendered_content
                   ^^^^^^^^^^^^^^^^^^^^^
  File "D:\Django_project\absharProject\.venv\Lib\site-packages\django\template\response.py", line 92, in rendered_content
    return template.render(context, self._request)
           ^^^^^^^^^^^^^^^^^^^^^^^^^^^^^^^^^^^^^^^
  File "D:\Django_project\absharProject\.venv\Lib\site-packages\django\template\backends\django.py", line 107, in render
    return self.template.render(context)
           ^^^^^^^^^^^^^^^^^^^^^^^^^^^^^
  File "D:\Django_project\absharProject\.venv\Lib\site-packages\django\template\base.py", line 169, in render
    with context.bind_template(self):
  File "C:\Program Files\Python312\Lib\contextlib.py", line 137, in __enter__
    return next(self.gen)
           ^^^^^^^^^^^^^^
  File "D:\Django_project\absharProject\.venv\Lib\site-packages\django\template\context.py", line 259, in bind_template
    context = processor(self.request)
              ^^^^^^^^^^^^^^^^^^^^^^^
  File "D:\Django_project\absharProject\absharProject\context_processors.py", line 85, in user_header_notifications
    'marquee_announcements': marquee_announcements,
                             ^^^^^^^^^^^^^^^^^^^^^
UnboundLocalError: cannot access local variable 'marquee_announcements' where it is not associated with a value
Not Found: /favicon.ico
D:\Django_project\absharProject\absharProject\context_processors.py changed, reloading.
Watching for file changes with StatReloader
Not Found: /ws/tickets/
D:\Django_project\absharProject\user_app\views.py changed, reloading.
Watching for file changes with StatReloader
Not Found: /ws/tickets/
Not Found: /ws/tickets/
Not Found: /ws/tickets/
Not Found: /ws/tickets/admin/
Not Found: /ws/tickets/
Not Found: /ws/tickets/admin/
Not Found: /ws/tickets/
Not Found: /ws/tickets/admin/
Not Found: /ws/tickets/
Not Found: /ws/tickets/admin/
Not Found: /ws/tickets/
Not Found: /ws/tickets/admin/
Not Found: /ws/tickets/
Not Found: /ws/tickets/admin/
Not Found: /ws/tickets/admin/
Not Found: /ws/tickets/
Not Found: /ws/tickets/
Not Found: /ws/tickets/
Not Found: /ws/tickets/
Not Found: /ws/tickets/admin/
Not Found: /ws/tickets/admin/
Not Found: /ws/tickets/admin/
Not Found: /ws/tickets/
D:\Django_project\absharProject\middleAdmin_panel\views.py changed, reloading.
Watching for file changes with StatReloader
D:\Django_project\absharProject\middleAdmin_panel\views.py changed, reloading.
Watching for file changes with StatReloader
Not Found: /ws/tickets/
Not Found: /ws/tickets/admin/
Not Found: /ws/tickets/
Not Found: /ws/tickets/admin/
Not Found: /ws/tickets/
Not Found: /ws/tickets/admin/
Not Found: /ws/tickets/
Not Found: /ws/tickets/admin/
Not Found: /ws/tickets/
Not Found: /ws/tickets/admin/
Not Found: /ws/tickets/
Not Found: /ws/tickets/admin/
Not Found: /ws/tickets/
Not Found: /ws/tickets/admin/
D:\Django_project\absharProject\middleAdmin_panel\views.py changed, reloading.
Watching for file changes with StatReloader
D:\Django_project\absharProject\middleAdmin_panel\views.py changed, reloading.
Watching for file changes with StatReloader
Not Found: /ws/tickets/
Not Found: /ws/tickets/admin/
Not Found: /ws/tickets/
Not Found: /ws/tickets/admin/
Not Found: /ws/tickets/
Not Found: /ws/tickets/admin/
Not Found: /ws/tickets/admin/
Not Found: /ws/tickets/
Not Found: /ws/tickets/
Not Found: /ws/tickets/admin/
Not Found: /ws/tickets/
Not Found: /ws/tickets/admin/
Not Found: /ws/tickets/
Not Found: /ws/tickets/admin/
Not Found: /ws/tickets/
Not Found: /ws/tickets/admin/
Not Found: /ws/tickets/
Not Found: /ws/tickets/admin/
Not Found: /ws/tickets/
Not Found: /ws/tickets/admin/
D:\Django_project\absharProject\middleAdmin_panel\views.py changed, reloading.
Watching for file changes with StatReloader
D:\Django_project\absharProject\middleAdmin_panel\views.py changed, reloading.
Watching for file changes with StatReloader
Not Found: /ws/tickets/
Not Found: /ws/tickets/admin/
Not Found: /ws/tickets/
Not Found: /ws/tickets/admin/
D:\Django_project\absharProject\middleAdmin_panel\views.py changed, reloading.
Watching for file changes with StatReloader
Not Found: /ws/tickets/
Not Found: /ws/tickets/admin/
D:\Django_project\absharProject\middleAdmin_panel\views.py changed, reloading.
Watching for file changes with StatReloader
Internal Server Error: /middle-admin-panel/fix-charge/11/notify/
Traceback (most recent call last):
  File "D:\Django_project\absharProject\.venv\Lib\site-packages\django\core\handlers\exception.py", line 55, in inner
    response = get_response(request)
               ^^^^^^^^^^^^^^^^^^^^^
  File "D:\Django_project\absharProject\.venv\Lib\site-packages\django\core\handlers\base.py", line 197, in _get_response
    response = wrapped_callback(request, *callback_args, **callback_kwargs)
               ^^^^^^^^^^^^^^^^^^^^^^^^^^^^^^^^^^^^^^^^^^^^^^^^^^^^^^^^^^^^
  File "D:\Django_project\absharProject\middleAdmin_panel\views.py", line 3955, in middle_fix_charge_notification_view
    units = Unit.objects.filter(is_active=True, user__in=managed_units) | manager_units
            ^^^^^^^^^^^^^^^^^^^^^^^^^^^^^^^^^^^^^^^^^^^^^^^^^^^^^^^^^^^
  File "D:\Django_project\absharProject\.venv\Lib\site-packages\django\db\models\manager.py", line 87, in manager_method
    return getattr(self.get_queryset(), name)(*args, **kwargs)
           ^^^^^^^^^^^^^^^^^^^^^^^^^^^^^^^^^^^^^^^^^^^^^^^^^^^
  File "D:\Django_project\absharProject\.venv\Lib\site-packages\django\db\models\query.py", line 1481, in filter
    return self._filter_or_exclude(False, args, kwargs)
           ^^^^^^^^^^^^^^^^^^^^^^^^^^^^^^^^^^^^^^^^^^^^
  File "D:\Django_project\absharProject\.venv\Lib\site-packages\django\db\models\query.py", line 1499, in _filter_or_exclude
    clone._filter_or_exclude_inplace(negate, args, kwargs)
  File "D:\Django_project\absharProject\.venv\Lib\site-packages\django\db\models\query.py", line 1506, in _filter_or_exclude_inplace
    self._query.add_q(Q(*args, **kwargs))
  File "D:\Django_project\absharProject\.venv\Lib\site-packages\django\db\models\sql\query.py", line 1643, in add_q
    clause, _ = self._add_q(q_object, can_reuse)
                ^^^^^^^^^^^^^^^^^^^^^^^^^^^^^^^^
  File "D:\Django_project\absharProject\.venv\Lib\site-packages\django\db\models\sql\query.py", line 1675, in _add_q
    child_clause, needed_inner = self.build_filter(
                                 ^^^^^^^^^^^^^^^^^^
  File "D:\Django_project\absharProject\.venv\Lib\site-packages\django\db\models\sql\query.py", line 1560, in build_filter
    self.check_related_objects(join_info.final_field, value, join_info.opts)
  File "D:\Django_project\absharProject\.venv\Lib\site-packages\django\db\models\sql\query.py", line 1364, in check_related_objects
    raise ValueError(
ValueError: Cannot use QuerySet for "Unit": Use a QuerySet for "User".
D:\Django_project\absharProject\middleAdmin_panel\views.py changed, reloading.
Watching for file changes with StatReloader
Internal Server Error: /middle-admin-panel/fix-charge/11/notify/
Traceback (most recent call last):
  File "D:\Django_project\absharProject\.venv\Lib\site-packages\django\core\handlers\exception.py", line 55, in inner
    response = get_response(request)
               ^^^^^^^^^^^^^^^^^^^^^
  File "D:\Django_project\absharProject\.venv\Lib\site-packages\django\core\handlers\base.py", line 197, in _get_response
    response = wrapped_callback(request, *callback_args, **callback_kwargs)
               ^^^^^^^^^^^^^^^^^^^^^^^^^^^^^^^^^^^^^^^^^^^^^^^^^^^^^^^^^^^^
  File "D:\Django_project\absharProject\middleAdmin_panel\views.py", line 3955, in middle_fix_charge_notification_view
    units = Unit.objects.filter(is_active=True, managed_units=managed_units) | manager_units
            ^^^^^^^^^^^^^^^^^^^^^^^^^^^^^^^^^^^^^^^^^^^^^^^^^^^^^^^^^^^^^^^^
  File "D:\Django_project\absharProject\.venv\Lib\site-packages\django\db\models\manager.py", line 87, in manager_method
    return getattr(self.get_queryset(), name)(*args, **kwargs)
           ^^^^^^^^^^^^^^^^^^^^^^^^^^^^^^^^^^^^^^^^^^^^^^^^^^^
  File "D:\Django_project\absharProject\.venv\Lib\site-packages\django\db\models\query.py", line 1481, in filter
    return self._filter_or_exclude(False, args, kwargs)
           ^^^^^^^^^^^^^^^^^^^^^^^^^^^^^^^^^^^^^^^^^^^^
  File "D:\Django_project\absharProject\.venv\Lib\site-packages\django\db\models\query.py", line 1499, in _filter_or_exclude
    clone._filter_or_exclude_inplace(negate, args, kwargs)
  File "D:\Django_project\absharProject\.venv\Lib\site-packages\django\db\models\query.py", line 1506, in _filter_or_exclude_inplace
    self._query.add_q(Q(*args, **kwargs))
  File "D:\Django_project\absharProject\.venv\Lib\site-packages\django\db\models\sql\query.py", line 1643, in add_q
    clause, _ = self._add_q(q_object, can_reuse)
                ^^^^^^^^^^^^^^^^^^^^^^^^^^^^^^^^
  File "D:\Django_project\absharProject\.venv\Lib\site-packages\django\db\models\sql\query.py", line 1675, in _add_q
    child_clause, needed_inner = self.build_filter(
                                 ^^^^^^^^^^^^^^^^^^
  File "D:\Django_project\absharProject\.venv\Lib\site-packages\django\db\models\sql\query.py", line 1523, in build_filter
    lookups, parts, reffed_expression = self.solve_lookup_type(arg, summarize)
                                        ^^^^^^^^^^^^^^^^^^^^^^^^^^^^^^^^^^^^^^
  File "D:\Django_project\absharProject\.venv\Lib\site-packages\django\db\models\sql\query.py", line 1330, in solve_lookup_type
    _, field, _, lookup_parts = self.names_to_path(lookup_splitted, self.get_meta())
                                ^^^^^^^^^^^^^^^^^^^^^^^^^^^^^^^^^^^^^^^^^^^^^^^^^^^^
  File "D:\Django_project\absharProject\.venv\Lib\site-packages\django\db\models\sql\query.py", line 1802, in names_to_path
    raise FieldError(
django.core.exceptions.FieldError: Cannot resolve keyword 'managed_units' into field. Choices are: area, bedrooms_count, created_at, expense, extra_parking_first, extra_parking_second, first_charge_owner, floor_number, fund, id, income, is_active, is_renter, messagereadstatus, myhouse, myhouse_id, notified_messages, owner_bank, owner_bank_id, owner_details, owner_mobile, owner_name, owner_national_code, owner_payment_date, owner_people_count, owner_transaction_no, parking_count, parking_counts, parking_number, parking_place, paymoney, people_count, purchase_date, receivemoney, renters, residence_histories, sms_unit, smsmanagement, status_residence, unified_charges, unit, unit_details, unit_phone, user, user_id, userpaymoney
D:\Django_project\absharProject\middleAdmin_panel\views.py changed, reloading.
Watching for file changes with StatReloader
Internal Server Error: /middle-admin-panel/fix-charge/11/notify/
Traceback (most recent call last):
  File "D:\Django_project\absharProject\.venv\Lib\site-packages\django\core\handlers\exception.py", line 55, in inner
    response = get_response(request)
               ^^^^^^^^^^^^^^^^^^^^^
  File "D:\Django_project\absharProject\.venv\Lib\site-packages\django\core\handlers\base.py", line 197, in _get_response
    response = wrapped_callback(request, *callback_args, **callback_kwargs)
               ^^^^^^^^^^^^^^^^^^^^^^^^^^^^^^^^^^^^^^^^^^^^^^^^^^^^^^^^^^^^
  File "D:\Django_project\absharProject\middleAdmin_panel\views.py", line 3955, in middle_fix_charge_notification_view
    units = Unit.objects.filter(is_active=True, user=managed_units) | manager_units
            ^^^^^^^^^^^^^^^^^^^^^^^^^^^^^^^^^^^^^^^^^^^^^^^^^^^^^^^
  File "D:\Django_project\absharProject\.venv\Lib\site-packages\django\db\models\manager.py", line 87, in manager_method
    return getattr(self.get_queryset(), name)(*args, **kwargs)
           ^^^^^^^^^^^^^^^^^^^^^^^^^^^^^^^^^^^^^^^^^^^^^^^^^^^
  File "D:\Django_project\absharProject\.venv\Lib\site-packages\django\db\models\query.py", line 1481, in filter
    return self._filter_or_exclude(False, args, kwargs)
           ^^^^^^^^^^^^^^^^^^^^^^^^^^^^^^^^^^^^^^^^^^^^
  File "D:\Django_project\absharProject\.venv\Lib\site-packages\django\db\models\query.py", line 1499, in _filter_or_exclude
    clone._filter_or_exclude_inplace(negate, args, kwargs)
  File "D:\Django_project\absharProject\.venv\Lib\site-packages\django\db\models\query.py", line 1506, in _filter_or_exclude_inplace
    self._query.add_q(Q(*args, **kwargs))
  File "D:\Django_project\absharProject\.venv\Lib\site-packages\django\db\models\sql\query.py", line 1643, in add_q
    clause, _ = self._add_q(q_object, can_reuse)
                ^^^^^^^^^^^^^^^^^^^^^^^^^^^^^^^^
  File "D:\Django_project\absharProject\.venv\Lib\site-packages\django\db\models\sql\query.py", line 1675, in _add_q
    child_clause, needed_inner = self.build_filter(
                                 ^^^^^^^^^^^^^^^^^^
  File "D:\Django_project\absharProject\.venv\Lib\site-packages\django\db\models\sql\query.py", line 1560, in build_filter
    self.check_related_objects(join_info.final_field, value, join_info.opts)
  File "D:\Django_project\absharProject\.venv\Lib\site-packages\django\db\models\sql\query.py", line 1364, in check_related_objects
    raise ValueError(
ValueError: Cannot use QuerySet for "Unit": Use a QuerySet for "User".
D:\Django_project\absharProject\middleAdmin_panel\views.py changed, reloading.
Watching for file changes with StatReloader
D:\Django_project\absharProject\middleAdmin_panel\views.py changed, reloading.
Watching for file changes with StatReloader
Not Found: /ws/tickets/
Not Found: /ws/tickets/admin/
D:\Django_project\absharProject\middleAdmin_panel\views.py changed, reloading.
Watching for file changes with StatReloader
D:\Django_project\absharProject\middleAdmin_panel\views.py changed, reloading.
Watching for file changes with StatReloader
Internal Server Error: /middle-admin-panel/fix-charge/11/notify/
Traceback (most recent call last):
  File "D:\Django_project\absharProject\.venv\Lib\site-packages\django\core\handlers\exception.py", line 55, in inner
    response = get_response(request)
               ^^^^^^^^^^^^^^^^^^^^^
  File "D:\Django_project\absharProject\.venv\Lib\site-packages\django\core\handlers\base.py", line 197, in _get_response
    response = wrapped_callback(request, *callback_args, **callback_kwargs)
               ^^^^^^^^^^^^^^^^^^^^^^^^^^^^^^^^^^^^^^^^^^^^^^^^^^^^^^^^^^^^
  File "D:\Django_project\absharProject\middleAdmin_panel\views.py", line 3957, in middle_fix_charge_notification_view
    ).annotate(is_manager_unit=Value(True, output_field=BooleanField()))
                               ^^^^^
NameError: name 'Value' is not defined. Did you mean: 'False'?
D:\Django_project\absharProject\middleAdmin_panel\views.py changed, reloading.
Watching for file changes with StatReloader
Not Found: /ws/tickets/
Not Found: /ws/tickets/admin/
D:\Django_project\absharProject\middleAdmin_panel\views.py changed, reloading.
Watching for file changes with StatReloader
Not Found: /ws/tickets/
Not Found: /ws/tickets/admin/
Not Found: /ws/tickets/
Not Found: /ws/tickets/admin/
Not Found: /ws/tickets/
Not Found: /ws/tickets/
Not Found: /ws/tickets/admin/
Not Found: /ws/tickets/
Not Found: /ws/tickets/admin/
Not Found: /ws/tickets/
Not Found: /ws/tickets/admin/
Not Found: /ws/tickets/
Not Found: /ws/tickets/admin/
Not Found: /ws/tickets/
Not Found: /ws/tickets/admin/
Not Found: /ws/tickets/admin/
Not Found: /ws/tickets/
Not Found: /ws/tickets/
Not Found: /ws/tickets/admin/
Not Found: /ws/tickets/
Not Found: /ws/tickets/admin/
Not Found: /ws/tickets/
Not Found: /ws/tickets/admin/
D:\Django_project\absharProject\middleAdmin_panel\views.py changed, reloading.
Watching for file changes with StatReloader
Not Found: /ws/tickets/
Not Found: /ws/tickets/admin/
D:\Django_project\absharProject\middleAdmin_panel\views.py changed, reloading.
Watching for file changes with StatReloader
Not Found: /ws/tickets/
Not Found: /ws/tickets/admin/
Not Found: /ws/tickets/
Not Found: /ws/tickets/admin/
Not Found: /ws/tickets/
Not Found: /ws/tickets/admin/
Not Found: /ws/tickets/
Not Found: /ws/tickets/admin/
Not Found: /ws/tickets/
Not Found: /ws/tickets/admin/
Not Found: /ws/tickets/admin/
Not Found: /ws/tickets/
Not Found: /ws/tickets/
Not Found: /ws/tickets/admin/
Not Found: /ws/tickets/
Not Found: /ws/tickets/admin/
Not Found: /ws/tickets/admin/
Not Found: /ws/tickets/
Not Found: /ws/tickets/
Not Found: /ws/tickets/admin/
Not Found: /ws/tickets/
Not Found: /ws/tickets/admin/
Not Found: /ws/tickets/
Not Found: /ws/tickets/admin/
D:\Django_project\absharProject\middleAdmin_panel\views.py changed, reloading.
Watching for file changes with StatReloader
Internal Server Error: /middle-admin-panel/fix-charge/13/notify/
Traceback (most recent call last):
  File "D:\Django_project\absharProject\.venv\Lib\site-packages\django\db\models\query.py", line 946, in get_or_create
    return self.get(**kwargs), False
           ^^^^^^^^^^^^^^^^^^
  File "D:\Django_project\absharProject\.venv\Lib\site-packages\django\db\models\query.py", line 633, in get
    raise self.model.DoesNotExist(
admin_panel.models.UnifiedCharge.DoesNotExist: UnifiedCharge matching query does not exist.

During handling of the above exception, another exception occurred:

Traceback (most recent call last):
  File "D:\Django_project\absharProject\.venv\Lib\site-packages\django\db\backends\utils.py", line 105, in _execute
    return self.cursor.execute(sql, params)
           ^^^^^^^^^^^^^^^^^^^^^^^^^^^^^^^^
  File "D:\Django_project\absharProject\.venv\Lib\site-packages\django\db\backends\sqlite3\base.py", line 360, in execute
    return super().execute(query, params)
           ^^^^^^^^^^^^^^^^^^^^^^^^^^^^^^
sqlite3.IntegrityError: NOT NULL constraint failed: admin_panel_unifiedcharge.user_id

The above exception was the direct cause of the following exception:

Traceback (most recent call last):
  File "D:\Django_project\absharProject\.venv\Lib\site-packages\django\core\handlers\exception.py", line 55, in inner
    response = get_response(request)
               ^^^^^^^^^^^^^^^^^^^^^
  File "D:\Django_project\absharProject\.venv\Lib\site-packages\django\core\handlers\base.py", line 197, in _get_response
    response = wrapped_callback(request, *callback_args, **callback_kwargs)
               ^^^^^^^^^^^^^^^^^^^^^^^^^^^^^^^^^^^^^^^^^^^^^^^^^^^^^^^^^^^^
  File "D:\Django_project\absharProject\middleAdmin_panel\views.py", line 3963, in middle_fix_charge_notification_view
    UnifiedCharge.objects.get_or_create(
  File "D:\Django_project\absharProject\.venv\Lib\site-packages\django\db\models\manager.py", line 87, in manager_method
    return getattr(self.get_queryset(), name)(*args, **kwargs)
           ^^^^^^^^^^^^^^^^^^^^^^^^^^^^^^^^^^^^^^^^^^^^^^^^^^^
  File "D:\Django_project\absharProject\.venv\Lib\site-packages\django\db\models\query.py", line 953, in get_or_create
    return self.create(**params), True
           ^^^^^^^^^^^^^^^^^^^^^
  File "D:\Django_project\absharProject\.venv\Lib\site-packages\django\db\models\query.py", line 663, in create
    obj.save(force_insert=True, using=self.db)
  File "D:\Django_project\absharProject\.venv\Lib\site-packages\django\db\models\base.py", line 902, in save
    self.save_base(
  File "D:\Django_project\absharProject\.venv\Lib\site-packages\django\db\models\base.py", line 1008, in save_base
    updated = self._save_table(
              ^^^^^^^^^^^^^^^^^
  File "D:\Django_project\absharProject\.venv\Lib\site-packages\django\db\models\base.py", line 1169, in _save_table
    results = self._do_insert(
              ^^^^^^^^^^^^^^^^
  File "D:\Django_project\absharProject\.venv\Lib\site-packages\django\db\models\base.py", line 1210, in _do_insert
    return manager._insert(
           ^^^^^^^^^^^^^^^^
  File "D:\Django_project\absharProject\.venv\Lib\site-packages\django\db\models\manager.py", line 87, in manager_method
    return getattr(self.get_queryset(), name)(*args, **kwargs)
           ^^^^^^^^^^^^^^^^^^^^^^^^^^^^^^^^^^^^^^^^^^^^^^^^^^^
  File "D:\Django_project\absharProject\.venv\Lib\site-packages\django\db\models\query.py", line 1854, in _insert
    return query.get_compiler(using=using).execute_sql(returning_fields)
           ^^^^^^^^^^^^^^^^^^^^^^^^^^^^^^^^^^^^^^^^^^^^^^^^^^^^^^^^^^^^^
  File "D:\Django_project\absharProject\.venv\Lib\site-packages\django\db\models\sql\compiler.py", line 1881, in execute_sql
    cursor.execute(sql, params)
  File "D:\Django_project\absharProject\.venv\Lib\site-packages\django\db\backends\utils.py", line 122, in execute
    return super().execute(sql, params)
           ^^^^^^^^^^^^^^^^^^^^^^^^^^^^
  File "D:\Django_project\absharProject\.venv\Lib\site-packages\django\db\backends\utils.py", line 79, in execute
    return self._execute_with_wrappers(
           ^^^^^^^^^^^^^^^^^^^^^^^^^^^^
  File "D:\Django_project\absharProject\.venv\Lib\site-packages\django\db\backends\utils.py", line 92, in _execute_with_wrappers
    return executor(sql, params, many, context)
           ^^^^^^^^^^^^^^^^^^^^^^^^^^^^^^^^^^^^
  File "D:\Django_project\absharProject\.venv\Lib\site-packages\django\db\backends\utils.py", line 100, in _execute
    with self.db.wrap_database_errors:
  File "D:\Django_project\absharProject\.venv\Lib\site-packages\django\db\utils.py", line 91, in __exit__
    raise dj_exc_value.with_traceback(traceback) from exc_value
  File "D:\Django_project\absharProject\.venv\Lib\site-packages\django\db\backends\utils.py", line 105, in _execute
    return self.cursor.execute(sql, params)
           ^^^^^^^^^^^^^^^^^^^^^^^^^^^^^^^^
  File "D:\Django_project\absharProject\.venv\Lib\site-packages\django\db\backends\sqlite3\base.py", line 360, in execute
    return super().execute(query, params)
           ^^^^^^^^^^^^^^^^^^^^^^^^^^^^^^
django.db.utils.IntegrityError: NOT NULL constraint failed: admin_panel_unifiedcharge.user_id
Not Found: /ws/tickets/
Not Found: /ws/tickets/admin/
Not Found: /ws/tickets/
Not Found: /ws/tickets/admin/
Not Found: /ws/tickets/
Not Found: /ws/tickets/admin/
Internal Server Error: /middle-admin-panel/fix-charge/13/notify/
Traceback (most recent call last):
  File "D:\Django_project\absharProject\.venv\Lib\site-packages\django\db\models\query.py", line 946, in get_or_create
    return self.get(**kwargs), False
           ^^^^^^^^^^^^^^^^^^
  File "D:\Django_project\absharProject\.venv\Lib\site-packages\django\db\models\query.py", line 633, in get
    raise self.model.DoesNotExist(
admin_panel.models.UnifiedCharge.DoesNotExist: UnifiedCharge matching query does not exist.

During handling of the above exception, another exception occurred:

Traceback (most recent call last):
  File "D:\Django_project\absharProject\.venv\Lib\site-packages\django\db\backends\utils.py", line 105, in _execute
    return self.cursor.execute(sql, params)
           ^^^^^^^^^^^^^^^^^^^^^^^^^^^^^^^^
  File "D:\Django_project\absharProject\.venv\Lib\site-packages\django\db\backends\sqlite3\base.py", line 360, in execute
    return super().execute(query, params)
           ^^^^^^^^^^^^^^^^^^^^^^^^^^^^^^
sqlite3.IntegrityError: NOT NULL constraint failed: admin_panel_unifiedcharge.user_id

The above exception was the direct cause of the following exception:

Traceback (most recent call last):
  File "D:\Django_project\absharProject\.venv\Lib\site-packages\django\core\handlers\exception.py", line 55, in inner
    response = get_response(request)
               ^^^^^^^^^^^^^^^^^^^^^
  File "D:\Django_project\absharProject\.venv\Lib\site-packages\django\core\handlers\base.py", line 197, in _get_response
    response = wrapped_callback(request, *callback_args, **callback_kwargs)
               ^^^^^^^^^^^^^^^^^^^^^^^^^^^^^^^^^^^^^^^^^^^^^^^^^^^^^^^^^^^^
  File "D:\Django_project\absharProject\middleAdmin_panel\views.py", line 3963, in middle_fix_charge_notification_view
    UnifiedCharge.objects.get_or_create(
  File "D:\Django_project\absharProject\.venv\Lib\site-packages\django\db\models\manager.py", line 87, in manager_method
    return getattr(self.get_queryset(), name)(*args, **kwargs)
           ^^^^^^^^^^^^^^^^^^^^^^^^^^^^^^^^^^^^^^^^^^^^^^^^^^^
  File "D:\Django_project\absharProject\.venv\Lib\site-packages\django\db\models\query.py", line 953, in get_or_create
    return self.create(**params), True
           ^^^^^^^^^^^^^^^^^^^^^
  File "D:\Django_project\absharProject\.venv\Lib\site-packages\django\db\models\query.py", line 663, in create
    obj.save(force_insert=True, using=self.db)
  File "D:\Django_project\absharProject\.venv\Lib\site-packages\django\db\models\base.py", line 902, in save
    self.save_base(
  File "D:\Django_project\absharProject\.venv\Lib\site-packages\django\db\models\base.py", line 1008, in save_base
    updated = self._save_table(
              ^^^^^^^^^^^^^^^^^
  File "D:\Django_project\absharProject\.venv\Lib\site-packages\django\db\models\base.py", line 1169, in _save_table
    results = self._do_insert(
              ^^^^^^^^^^^^^^^^
  File "D:\Django_project\absharProject\.venv\Lib\site-packages\django\db\models\base.py", line 1210, in _do_insert
    return manager._insert(
           ^^^^^^^^^^^^^^^^
  File "D:\Django_project\absharProject\.venv\Lib\site-packages\django\db\models\manager.py", line 87, in manager_method
    return getattr(self.get_queryset(), name)(*args, **kwargs)
           ^^^^^^^^^^^^^^^^^^^^^^^^^^^^^^^^^^^^^^^^^^^^^^^^^^^
  File "D:\Django_project\absharProject\.venv\Lib\site-packages\django\db\models\query.py", line 1854, in _insert
    return query.get_compiler(using=using).execute_sql(returning_fields)
           ^^^^^^^^^^^^^^^^^^^^^^^^^^^^^^^^^^^^^^^^^^^^^^^^^^^^^^^^^^^^^
  File "D:\Django_project\absharProject\.venv\Lib\site-packages\django\db\models\sql\compiler.py", line 1881, in execute_sql
    cursor.execute(sql, params)
  File "D:\Django_project\absharProject\.venv\Lib\site-packages\django\db\backends\utils.py", line 122, in execute
    return super().execute(sql, params)
           ^^^^^^^^^^^^^^^^^^^^^^^^^^^^
  File "D:\Django_project\absharProject\.venv\Lib\site-packages\django\db\backends\utils.py", line 79, in execute
    return self._execute_with_wrappers(
           ^^^^^^^^^^^^^^^^^^^^^^^^^^^^
  File "D:\Django_project\absharProject\.venv\Lib\site-packages\django\db\backends\utils.py", line 92, in _execute_with_wrappers
    return executor(sql, params, many, context)
           ^^^^^^^^^^^^^^^^^^^^^^^^^^^^^^^^^^^^
  File "D:\Django_project\absharProject\.venv\Lib\site-packages\django\db\backends\utils.py", line 100, in _execute
    with self.db.wrap_database_errors:
  File "D:\Django_project\absharProject\.venv\Lib\site-packages\django\db\utils.py", line 91, in __exit__
    raise dj_exc_value.with_traceback(traceback) from exc_value
  File "D:\Django_project\absharProject\.venv\Lib\site-packages\django\db\backends\utils.py", line 105, in _execute
    return self.cursor.execute(sql, params)
           ^^^^^^^^^^^^^^^^^^^^^^^^^^^^^^^^
  File "D:\Django_project\absharProject\.venv\Lib\site-packages\django\db\backends\sqlite3\base.py", line 360, in execute
    return super().execute(query, params)
           ^^^^^^^^^^^^^^^^^^^^^^^^^^^^^^
django.db.utils.IntegrityError: NOT NULL constraint failed: admin_panel_unifiedcharge.user_id
D:\Django_project\absharProject\middleAdmin_panel\views.py changed, reloading.
Watching for file changes with StatReloader
Not Found: /ws/tickets/
Not Found: /ws/tickets/admin/
D:\Django_project\absharProject\middleAdmin_panel\views.py changed, reloading.
Watching for file changes with StatReloader
Not Found: /ws/tickets/
Not Found: /ws/tickets/admin/
Not Found: /ws/tickets/
Not Found: /ws/tickets/admin/
Not Found: /ws/tickets/
Not Found: /ws/tickets/admin/
Not Found: /ws/tickets/
Not Found: /ws/tickets/admin/
Not Found: /ws/tickets/
Not Found: /ws/tickets/admin/
Not Found: /ws/tickets/
Not Found: /ws/tickets/admin/
Not Found: /ws/tickets/
Not Found: /ws/tickets/admin/
D:\Django_project\absharProject\middleAdmin_panel\views.py changed, reloading.
Watching for file changes with StatReloader
Not Found: /ws/tickets/
Not Found: /ws/tickets/admin/
D:\Django_project\absharProject\middleAdmin_panel\views.py changed, reloading.
Watching for file changes with StatReloader
Not Found: /ws/tickets/
Not Found: /ws/tickets/admin/
Not Found: /ws/tickets/
Not Found: /ws/tickets/admin/
Not Found: /ws/tickets/
Not Found: /ws/tickets/admin/
Not Found: /ws/tickets/
Not Found: /ws/tickets/admin/
Not Found: /ws/tickets/
Not Found: /ws/tickets/admin/
D:\Django_project\absharProject\middleAdmin_panel\views.py changed, reloading.
Watching for file changes with StatReloader
Not Found: /ws/tickets/
Not Found: /ws/tickets/admin/
Not Found: /ws/tickets/
Not Found: /ws/tickets/admin/
D:\Django_project\absharProject\middleAdmin_panel\views.py changed, reloading.
Watching for file changes with StatReloader
Not Found: /ws/tickets/
Not Found: /ws/tickets/admin/
Not Found: /ws/tickets/
Not Found: /ws/tickets/admin/
Not Found: /ws/tickets/
Not Found: /ws/tickets/admin/
D:\Django_project\absharProject\middleAdmin_panel\views.py changed, reloading.
Watching for file changes with StatReloader
Not Found: /ws/tickets/
Not Found: /ws/tickets/admin/
Not Found: /ws/tickets/
Not Found: /ws/tickets/admin/
Not Found: /ws/tickets/
Not Found: /ws/tickets/admin/
Not Found: /ws/tickets/
Not Found: /ws/tickets/admin/
Not Found: /ws/tickets/admin/
Not Found: /ws/tickets/
Not Found: /ws/tickets/
Not Found: /ws/tickets/
Not Found: /ws/tickets/admin/
D:\Django_project\absharProject\middleAdmin_panel\views.py changed, reloading.
Watching for file changes with StatReloader
Not Found: /ws/tickets/
Not Found: /ws/tickets/admin/
Not Found: /ws/tickets/
D:\Django_project\absharProject\middleAdmin_panel\views.py changed, reloading.
Watching for file changes with StatReloader
Not Found: /ws/tickets/
Not Found: /ws/tickets/admin/
Not Found: /ws/tickets/
Not Found: /ws/tickets/admin/
Not Found: /ws/tickets/
Not Found: /ws/tickets/admin/
Not Found: /ws/tickets/
Not Found: /ws/tickets/admin/
Not Found: /ws/tickets/
Not Found: /ws/tickets/admin/
D:\Django_project\absharProject\middleAdmin_panel\views.py changed, reloading.
Watching for file changes with StatReloader
Not Found: /ws/tickets/
Not Found: /ws/tickets/admin/
Not Found: /ws/tickets/
Not Found: /ws/tickets/admin/
Not Found: /ws/tickets/
Not Found: /ws/tickets/admin/
Not Found: /ws/tickets/
Not Found: /ws/tickets/admin/
Not Found: /ws/tickets/
Not Found: /ws/tickets/admin/
Not Found: /ws/tickets/
Not Found: /ws/tickets/admin/
Not Found: /ws/tickets/
Not Found: /ws/tickets/admin/
Not Found: /ws/tickets/
Not Found: /ws/tickets/admin/
Not Found: /ws/tickets/
Not Found: /ws/tickets/admin/
Not Found: /ws/tickets/
Not Found: /ws/tickets/admin/
Not Found: /ws/tickets/admin/
Not Found: /ws/tickets/
Not Found: /ws/tickets/admin/
Not Found: /ws/tickets/
Not Found: /ws/tickets/
Not Found: /ws/tickets/admin/
Not Found: /ws/tickets/
Not Found: /ws/tickets/admin/
Not Found: /ws/tickets/
Not Found: /ws/tickets/admin/
Not Found: /ws/tickets/admin/
Not Found: /ws/tickets/
Not Found: /ws/tickets/
Not Found: /ws/tickets/admin/
Not Found: /ws/tickets/admin/
Not Found: /ws/tickets/
Not Found: /ws/tickets/
Not Found: /ws/tickets/admin/
Not Found: /ws/tickets/
Not Found: /ws/tickets/admin/
Not Found: /ws/tickets/
Not Found: /ws/tickets/admin/
Not Found: /ws/tickets/
Not Found: /ws/tickets/admin/
Not Found: /ws/tickets/
Not Found: /ws/tickets/admin/
Not Found: /ws/tickets/
Not Found: /ws/tickets/admin/
Not Found: /ws/tickets/
Not Found: /ws/tickets/admin/
Not Found: /ws/tickets/
Not Found: /ws/tickets/admin/
D:\Django_project\absharProject\middleAdmin_panel\views.py changed, reloading.
Watching for file changes with StatReloader
Not Found: /ws/tickets/
Not Found: /ws/tickets/admin/
Not Found: /ws/tickets/
Not Found: /ws/tickets/admin/
Not Found: /ws/tickets/
Not Found: /ws/tickets/admin/
Not Found: /ws/tickets/
Not Found: /ws/tickets/admin/
Not Found: /ws/tickets/
Not Found: /ws/tickets/admin/
D:\Django_project\absharProject\middleAdmin_panel\views.py changed, reloading.
Watching for file changes with StatReloader
Not Found: /ws/tickets/
Not Found: /ws/tickets/admin/
Not Found: /ws/tickets/
Not Found: /ws/tickets/admin/
Not Found: /ws/tickets/
Not Found: /ws/tickets/admin/
Not Found: /ws/tickets/
Not Found: /ws/tickets/admin/
Not Found: /ws/tickets/admin/
Not Found: /ws/tickets/
Not Found: /ws/tickets/
Not Found: /ws/tickets/admin/
Not Found: /ws/tickets/
Not Found: /ws/tickets/admin/
Not Found: /ws/tickets/
Not Found: /ws/tickets/admin/
Not Found: /ws/tickets/admin/
Not Found: /ws/tickets/
Not Found: /ws/tickets/admin/
Not Found: /ws/tickets/
Not Found: /ws/tickets/admin/
Not Found: /ws/tickets/
Not Found: /ws/tickets/
Not Found: /ws/tickets/admin/
D:\Django_project\absharProject\middleAdmin_panel\views.py changed, reloading.
Watching for file changes with StatReloader
Not Found: /ws/tickets/
Not Found: /ws/tickets/admin/
Not Found: /ws/tickets/
Not Found: /ws/tickets/admin/
Not Found: /ws/tickets/
Not Found: /ws/tickets/admin/
Not Found: /ws/tickets/admin/
Not Found: /ws/tickets/
Not Found: /ws/tickets/
Not Found: /ws/tickets/admin/
Not Found: /ws/tickets/
Not Found: /ws/tickets/admin/
Not Found: /ws/tickets/
Not Found: /ws/tickets/admin/
Not Found: /ws/tickets/
Not Found: /ws/tickets/admin/
D:\Django_project\absharProject\middleAdmin_panel\views.py changed, reloading.
Watching for file changes with StatReloader
Not Found: /favicon.ico
Not Found: /ws/tickets/admin/
Not Found: /ws/tickets/admin/
Not Found: /ws/tickets/admin/
Forbidden (CSRF token from POST incorrect.): /
Not Found: /ws/tickets/
Not Found: /ws/tickets/admin/
Not Found: /ws/tickets/
Not Found: /ws/tickets/admin/
Not Found: /ws/tickets/
Not Found: /ws/tickets/
Not Found: /ws/tickets/
Not Found: /ws/tickets/
Not Found: /ws/tickets/
D:\Django_project\absharProject\payment_app\views.py changed, reloading.
Watching for file changes with StatReloader
Not Found: /ws/tickets/
Not Found: /ws/tickets/
Not Found: /ws/tickets/
Not Found: /ws/tickets/
Not Found: /ws/tickets/
Not Found: /ws/tickets/
Not Found: /ws/tickets/
Not Found: /ws/tickets/
Not Found: /ws/tickets/
Not Found: /.well-known/appspecific/com.chrome.devtools.json
Not Found: /ws/tickets/
Not Found: /ws/tickets/
Not Found: /ws/tickets/
Not Found: /ws/tickets/
D:\Django_project\absharProject\user_app\views.py changed, reloading.
Watching for file changes with StatReloader
Not Found: /ws/tickets/
Not Found: /ws/tickets/
Not Found: /ws/tickets/
Not Found: /ws/tickets/
Not Found: /ws/tickets/
Not Found: /ws/tickets/
Not Found: /ws/tickets/
Not Found: /ws/tickets/
Not Found: /ws/tickets/
Not Found: /ws/tickets/
Not Found: /ws/tickets/
Not Found: /ws/tickets/
Not Found: /ws/tickets/
Not Found: /ws/tickets/admin/
Not Found: /ws/tickets/
Not Found: /ws/tickets/
Not Found: /ws/tickets/admin/
Not Found: /ws/tickets/
Not Found: /ws/tickets/admin/
Not Found: /ws/tickets/
Not Found: /ws/tickets/
Not Found: /ws/tickets/admin/
Not Found: /ws/tickets/
Not Found: /ws/tickets/admin/
D:\Django_project\absharProject\notifications\views.py changed, reloading.
Watching for file changes with StatReloader
Not Found: /ws/tickets/
Not Found: /ws/tickets/admin/
Not Found: /ws/tickets/
Not Found: /ws/tickets/admin/
D:\Django_project\absharProject\middleAdmin_panel\views.py changed, reloading.
Watching for file changes with StatReloader
D:\Django_project\absharProject\middleAdmin_panel\views.py changed, reloading.
Watching for file changes with StatReloader
Not Found: /ws/tickets/
Not Found: /ws/tickets/admin/
D:\Django_project\absharProject\middleAdmin_panel\views.py changed, reloading.
Watching for file changes with StatReloader
Not Found: /ws/tickets/
Not Found: /ws/tickets/admin/
D:\Django_project\absharProject\middleAdmin_panel\views.py changed, reloading.
Watching for file changes with StatReloader
Not Found: /ws/tickets/
Not Found: /ws/tickets/admin/
Not Found: /ws/tickets/
Not Found: /ws/tickets/admin/
D:\Django_project\absharProject\middleAdmin_panel\views.py changed, reloading.
Watching for file changes with StatReloader
Not Found: /ws/tickets/
Not Found: /ws/tickets/admin/
Not Found: /ws/tickets/
Not Found: /ws/tickets/admin/
Not Found: /ws/tickets/admin/
Not Found: /ws/tickets/
D:\Django_project\absharProject\middleAdmin_panel\views.py changed, reloading.
Watching for file changes with StatReloader
Not Found: /ws/tickets/
Not Found: /ws/tickets/admin/
Not Found: /ws/tickets/
Not Found: /ws/tickets/
Not Found: /ws/tickets/
Not Found: /ws/tickets/admin/
Not Found: /ws/tickets/
Not Found: /ws/tickets/
Not Found: /ws/tickets/
Not Found: /ws/tickets/
Not Found: /ws/tickets/
Not Found: /ws/tickets/admin/
Not Found: /ws/tickets/
D:\Django_project\absharProject\user_app\views.py changed, reloading.
Watching for file changes with StatReloader
Not Found: /ws/tickets/
D:\Django_project\absharProject\user_app\views.py changed, reloading.
Watching for file changes with StatReloader
Internal Server Error: /user_dashboard/
Traceback (most recent call last):
  File "D:\Django_project\absharProject\.venv\Lib\site-packages\django\core\handlers\exception.py", line 55, in inner
    response = get_response(request)
               ^^^^^^^^^^^^^^^^^^^^^
  File "D:\Django_project\absharProject\.venv\Lib\site-packages\django\core\handlers\base.py", line 197, in _get_response
    response = wrapped_callback(request, *callback_args, **callback_kwargs)
               ^^^^^^^^^^^^^^^^^^^^^^^^^^^^^^^^^^^^^^^^^^^^^^^^^^^^^^^^^^^^
  File "D:\Django_project\absharProject\.venv\Lib\site-packages\django\contrib\auth\decorators.py", line 59, in _view_wrapper
    return view_func(request, *args, **kwargs)
           ^^^^^^^^^^^^^^^^^^^^^^^^^^^^^^^^^^^
  File "D:\Django_project\absharProject\user_app\views.py", line 280, in user_panel
    tickets = SupportUser.objects.filter( Q(user=request.user) | Q(user__in=managed_users)).order_by('-created_at')[:5]
                                                                            ^^^^^^^^^^^^^
NameError: name 'managed_users' is not defined
D:\Django_project\absharProject\user_app\views.py changed, reloading.
Watching for file changes with StatReloader
Not Found: /ws/tickets/
Not Found: /ws/tickets/
Not Found: /ws/tickets/
Not Found: /ws/tickets/
Not Found: /ws/tickets/
Not Found: /ws/tickets/
Not Found: /ws/tickets/admin/
Not Found: /ws/tickets/
Not Found: /ws/tickets/admin/
Not Found: /ws/tickets/
Not Found: /ws/tickets/admin/
Not Found: /ws/tickets/admin/
Not Found: /ws/tickets/
Not Found: /ws/tickets/
Not Found: /ws/tickets/admin/
Not Found: /ws/tickets/
Not Found: /ws/tickets/admin/
D:\Django_project\absharProject\notifications\views.py changed, reloading.
Watching for file changes with StatReloader
Not Found: /ws/tickets/
Not Found: /ws/tickets/admin/
Not Found: /ws/tickets/
Not Found: /ws/tickets/admin/
Not Found: /ws/tickets/
Not Found: /ws/tickets/admin/
Not Found: /ws/tickets/
Not Found: /ws/tickets/admin/
Not Found: /ws/tickets/
Not Found: /ws/tickets/admin/
Not Found: /ws/tickets/
Not Found: /ws/tickets/admin/
Not Found: /ws/tickets/
Not Found: /ws/tickets/admin/
D:\Django_project\absharProject\notifications\views.py changed, reloading.
Watching for file changes with StatReloader
Not Found: /ws/tickets/
Not Found: /ws/tickets/admin/
Not Found: /ws/tickets/
Not Found: /ws/tickets/admin/
D:\Django_project\absharProject\notifications\views.py changed, reloading.
Watching for file changes with StatReloader
Not Found: /ws/tickets/
Not Found: /ws/tickets/admin/
Not Found: /ws/tickets/
Not Found: /ws/tickets/admin/
Not Found: /ws/tickets/
Not Found: /ws/tickets/admin/
Not Found: /ws/tickets/
Not Found: /ws/tickets/admin/
D:\Django_project\absharProject\payment_app\views.py changed, reloading.
Watching for file changes with StatReloader
Not Found: /ws/tickets/
Not Found: /ws/tickets/admin/
Not Found: /ws/tickets/
Not Found: /ws/tickets/admin/
Not Found: /ws/tickets/
Not Found: /ws/tickets/admin/
Not Found: /ws/tickets/
Not Found: /ws/tickets/admin/
Not Found: /ws/tickets/
Not Found: /ws/tickets/admin/
Not Found: /ws/tickets/
Not Found: /ws/tickets/admin/
Not Found: /ws/tickets/admin/
Not Found: /ws/tickets/
Not Found: /ws/tickets/
Not Found: /ws/tickets/admin/
Not Found: /ws/tickets/admin/
Not Found: /ws/tickets/
Not Found: /ws/tickets/admin/
Not Found: /ws/tickets/
Not Found: /ws/tickets/admin/
Not Found: /ws/tickets/
Not Found: /ws/tickets/admin/
Not Found: /ws/tickets/
Not Found: /ws/tickets/admin/
Not Found: /ws/tickets/
D:\Django_project\absharProject\middleAdmin_panel\services\unit_services.py changed, reloading.
Watching for file changes with StatReloader
Not Found: /ws/tickets/
Not Found: /ws/tickets/admin/
Not Found: /ws/tickets/
Not Found: /ws/tickets/admin/
Not Found: /ws/tickets/admin/
Not Found: /ws/tickets/
Not Found: /ws/tickets/admin/
Not Found: /ws/tickets/
Not Found: /ws/tickets/
Not Found: /ws/tickets/admin/
Not Found: /ws/tickets/
Not Found: /ws/tickets/admin/
Not Found: /ws/tickets/
Not Found: /ws/tickets/admin/
Not Found: /ws/tickets/
Not Found: /ws/tickets/admin/
Not Found: /ws/tickets/admin/
Not Found: /ws/tickets/
Not Found: /ws/tickets/
Not Found: /ws/tickets/admin/
Not Found: /ws/tickets/admin/
Not Found: /ws/tickets/
Not Found: /ws/tickets/admin/
Not Found: /ws/tickets/
Not Found: /ws/tickets/
Not Found: /ws/tickets/
Not Found: /ws/tickets/admin/
Not Found: /ws/tickets/
Not Found: /ws/tickets/admin/
D:\Django_project\absharProject\middleAdmin_panel\services\unit_services.py changed, reloading.
Watching for file changes with StatReloader
Not Found: /ws/tickets/
Not Found: /ws/tickets/admin/
Not Found: /ws/tickets/
Not Found: /ws/tickets/admin/
Not Found: /ws/tickets/
Not Found: /ws/tickets/
Not Found: /ws/tickets/admin/
Not Found: /ws/tickets/
Not Found: /ws/tickets/admin/
D:\Django_project\absharProject\middleAdmin_panel\services\unit_services.py changed, reloading.
Watching for file changes with StatReloader
Not Found: /ws/tickets/
Not Found: /ws/tickets/admin/
Not Found: /ws/tickets/
Not Found: /ws/tickets/admin/
Not Found: /ws/tickets/
Not Found: /ws/tickets/admin/
D:\Django_project\absharProject\middleAdmin_panel\services\unit_services.py changed, reloading.
Watching for file changes with StatReloader
Not Found: /ws/tickets/
Not Found: /ws/tickets/admin/
Not Found: /ws/tickets/
Not Found: /ws/tickets/admin/
Not Found: /ws/tickets/
Not Found: /ws/tickets/admin/
Not Found: /ws/tickets/admin/
Not Found: /ws/tickets/
Not Found: /ws/tickets/
Not Found: /ws/tickets/admin/
Not Found: /ws/tickets/
Not Found: /ws/tickets/admin/
Not Found: /ws/tickets/
Not Found: /ws/tickets/admin/
D:\Django_project\absharProject\middleAdmin_panel\services\unit_services.py changed, reloading.
Watching for file changes with StatReloader
D:\Django_project\absharProject\middleAdmin_panel\services\unit_services.py changed, reloading.
Watching for file changes with StatReloader
Not Found: /ws/tickets/
Not Found: /ws/tickets/admin/
Not Found: /ws/tickets/
Not Found: /ws/tickets/admin/
Not Found: /ws/tickets/admin/
Not Found: /ws/tickets/
Not Found: /ws/tickets/
Not Found: /ws/tickets/admin/
Not Found: /ws/tickets/
Not Found: /ws/tickets/admin/
Not Found: /ws/tickets/
Not Found: /ws/tickets/admin/
Not Found: /ws/tickets/
Not Found: /ws/tickets/admin/
Not Found: /ws/tickets/
Not Found: /ws/tickets/
Not Found: /ws/tickets/
Not Found: /ws/tickets/admin/
Not Found: /ws/tickets/admin/
Not Found: /ws/tickets/
Not Found: /ws/tickets/admin/
Not Found: /ws/tickets/
Not Found: /ws/tickets/admin/
Not Found: /ws/tickets/
Not Found: /ws/tickets/
Not Found: /ws/tickets/admin/
Not Found: /ws/tickets/
Not Found: /ws/tickets/
Not Found: /ws/tickets/
Not Found: /ws/tickets/admin/
Not Found: /ws/tickets/
Not Found: /ws/tickets/
Not Found: /ws/tickets/
Not Found: /ws/tickets/
Not Found: /ws/tickets/
Not Found: /ws/tickets/
Not Found: /ws/tickets/
Not Found: /ws/tickets/
Not Found: /ws/tickets/
Not Found: /ws/tickets/
Not Found: /ws/tickets/
Not Found: /ws/tickets/
Not Found: /ws/tickets/
Not Found: /ws/tickets/
Not Found: /ws/tickets/
Not Found: /ws/tickets/
Not Found: /ws/tickets/
Not Found: /ws/tickets/
Not Found: /ws/tickets/
Not Found: /ws/tickets/
Not Found: /ws/tickets/
Not Found: /ws/tickets/
Not Found: /ws/tickets/
Not Found: /ws/tickets/
Not Found: /ws/tickets/
Not Found: /ws/tickets/
Not Found: /ws/tickets/admin/
Not Found: /ws/tickets/
Not Found: /ws/tickets/admin/
Not Found: /ws/tickets/
Not Found: /ws/tickets/admin/
Not Found: /ws/tickets/
Not Found: /ws/tickets/admin/
Not Found: /ws/tickets/
Not Found: /ws/tickets/admin/
Not Found: /ws/tickets/
Not Found: /ws/tickets/admin/
Not Found: /ws/tickets/
Not Found: /ws/tickets/admin/
Not Found: /ws/tickets/
Not Found: /ws/tickets/admin/
Not Found: /ws/tickets/
Not Found: /ws/tickets/admin/
D:\Django_project\absharProject\admin_panel\forms.py changed, reloading.
Watching for file changes with StatReloader
Not Found: /ws/tickets/
Not Found: /ws/tickets/admin/
D:\Django_project\absharProject\admin_panel\forms.py changed, reloading.
Watching for file changes with StatReloader
Not Found: /ws/tickets/
Not Found: /ws/tickets/admin/
Not Found: /ws/tickets/
Not Found: /ws/tickets/admin/
Not Found: /ws/tickets/
Not Found: /ws/tickets/admin/
Not Found: /ws/tickets/
Not Found: /ws/tickets/admin/
Not Found: /ws/tickets/
Not Found: /ws/tickets/admin/
Not Found: /ws/tickets/
Not Found: /ws/tickets/admin/
Not Found: /ws/tickets/
Not Found: /ws/tickets/admin/
Not Found: /ws/tickets/
Not Found: /ws/tickets/admin/
Not Found: /ws/tickets/
Not Found: /ws/tickets/admin/
D:\Django_project\absharProject\admin_panel\forms.py changed, reloading.
Watching for file changes with StatReloader
Not Found: /ws/tickets/
Not Found: /ws/tickets/admin/
Not Found: /ws/tickets/
Not Found: /ws/tickets/admin/
Not Found: /ws/tickets/
Not Found: /ws/tickets/admin/
Not Found: /ws/tickets/
Not Found: /ws/tickets/admin/
Not Found: /ws/tickets/
Not Found: /ws/tickets/admin/
Not Found: /ws/tickets/
Not Found: /ws/tickets/admin/
Not Found: /ws/tickets/
Not Found: /ws/tickets/admin/
Not Found: /ws/tickets/
Not Found: /ws/tickets/admin/
Not Found: /ws/tickets/
Not Found: /ws/tickets/admin/
Not Found: /ws/tickets/
Not Found: /ws/tickets/admin/
Not Found: /ws/tickets/
Not Found: /ws/tickets/admin/
Not Found: /ws/tickets/
Not Found: /ws/tickets/admin/
D:\Django_project\absharProject\user_app\forms.py changed, reloading.
Watching for file changes with StatReloader
Not Found: /ws/tickets/
Not Found: /ws/tickets/admin/
Not Found: /ws/tickets/
Not Found: /ws/tickets/admin/
Not Found: /ws/tickets/
Not Found: /ws/tickets/admin/
Not Found: /ws/tickets/
Not Found: /ws/tickets/admin/
Not Found: /ws/tickets/
Not Found: /ws/tickets/admin/
Not Found: /ws/tickets/
Not Found: /ws/tickets/admin/
Not Found: /ws/tickets/
Not Found: /ws/tickets/admin/
Not Found: /ws/tickets/admin/
Not Found: /ws/tickets/
Not Found: /ws/tickets/admin/
Not Found: /ws/tickets/
Not Found: /ws/tickets/
Not Found: /ws/tickets/admin/
Not Found: /ws/tickets/admin/
Not Found: /ws/tickets/
Not Found: /ws/tickets/admin/
Not Found: /ws/tickets/
Not Found: /ws/tickets/admin/
Not Found: /ws/tickets/
Not Found: /ws/tickets/admin/
Not Found: /ws/tickets/admin/
Not Found: /ws/tickets/
Not Found: /ws/tickets/
Not Found: /ws/tickets/admin/
Not Found: /ws/tickets/
Not Found: /ws/tickets/admin/
Not Found: /ws/tickets/
Not Found: /ws/tickets/admin/
Not Found: /ws/tickets/
Not Found: /ws/tickets/admin/
Not Found: /ws/tickets/
Not Found: /ws/tickets/admin/
Not Found: /ws/tickets/
Not Found: /ws/tickets/admin/
Not Found: /ws/tickets/
Not Found: /ws/tickets/admin/
Not Found: /ws/tickets/
Not Found: /ws/tickets/admin/
D:\Django_project\absharProject\middleAdmin_panel\services\unit_services.py changed, reloading.
Watching for file changes with StatReloader
Not Found: /ws/tickets/
Not Found: /ws/tickets/admin/
Not Found: /ws/tickets/
Not Found: /ws/tickets/admin/
Not Found: /ws/tickets/
Not Found: /ws/tickets/admin/
Not Found: /ws/tickets/
Not Found: /ws/tickets/admin/
Not Found: /ws/tickets/
Not Found: /ws/tickets/admin/
Not Found: /ws/tickets/
Not Found: /ws/tickets/admin/
Watching for file changes with StatReloader
Not Found: /ws/tickets/
Not Found: /ws/tickets/admin/
Not Found: /ws/tickets/
Not Found: /ws/tickets/admin/
D:\Django_project\absharProject\middleAdmin_panel\services\unit_services.py changed, reloading.
Watching for file changes with StatReloader
Not Found: /ws/tickets/
Not Found: /ws/tickets/admin/
Not Found: /ws/tickets/
Not Found: /ws/tickets/admin/
Not Found: /ws/tickets/
Not Found: /ws/tickets/admin/
Not Found: /ws/tickets/admin/
Not Found: /ws/tickets/
Not Found: /ws/tickets/
Not Found: /ws/tickets/admin/
Not Found: /ws/tickets/
Not Found: /ws/tickets/admin/
Not Found: /ws/tickets/
Not Found: /ws/tickets/admin/
Not Found: /ws/tickets/
Not Found: /ws/tickets/admin/
D:\Django_project\absharProject\middleAdmin_panel\services\unit_services.py changed, reloading.
Watching for file changes with StatReloader
D:\Django_project\absharProject\middleAdmin_panel\services\unit_services.py changed, reloading.
Watching for file changes with StatReloader
D:\Django_project\absharProject\middleAdmin_panel\services\unit_services.py changed, reloading.
Watching for file changes with StatReloader
D:\Django_project\absharProject\middleAdmin_panel\services\unit_services.py changed, reloading.
Watching for file changes with StatReloader
D:\Django_project\absharProject\middleAdmin_panel\services\unit_services.py changed, reloading.
Watching for file changes with StatReloader
Not Found: /ws/tickets/
Not Found: /ws/tickets/admin/
Not Found: /ws/tickets/
Not Found: /ws/tickets/admin/
Not Found: /ws/tickets/
Not Found: /ws/tickets/admin/
Not Found: /ws/tickets/
Not Found: /ws/tickets/admin/
Not Found: /ws/tickets/
Not Found: /ws/tickets/admin/
Not Found: /ws/tickets/
Not Found: /ws/tickets/admin/
D:\Django_project\absharProject\middleAdmin_panel\services\unit_services.py changed, reloading.
Watching for file changes with StatReloader
Not Found: /ws/tickets/
Not Found: /ws/tickets/admin/
Not Found: /ws/tickets/
Not Found: /ws/tickets/admin/
Not Found: /ws/tickets/
Not Found: /ws/tickets/admin/
Not Found: /ws/tickets/admin/
Not Found: /ws/tickets/
Not Found: /ws/tickets/
Not Found: /ws/tickets/admin/
D:\Django_project\absharProject\middleAdmin_panel\services\unit_services.py changed, reloading.
Watching for file changes with StatReloader
Not Found: /ws/tickets/
Not Found: /ws/tickets/admin/
Not Found: /ws/tickets/
Not Found: /ws/tickets/admin/
Not Found: /ws/tickets/
Not Found: /ws/tickets/admin/
Not Found: /ws/tickets/
Not Found: /ws/tickets/admin/
Not Found: /ws/tickets/
Not Found: /ws/tickets/admin/
Not Found: /ws/tickets/
Not Found: /ws/tickets/admin/
D:\Django_project\absharProject\middleAdmin_panel\services\unit_services.py changed, reloading.
Watching for file changes with StatReloader
Not Found: /ws/tickets/admin/
Not Found: /ws/tickets/
Not Found: /ws/tickets/
Not Found: /ws/tickets/admin/
Not Found: /ws/tickets/
Not Found: /ws/tickets/admin/
D:\Django_project\absharProject\middleAdmin_panel\services\unit_services.py changed, reloading.
Watching for file changes with StatReloader
Not Found: /ws/tickets/
Not Found: /ws/tickets/admin/
Not Found: /ws/tickets/
Not Found: /ws/tickets/admin/
Not Found: /ws/tickets/
Not Found: /ws/tickets/admin/
D:\Django_project\absharProject\middleAdmin_panel\services\unit_services.py changed, reloading.
Watching for file changes with StatReloader
Not Found: /ws/tickets/
Not Found: /ws/tickets/admin/
Not Found: /ws/tickets/
Not Found: /ws/tickets/admin/
Not Found: /ws/tickets/
Not Found: /ws/tickets/admin/
D:\Django_project\absharProject\middleAdmin_panel\services\unit_services.py changed, reloading.
Watching for file changes with StatReloader
Not Found: /ws/tickets/
Not Found: /ws/tickets/admin/
Not Found: /ws/tickets/
Not Found: /ws/tickets/admin/
Not Found: /ws/tickets/
Not Found: /ws/tickets/admin/
D:\Django_project\absharProject\middleAdmin_panel\services\unit_services.py changed, reloading.
Watching for file changes with StatReloader
D:\Django_project\absharProject\middleAdmin_panel\services\unit_services.py changed, reloading.
Watching for file changes with StatReloader
Not Found: /ws/tickets/
Not Found: /ws/tickets/admin/
Not Found: /ws/tickets/
Not Found: /ws/tickets/admin/
Not Found: /ws/tickets/
Not Found: /ws/tickets/admin/
D:\Django_project\absharProject\middleAdmin_panel\services\unit_services.py changed, reloading.
Watching for file changes with StatReloader
Not Found: /ws/tickets/
Not Found: /ws/tickets/admin/
Not Found: /ws/tickets/
Not Found: /ws/tickets/admin/
Not Found: /ws/tickets/
Not Found: /ws/tickets/admin/
D:\Django_project\absharProject\middleAdmin_panel\services\unit_services.py changed, reloading.
Watching for file changes with StatReloader
D:\Django_project\absharProject\middleAdmin_panel\services\unit_services.py changed, reloading.
Watching for file changes with StatReloader
D:\Django_project\absharProject\middleAdmin_panel\services\unit_services.py changed, reloading.
Watching for file changes with StatReloader
D:\Django_project\absharProject\middleAdmin_panel\services\unit_services.py changed, reloading.
Watching for file changes with StatReloader
D:\Django_project\absharProject\middleAdmin_panel\services\unit_services.py changed, reloading.
Watching for file changes with StatReloader
Not Found: /ws/tickets/
Not Found: /ws/tickets/admin/
Not Found: /ws/tickets/
Not Found: /ws/tickets/admin/
Not Found: /ws/tickets/
Not Found: /ws/tickets/admin/
D:\Django_project\absharProject\middleAdmin_panel\services\unit_services.py changed, reloading.
Watching for file changes with StatReloader
Not Found: /ws/tickets/
Not Found: /ws/tickets/admin/
Not Found: /ws/tickets/
Not Found: /ws/tickets/admin/
Not Found: /ws/tickets/
Not Found: /ws/tickets/admin/
Not Found: /ws/tickets/
Not Found: /ws/tickets/admin/
Not Found: /ws/tickets/
Not Found: /ws/tickets/admin/
Not Found: /ws/tickets/
Not Found: /ws/tickets/admin/
Not Found: /ws/tickets/
Not Found: /ws/tickets/admin/
Not Found: /ws/tickets/admin/
Not Found: /ws/tickets/
Not Found: /ws/tickets/admin/
Not Found: /ws/tickets/
D:\Django_project\absharProject\user_app\models.py changed, reloading.
Watching for file changes with StatReloader
Not Found: /ws/tickets/
Not Found: /ws/tickets/admin/
Not Found: /ws/tickets/
Not Found: /ws/tickets/admin/
Not Found: /ws/tickets/
Not Found: /ws/tickets/admin/
Not Found: /ws/tickets/
Not Found: /ws/tickets/admin/
Not Found: /ws/tickets/
Not Found: /ws/tickets/admin/
Not Found: /ws/tickets/
Not Found: /ws/tickets/admin/
Not Found: /ws/tickets/admin/
Not Found: /ws/tickets/
Not Found: /ws/tickets/
Not Found: /ws/tickets/admin/
Not Found: /ws/tickets/
Not Found: /ws/tickets/admin/
Not Found: /ws/tickets/
Not Found: /ws/tickets/
Not Found: /ws/tickets/admin/
Not Found: /ws/tickets/
Not Found: /ws/tickets/admin/
Not Found: /ws/tickets/
Not Found: /ws/tickets/admin/
Not Found: /ws/tickets/
Not Found: /ws/tickets/admin/
Not Found: /ws/tickets/
Not Found: /ws/tickets/admin/
Not Found: /ws/tickets/
Not Found: /ws/tickets/admin/
Not Found: /ws/tickets/
Not Found: /ws/tickets/admin/
Not Found: /ws/tickets/
Not Found: /ws/tickets/admin/
Not Found: /ws/tickets/
Not Found: /ws/tickets/admin/
D:\Django_project\absharProject\user_app\models.py changed, reloading.
Watching for file changes with StatReloader
Not Found: /ws/tickets/
Not Found: /ws/tickets/admin/
Not Found: /ws/tickets/
Not Found: /ws/tickets/admin/
Not Found: /ws/tickets/admin/
Not Found: /ws/tickets/
Not Found: /ws/tickets/
Not Found: /ws/tickets/admin/
Not Found: /ws/tickets/
Not Found: /ws/tickets/admin/
Not Found: /ws/tickets/
Not Found: /ws/tickets/admin/
D:\Django_project\absharProject\user_app\models.py changed, reloading.
Watching for file changes with StatReloader
Not Found: /ws/tickets/
Not Found: /ws/tickets/admin/
Not Found: /ws/tickets/
Not Found: /ws/tickets/admin/
Not Found: /ws/tickets/
Not Found: /ws/tickets/admin/
Not Found: /ws/tickets/
Not Found: /ws/tickets/admin/
Not Found: /ws/tickets/
Not Found: /ws/tickets/admin/
Not Found: /ws/tickets/
Not Found: /ws/tickets/admin/
Not Found: /ws/tickets/admin/
Not Found: /ws/tickets/
Not Found: /ws/tickets/
Not Found: /ws/tickets/admin/
Not Found: /ws/tickets/admin/
Not Found: /ws/tickets/
Not Found: /ws/tickets/
Not Found: /ws/tickets/admin/
Not Found: /ws/tickets/admin/
Not Found: /ws/tickets/
Not Found: /ws/tickets/admin/
Not Found: /ws/tickets/
Not Found: /ws/tickets/admin/
Not Found: /ws/tickets/
D:\Django_project\absharProject\user_app\models.py changed, reloading.
Watching for file changes with StatReloader
Not Found: /ws/tickets/admin/
Not Found: /ws/tickets/
Not Found: /ws/tickets/
Not Found: /ws/tickets/admin/
Not Found: /ws/tickets/
Not Found: /ws/tickets/admin/
Not Found: /ws/tickets/
Not Found: /ws/tickets/admin/
Not Found: /ws/tickets/
Not Found: /ws/tickets/admin/
Not Found: /ws/tickets/
Not Found: /ws/tickets/admin/
Not Found: /ws/tickets/admin/
Not Found: /ws/tickets/
Not Found: /ws/tickets/admin/
Not Found: /ws/tickets/
Not Found: /ws/tickets/admin/
Not Found: /ws/tickets/admin/
Not Found: /ws/tickets/
D:\Django_project\absharProject\user_app\models.py changed, reloading.
Watching for file changes with StatReloader
D:\Django_project\absharProject\user_app\models.py changed, reloading.
Watching for file changes with StatReloader
Not Found: /ws/tickets/
Not Found: /ws/tickets/admin/
Not Found: /ws/tickets/
Not Found: /ws/tickets/admin/
Not Found: /ws/tickets/
Not Found: /ws/tickets/admin/
Not Found: /ws/tickets/
Not Found: /ws/tickets/admin/
Not Found: /ws/tickets/
Not Found: /ws/tickets/admin/
Not Found: /ws/tickets/
Not Found: /ws/tickets/admin/
Not Found: /ws/tickets/
Not Found: /ws/tickets/admin/
Not Found: /ws/tickets/
Not Found: /ws/tickets/admin/
Not Found: /ws/tickets/
Not Found: /ws/tickets/admin/
Not Found: /ws/tickets/
Not Found: /ws/tickets/admin/
Not Found: /ws/tickets/
Not Found: /ws/tickets/admin/
Not Found: /ws/tickets/admin/
Not Found: /ws/tickets/
D:\Django_project\absharProject\user_app\models.py changed, reloading.
Watching for file changes with StatReloader
Not Found: /ws/tickets/
Not Found: /ws/tickets/
Not Found: /ws/tickets/admin/
D:\Django_project\absharProject\user_app\models.py changed, reloading.
Watching for file changes with StatReloader
Not Found: /ws/tickets/
Not Found: /ws/tickets/admin/
Not Found: /ws/tickets/
Not Found: /ws/tickets/admin/
Not Found: /ws/tickets/
Not Found: /ws/tickets/admin/
Not Found: /ws/tickets/
Not Found: /ws/tickets/admin/
Not Found: /ws/tickets/
Not Found: /ws/tickets/admin/
Not Found: /ws/tickets/
Not Found: /ws/tickets/admin/
Not Found: /ws/tickets/admin/
Not Found: /ws/tickets/
Not Found: /ws/tickets/
Not Found: /ws/tickets/admin/
Not Found: /ws/tickets/admin/
Not Found: /ws/tickets/
Not Found: /ws/tickets/admin/
Not Found: /ws/tickets/
D:\Django_project\absharProject\user_app\models.py changed, reloading.
Watching for file changes with StatReloader
Not Found: /ws/tickets/
Not Found: /ws/tickets/admin/
Not Found: /ws/tickets/
Not Found: /ws/tickets/admin/
Not Found: /ws/tickets/
Not Found: /ws/tickets/admin/
Not Found: /ws/tickets/admin/
Not Found: /ws/tickets/
Not Found: /ws/tickets/
Not Found: /ws/tickets/admin/
Not Found: /ws/tickets/
Not Found: /ws/tickets/admin/
Not Found: /ws/tickets/admin/
Not Found: /ws/tickets/
Not Found: /ws/tickets/
Not Found: /ws/tickets/admin/
Not Found: /ws/tickets/admin/
Not Found: /ws/tickets/
Not Found: /ws/tickets/admin/
Not Found: /ws/tickets/
Not Found: /ws/tickets/
Not Found: /ws/tickets/admin/
Not Found: /ws/tickets/admin/
Not Found: /ws/tickets/
D:\Django_project\absharProject\user_app\models.py changed, reloading.
Watching for file changes with StatReloader
D:\Django_project\absharProject\user_app\models.py changed, reloading.
Watching for file changes with StatReloader
Not Found: /ws/tickets/
Not Found: /ws/tickets/admin/
Not Found: /ws/tickets/
Not Found: /ws/tickets/admin/
Not Found: /ws/tickets/
Not Found: /ws/tickets/admin/
Not Found: /ws/tickets/
Not Found: /ws/tickets/admin/
Not Found: /ws/tickets/
Not Found: /ws/tickets/admin/
Not Found: /ws/tickets/
Not Found: /ws/tickets/admin/
Not Found: /ws/tickets/
Not Found: /ws/tickets/admin/
Not Found: /ws/tickets/
Not Found: /ws/tickets/admin/
Watching for file changes with StatReloader
Not Found: /favicon.ico
Not Found: /ws/tickets/
Not Found: /ws/tickets/admin/
Not Found: /ws/tickets/
Not Found: /ws/tickets/admin/
Not Found: /ws/tickets/
Not Found: /ws/tickets/admin/
D:\Django_project\absharProject\user_app\models.py changed, reloading.
Watching for file changes with StatReloader
Not Found: /ws/tickets/
Not Found: /ws/tickets/admin/
D:\Django_project\absharProject\user_app\models.py changed, reloading.
Watching for file changes with StatReloader
D:\Django_project\absharProject\user_app\models.py changed, reloading.
Watching for file changes with StatReloader
Not Found: /ws/tickets/
Not Found: /ws/tickets/admin/
Not Found: /ws/tickets/
Not Found: /ws/tickets/admin/
Not Found: /ws/tickets/
Not Found: /ws/tickets/admin/
Not Found: /ws/tickets/
Not Found: /ws/tickets/admin/
Not Found: /ws/tickets/
Not Found: /ws/tickets/admin/
Not Found: /ws/tickets/
Not Found: /ws/tickets/admin/
Not Found: /ws/tickets/admin/
Not Found: /ws/tickets/
Not Found: /ws/tickets/
Not Found: /ws/tickets/admin/
D:\Django_project\absharProject\user_app\models.py changed, reloading.
Watching for file changes with StatReloader
D:\Django_project\absharProject\user_app\models.py changed, reloading.
Watching for file changes with StatReloader
D:\Django_project\absharProject\user_app\models.py changed, reloading.
Watching for file changes with StatReloader
Watching for file changes with StatReloader
Not Found: /ws/tickets/
Not Found: /ws/tickets/admin/
Not Found: /ws/tickets/
Not Found: /ws/tickets/admin/
Not Found: /ws/tickets/
Not Found: /ws/tickets/admin/
Not Found: /ws/tickets/
Not Found: /ws/tickets/admin/
Not Found: /ws/tickets/
Not Found: /ws/tickets/admin/
Not Found: /ws/tickets/
Not Found: /ws/tickets/admin/
Not Found: /ws/tickets/
Not Found: /ws/tickets/admin/
Not Found: /ws/tickets/
Not Found: /ws/tickets/
Not Found: /ws/tickets/admin/
Not Found: /ws/tickets/admin/
Not Found: /ws/tickets/
Not Found: /ws/tickets/
Not Found: /ws/tickets/admin/
Not Found: /ws/tickets/
Not Found: /ws/tickets/admin/
D:\Django_project\absharProject\middleAdmin_panel\views.py changed, reloading.
D:\Django_project\absharProject\middleAdmin_panel\views.py changed, reloading.
Watching for file changes with StatReloader
Watching for file changes with StatReloader
D:\Django_project\absharProject\middleAdmin_panel\views.py changed, reloading.
D:\Django_project\absharProject\middleAdmin_panel\views.py changed, reloading.
Watching for file changes with StatReloader
Watching for file changes with StatReloader
D:\Django_project\absharProject\middleAdmin_panel\views.py changed, reloading.
D:\Django_project\absharProject\middleAdmin_panel\views.py changed, reloading.
Watching for file changes with StatReloader
Watching for file changes with StatReloader
Not Found: /ws/tickets/
Not Found: /ws/tickets/admin/
Not Found: /ws/tickets/
Not Found: /ws/tickets/admin/
Not Found: /ws/tickets/
Not Found: /ws/tickets/admin/
Not Found: /ws/tickets/
Not Found: /ws/tickets/admin/
Not Found: /ws/tickets/admin/
Not Found: /ws/tickets/
Not Found: /ws/tickets/admin/
Not Found: /ws/tickets/
Not Found: /ws/tickets/
Not Found: /ws/tickets/admin/
Not Found: /ws/tickets/
Not Found: /ws/tickets/
Not Found: /ws/tickets/admin/
Not Found: /ws/tickets/admin/
Not Found: /ws/tickets/
Not Found: /ws/tickets/
Not Found: /ws/tickets/admin/
Not Found: /ws/tickets/admin/
Not Found: /ws/tickets/
Not Found: /ws/tickets/admin/
Not Found: /ws/tickets/
Not Found: /ws/tickets/admin/
D:\Django_project\absharProject\middleAdmin_panel\views.py changed, reloading.
D:\Django_project\absharProject\middleAdmin_panel\views.py changed, reloading.
Watching for file changes with StatReloader
Watching for file changes with StatReloader
Internal Server Error: /middle-admin-panel/middle-add-area-charge
Traceback (most recent call last):
  File "D:\Django_project\absharProject\.venv\Lib\site-packages\django\core\handlers\exception.py", line 55, in inner
    response = get_response(request)
               ^^^^^^^^^^^^^^^^^^^^^
  File "D:\Django_project\absharProject\.venv\Lib\site-packages\django\core\handlers\base.py", line 197, in _get_response
    response = wrapped_callback(request, *callback_args, **callback_kwargs)
               ^^^^^^^^^^^^^^^^^^^^^^^^^^^^^^^^^^^^^^^^^^^^^^^^^^^^^^^^^^^^
  File "D:\Django_project\absharProject\.venv\Lib\site-packages\django\views\generic\base.py", line 104, in view
    return self.dispatch(request, *args, **kwargs)
           ^^^^^^^^^^^^^^^^^^^^^^^^^^^^^^^^^^^^^^^
  File "D:\Django_project\absharProject\.venv\Lib\site-packages\django\utils\decorators.py", line 48, in _wrapper
    return bound_method(*args, **kwargs)
           ^^^^^^^^^^^^^^^^^^^^^^^^^^^^^
  File "D:\Django_project\absharProject\.venv\Lib\site-packages\django\contrib\auth\decorators.py", line 59, in _view_wrapper
    return view_func(request, *args, **kwargs)
           ^^^^^^^^^^^^^^^^^^^^^^^^^^^^^^^^^^^
  File "D:\Django_project\absharProject\.venv\Lib\site-packages\django\views\generic\base.py", line 143, in dispatch
    return handler(request, *args, **kwargs)
           ^^^^^^^^^^^^^^^^^^^^^^^^^^^^^^^^^
  File "D:\Django_project\absharProject\.venv\Lib\site-packages\django\views\generic\edit.py", line 178, in get
    return super().get(request, *args, **kwargs)
           ^^^^^^^^^^^^^^^^^^^^^^^^^^^^^^^^^^^^^
  File "D:\Django_project\absharProject\.venv\Lib\site-packages\django\views\generic\edit.py", line 142, in get
    return self.render_to_response(self.get_context_data())
                                   ^^^^^^^^^^^^^^^^^^^^^^^
  File "D:\Django_project\absharProject\middleAdmin_panel\views.py", line 4301, in get_context_data
    'unit_count': unit_count,
                  ^^^^^^^^^^
NameError: name 'unit_count' is not defined
Not Found: /favicon.ico
Internal Server Error: /middle-admin-panel/middle-add-area-charge
Traceback (most recent call last):
  File "D:\Django_project\absharProject\.venv\Lib\site-packages\django\core\handlers\exception.py", line 55, in inner
    response = get_response(request)
               ^^^^^^^^^^^^^^^^^^^^^
  File "D:\Django_project\absharProject\.venv\Lib\site-packages\django\core\handlers\base.py", line 197, in _get_response
    response = wrapped_callback(request, *callback_args, **callback_kwargs)
               ^^^^^^^^^^^^^^^^^^^^^^^^^^^^^^^^^^^^^^^^^^^^^^^^^^^^^^^^^^^^
  File "D:\Django_project\absharProject\.venv\Lib\site-packages\django\views\generic\base.py", line 104, in view
    return self.dispatch(request, *args, **kwargs)
           ^^^^^^^^^^^^^^^^^^^^^^^^^^^^^^^^^^^^^^^
  File "D:\Django_project\absharProject\.venv\Lib\site-packages\django\utils\decorators.py", line 48, in _wrapper
    return bound_method(*args, **kwargs)
           ^^^^^^^^^^^^^^^^^^^^^^^^^^^^^
  File "D:\Django_project\absharProject\.venv\Lib\site-packages\django\contrib\auth\decorators.py", line 59, in _view_wrapper
    return view_func(request, *args, **kwargs)
           ^^^^^^^^^^^^^^^^^^^^^^^^^^^^^^^^^^^
  File "D:\Django_project\absharProject\.venv\Lib\site-packages\django\views\generic\base.py", line 143, in dispatch
    return handler(request, *args, **kwargs)
           ^^^^^^^^^^^^^^^^^^^^^^^^^^^^^^^^^
  File "D:\Django_project\absharProject\.venv\Lib\site-packages\django\views\generic\edit.py", line 178, in get
    return super().get(request, *args, **kwargs)
           ^^^^^^^^^^^^^^^^^^^^^^^^^^^^^^^^^^^^^
  File "D:\Django_project\absharProject\.venv\Lib\site-packages\django\views\generic\edit.py", line 142, in get
    return self.render_to_response(self.get_context_data())
                                   ^^^^^^^^^^^^^^^^^^^^^^^
  File "D:\Django_project\absharProject\middleAdmin_panel\views.py", line 4301, in get_context_data
    'unit_count': unit_count,
                  ^^^^^^^^^^
NameError: name 'unit_count' is not defined
D:\Django_project\absharProject\middleAdmin_panel\views.py changed, reloading.
D:\Django_project\absharProject\middleAdmin_panel\views.py changed, reloading.
Watching for file changes with StatReloader
Watching for file changes with StatReloader
Not Found: /ws/tickets/
Not Found: /ws/tickets/admin/
Not Found: /ws/tickets/
Not Found: /ws/tickets/admin/
D:\Django_project\absharProject\middleAdmin_panel\views.py changed, reloading.
D:\Django_project\absharProject\middleAdmin_panel\views.py changed, reloading.
Watching for file changes with StatReloader
Watching for file changes with StatReloader
Internal Server Error: /middle-admin-panel/middle-add-area-charge
Traceback (most recent call last):
  File "D:\Django_project\absharProject\.venv\Lib\site-packages\django\core\handlers\exception.py", line 55, in inner
    response = get_response(request)
               ^^^^^^^^^^^^^^^^^^^^^
  File "D:\Django_project\absharProject\.venv\Lib\site-packages\django\core\handlers\base.py", line 197, in _get_response
    response = wrapped_callback(request, *callback_args, **callback_kwargs)
               ^^^^^^^^^^^^^^^^^^^^^^^^^^^^^^^^^^^^^^^^^^^^^^^^^^^^^^^^^^^^
  File "D:\Django_project\absharProject\.venv\Lib\site-packages\django\views\generic\base.py", line 104, in view
    return self.dispatch(request, *args, **kwargs)
           ^^^^^^^^^^^^^^^^^^^^^^^^^^^^^^^^^^^^^^^
  File "D:\Django_project\absharProject\.venv\Lib\site-packages\django\utils\decorators.py", line 48, in _wrapper
    return bound_method(*args, **kwargs)
           ^^^^^^^^^^^^^^^^^^^^^^^^^^^^^
  File "D:\Django_project\absharProject\.venv\Lib\site-packages\django\contrib\auth\decorators.py", line 59, in _view_wrapper
    return view_func(request, *args, **kwargs)
           ^^^^^^^^^^^^^^^^^^^^^^^^^^^^^^^^^^^
  File "D:\Django_project\absharProject\.venv\Lib\site-packages\django\views\generic\base.py", line 143, in dispatch
    return handler(request, *args, **kwargs)
           ^^^^^^^^^^^^^^^^^^^^^^^^^^^^^^^^^
  File "D:\Django_project\absharProject\.venv\Lib\site-packages\django\views\generic\edit.py", line 178, in get
    return super().get(request, *args, **kwargs)
           ^^^^^^^^^^^^^^^^^^^^^^^^^^^^^^^^^^^^^
  File "D:\Django_project\absharProject\.venv\Lib\site-packages\django\views\generic\edit.py", line 142, in get
    return self.render_to_response(self.get_context_data())
                                   ^^^^^^^^^^^^^^^^^^^^^^^
  File "D:\Django_project\absharProject\middleAdmin_panel\views.py", line 4277, in get_context_data
    unit_count = Unit.objects.filter(
                 ^^^^^^^^^^^^^^^^^^^^
  File "D:\Django_project\absharProject\.venv\Lib\site-packages\django\db\models\manager.py", line 87, in manager_method
    return getattr(self.get_queryset(), name)(*args, **kwargs)
           ^^^^^^^^^^^^^^^^^^^^^^^^^^^^^^^^^^^^^^^^^^^^^^^^^^^
  File "D:\Django_project\absharProject\.venv\Lib\site-packages\django\db\models\query.py", line 1481, in filter
    return self._filter_or_exclude(False, args, kwargs)
           ^^^^^^^^^^^^^^^^^^^^^^^^^^^^^^^^^^^^^^^^^^^^
  File "D:\Django_project\absharProject\.venv\Lib\site-packages\django\db\models\query.py", line 1499, in _filter_or_exclude
    clone._filter_or_exclude_inplace(negate, args, kwargs)
  File "D:\Django_project\absharProject\.venv\Lib\site-packages\django\db\models\query.py", line 1506, in _filter_or_exclude_inplace
    self._query.add_q(Q(*args, **kwargs))
  File "D:\Django_project\absharProject\.venv\Lib\site-packages\django\db\models\sql\query.py", line 1643, in add_q
    clause, _ = self._add_q(q_object, can_reuse)
                ^^^^^^^^^^^^^^^^^^^^^^^^^^^^^^^^
  File "D:\Django_project\absharProject\.venv\Lib\site-packages\django\db\models\sql\query.py", line 1675, in _add_q
    child_clause, needed_inner = self.build_filter(
                                 ^^^^^^^^^^^^^^^^^^
  File "D:\Django_project\absharProject\.venv\Lib\site-packages\django\db\models\sql\query.py", line 1500, in build_filter
    return self._add_q(
           ^^^^^^^^^^^^
  File "D:\Django_project\absharProject\.venv\Lib\site-packages\django\db\models\sql\query.py", line 1675, in _add_q
    child_clause, needed_inner = self.build_filter(
                                 ^^^^^^^^^^^^^^^^^^
  File "D:\Django_project\absharProject\.venv\Lib\site-packages\django\db\models\sql\query.py", line 1560, in build_filter
    self.check_related_objects(join_info.final_field, value, join_info.opts)
  File "D:\Django_project\absharProject\.venv\Lib\site-packages\django\db\models\sql\query.py", line 1364, in check_related_objects
    raise ValueError(
ValueError: Cannot use QuerySet for "Unit": Use a QuerySet for "User".
D:\Django_project\absharProject\middleAdmin_panel\views.py changed, reloading.
D:\Django_project\absharProject\middleAdmin_panel\views.py changed, reloading.
Watching for file changes with StatReloader
Watching for file changes with StatReloader
Internal Server Error: /middle-admin-panel/middle-add-area-charge
Traceback (most recent call last):
  File "D:\Django_project\absharProject\.venv\Lib\site-packages\django\core\handlers\exception.py", line 55, in inner
    response = get_response(request)
               ^^^^^^^^^^^^^^^^^^^^^
  File "D:\Django_project\absharProject\.venv\Lib\site-packages\django\core\handlers\base.py", line 197, in _get_response
    response = wrapped_callback(request, *callback_args, **callback_kwargs)
               ^^^^^^^^^^^^^^^^^^^^^^^^^^^^^^^^^^^^^^^^^^^^^^^^^^^^^^^^^^^^
  File "D:\Django_project\absharProject\.venv\Lib\site-packages\django\views\generic\base.py", line 104, in view
    return self.dispatch(request, *args, **kwargs)
           ^^^^^^^^^^^^^^^^^^^^^^^^^^^^^^^^^^^^^^^
  File "D:\Django_project\absharProject\.venv\Lib\site-packages\django\utils\decorators.py", line 48, in _wrapper
    return bound_method(*args, **kwargs)
           ^^^^^^^^^^^^^^^^^^^^^^^^^^^^^
  File "D:\Django_project\absharProject\.venv\Lib\site-packages\django\contrib\auth\decorators.py", line 59, in _view_wrapper
    return view_func(request, *args, **kwargs)
           ^^^^^^^^^^^^^^^^^^^^^^^^^^^^^^^^^^^
  File "D:\Django_project\absharProject\.venv\Lib\site-packages\django\views\generic\base.py", line 143, in dispatch
    return handler(request, *args, **kwargs)
           ^^^^^^^^^^^^^^^^^^^^^^^^^^^^^^^^^
  File "D:\Django_project\absharProject\.venv\Lib\site-packages\django\views\generic\edit.py", line 178, in get
    return super().get(request, *args, **kwargs)
           ^^^^^^^^^^^^^^^^^^^^^^^^^^^^^^^^^^^^^
  File "D:\Django_project\absharProject\.venv\Lib\site-packages\django\views\generic\edit.py", line 142, in get
    return self.render_to_response(self.get_context_data())
                                   ^^^^^^^^^^^^^^^^^^^^^^^
  File "D:\Django_project\absharProject\middleAdmin_panel\views.py", line 4276, in get_context_data
    unit_count = Unit.objects.filter(is_active=True, user__manager=managed_users).count()
                 ^^^^^^^^^^^^^^^^^^^^^^^^^^^^^^^^^^^^^^^^^^^^^^^^^^^^^^^^^^^^^^^^
  File "D:\Django_project\absharProject\.venv\Lib\site-packages\django\db\models\manager.py", line 87, in manager_method
    return getattr(self.get_queryset(), name)(*args, **kwargs)
           ^^^^^^^^^^^^^^^^^^^^^^^^^^^^^^^^^^^^^^^^^^^^^^^^^^^
  File "D:\Django_project\absharProject\.venv\Lib\site-packages\django\db\models\query.py", line 1481, in filter
    return self._filter_or_exclude(False, args, kwargs)
           ^^^^^^^^^^^^^^^^^^^^^^^^^^^^^^^^^^^^^^^^^^^^
  File "D:\Django_project\absharProject\.venv\Lib\site-packages\django\db\models\query.py", line 1499, in _filter_or_exclude
    clone._filter_or_exclude_inplace(negate, args, kwargs)
  File "D:\Django_project\absharProject\.venv\Lib\site-packages\django\db\models\query.py", line 1506, in _filter_or_exclude_inplace
    self._query.add_q(Q(*args, **kwargs))
  File "D:\Django_project\absharProject\.venv\Lib\site-packages\django\db\models\sql\query.py", line 1643, in add_q
    clause, _ = self._add_q(q_object, can_reuse)
                ^^^^^^^^^^^^^^^^^^^^^^^^^^^^^^^^
  File "D:\Django_project\absharProject\.venv\Lib\site-packages\django\db\models\sql\query.py", line 1675, in _add_q
    child_clause, needed_inner = self.build_filter(
                                 ^^^^^^^^^^^^^^^^^^
  File "D:\Django_project\absharProject\.venv\Lib\site-packages\django\db\models\sql\query.py", line 1585, in build_filter
    condition = self.build_lookup(lookups, col, value)
                ^^^^^^^^^^^^^^^^^^^^^^^^^^^^^^^^^^^^^^
  File "D:\Django_project\absharProject\.venv\Lib\site-packages\django\db\models\sql\query.py", line 1412, in build_lookup
    lookup = lookup_class(lhs, rhs)
             ^^^^^^^^^^^^^^^^^^^^^^
  File "D:\Django_project\absharProject\.venv\Lib\site-packages\django\db\models\lookups.py", line 38, in __init__
    self.rhs = self.get_prep_lookup()
               ^^^^^^^^^^^^^^^^^^^^^^
  File "D:\Django_project\absharProject\.venv\Lib\site-packages\django\db\models\fields\related_lookups.py", line 114, in get_prep_lookup
    return super().get_prep_lookup()
           ^^^^^^^^^^^^^^^^^^^^^^^^^
  File "D:\Django_project\absharProject\.venv\Lib\site-packages\django\db\models\lookups.py", line 397, in get_prep_lookup
    raise ValueError(
ValueError: The QuerySet value for an exact lookup must be limited to one result using slicing.
D:\Django_project\absharProject\middleAdmin_panel\views.py changed, reloading.
D:\Django_project\absharProject\middleAdmin_panel\views.py changed, reloading.
Watching for file changes with StatReloader
Watching for file changes with StatReloader
Not Found: /ws/tickets/
Not Found: /ws/tickets/admin/
Not Found: /ws/tickets/
Not Found: /ws/tickets/admin/
Not Found: /ws/tickets/
Not Found: /ws/tickets/admin/
Not Found: /ws/tickets/
Not Found: /ws/tickets/admin/
D:\Django_project\absharProject\middleAdmin_panel\views.py changed, reloading.
D:\Django_project\absharProject\middleAdmin_panel\views.py changed, reloading.
Watching for file changes with StatReloader
Watching for file changes with StatReloader
Not Found: /ws/tickets/
Not Found: /ws/tickets/admin/
D:\Django_project\absharProject\middleAdmin_panel\views.py changed, reloading.
D:\Django_project\absharProject\middleAdmin_panel\views.py changed, reloading.
Watching for file changes with StatReloader
Watching for file changes with StatReloader
Not Found: /ws/tickets/
Not Found: /ws/tickets/admin/
Not Found: /ws/tickets/
Not Found: /ws/tickets/admin/
Not Found: /ws/tickets/
Not Found: /ws/tickets/admin/
Not Found: /ws/tickets/
Not Found: /ws/tickets/admin/
Not Found: /ws/tickets/
Not Found: /ws/tickets/admin/
D:\Django_project\absharProject\middleAdmin_panel\views.py changed, reloading.
D:\Django_project\absharProject\middleAdmin_panel\views.py changed, reloading.
Watching for file changes with StatReloader
Watching for file changes with StatReloader
Not Found: /ws/tickets/
Not Found: /ws/tickets/admin/
Not Found: /ws/tickets/
Not Found: /ws/tickets/admin/
Not Found: /ws/tickets/
Not Found: /ws/tickets/admin/
D:\Django_project\absharProject\middleAdmin_panel\views.py changed, reloading.
D:\Django_project\absharProject\middleAdmin_panel\views.py changed, reloading.
Watching for file changes with StatReloader
Watching for file changes with StatReloader
Not Found: /ws/tickets/
Not Found: /ws/tickets/admin/
Not Found: /ws/tickets/
Not Found: /ws/tickets/admin/
Not Found: /ws/tickets/
Not Found: /ws/tickets/admin/
D:\Django_project\absharProject\middleAdmin_panel\views.py changed, reloading.
D:\Django_project\absharProject\middleAdmin_panel\views.py changed, reloading.
Watching for file changes with StatReloader
Watching for file changes with StatReloader
Not Found: /ws/tickets/
Not Found: /ws/tickets/admin/
Not Found: /ws/tickets/
Not Found: /ws/tickets/admin/
Not Found: /ws/tickets/
Not Found: /ws/tickets/admin/
Not Found: /ws/tickets/admin/
Not Found: /ws/tickets/
Not Found: /ws/tickets/admin/
Not Found: /ws/tickets/
Not Found: /ws/tickets/
Not Found: /ws/tickets/admin/
D:\Django_project\absharProject\middleAdmin_panel\views.py changed, reloading.
D:\Django_project\absharProject\middleAdmin_panel\views.py changed, reloading.
Watching for file changes with StatReloader
Watching for file changes with StatReloader
Not Found: /ws/tickets/admin/
Not Found: /ws/tickets/
D:\Django_project\absharProject\middleAdmin_panel\views.py changed, reloading.
D:\Django_project\absharProject\middleAdmin_panel\views.py changed, reloading.
Watching for file changes with StatReloader
Watching for file changes with StatReloader
D:\Django_project\absharProject\middleAdmin_panel\views.py changed, reloading.
D:\Django_project\absharProject\middleAdmin_panel\views.py changed, reloading.
Watching for file changes with StatReloader
Watching for file changes with StatReloader
Not Found: /ws/tickets/
Not Found: /ws/tickets/admin/
Not Found: /ws/tickets/
Not Found: /ws/tickets/admin/
Not Found: /ws/tickets/
Not Found: /ws/tickets/admin/
Not Found: /ws/tickets/
Not Found: /ws/tickets/admin/
Not Found: /ws/tickets/
Not Found: /ws/tickets/admin/
Not Found: /ws/tickets/
Not Found: /ws/tickets/admin/
Not Found: /ws/tickets/
Not Found: /ws/tickets/admin/
D:\Django_project\absharProject\absharProject\settings.py changed, reloading.
D:\Django_project\absharProject\absharProject\settings.py changed, reloading.
Watching for file changes with StatReloader
Watching for file changes with StatReloader
Not Found: /ws/tickets/
Not Found: /ws/tickets/admin/
Not Found: /ws/tickets/
Not Found: /ws/tickets/admin/
Not Found: /ws/tickets/
Not Found: /ws/tickets/admin/
Not Found: /ws/tickets/
Not Found: /ws/tickets/admin/
Not Found: /ws/tickets/
Not Found: /ws/tickets/admin/
Not Found: /ws/tickets/admin/
Not Found: /ws/tickets/
Not Found: /ws/tickets/admin/
Not Found: /ws/tickets/
Not Found: /ws/tickets/
Not Found: /ws/tickets/admin/
Not Found: /ws/tickets/
Not Found: /ws/tickets/
Not Found: /ws/tickets/admin/
Not Found: /ws/tickets/
Not Found: /ws/tickets/admin/
Not Found: /ws/tickets/
Not Found: /ws/tickets/admin/
Not Found: /ws/tickets/
Not Found: /ws/tickets/admin/
Not Found: /ws/tickets/
Not Found: /ws/tickets/admin/
Not Found: /ws/tickets/
Not Found: /ws/tickets/admin/
Not Found: /ws/tickets/
Not Found: /ws/tickets/admin/
Not Found: /ws/tickets/
Not Found: /ws/tickets/admin/
Not Found: /ws/tickets/
Not Found: /ws/tickets/admin/
Not Found: /ws/tickets/
Not Found: /ws/tickets/admin/
Not Found: /ws/tickets/
Not Found: /ws/tickets/admin/
D:\Django_project\absharProject\admin_panel\forms.py changed, reloading.
D:\Django_project\absharProject\admin_panel\forms.py changed, reloading.
Watching for file changes with StatReloader
Watching for file changes with StatReloader
Not Found: /ws/tickets/
Not Found: /ws/tickets/admin/
Not Found: /ws/tickets/
Not Found: /ws/tickets/admin/
Not Found: /ws/tickets/
Not Found: /ws/tickets/admin/
Not Found: /ws/tickets/
Not Found: /ws/tickets/admin/
Not Found: /ws/tickets/
Not Found: /ws/tickets/admin/
Not Found: /ws/tickets/
Not Found: /ws/tickets/admin/
Not Found: /ws/tickets/
Not Found: /ws/tickets/admin/
Not Found: /ws/tickets/
Not Found: /ws/tickets/
Not Found: /ws/tickets/
Not Found: /ws/tickets/admin/
Not Found: /ws/tickets/
Not Found: /ws/tickets/admin/
Not Found: /ws/tickets/
Not Found: /ws/tickets/admin/
Not Found: /ws/tickets/
Not Found: /ws/tickets/admin/
Not Found: /ws/tickets/
Not Found: /ws/tickets/admin/
Not Found: /ws/tickets/
Not Found: /ws/tickets/admin/
Not Found: /ws/tickets/
Not Found: /ws/tickets/admin/
Not Found: /ws/tickets/
Not Found: /ws/tickets/admin/
Not Found: /ws/tickets/
Not Found: /ws/tickets/admin/
Not Found: /ws/tickets/
Not Found: /ws/tickets/
Not Found: /ws/tickets/admin/
Not Found: /ws/tickets/admin/
Not Found: /ws/tickets/
Not Found: /ws/tickets/admin/
Not Found: /ws/tickets/
Not Found: /ws/tickets/
Not Found: /ws/tickets/admin/
Not Found: /ws/tickets/
Not Found: /ws/tickets/admin/
Not Found: /ws/tickets/
Not Found: /ws/tickets/admin/
Not Found: /ws/tickets/
Not Found: /ws/tickets/admin/
Not Found: /ws/tickets/
Not Found: /ws/tickets/admin/
Not Found: /ws/tickets/
Not Found: /ws/tickets/admin/
Not Found: /ws/tickets/
Not Found: /ws/tickets/admin/
Not Found: /ws/tickets/
Not Found: /ws/tickets/admin/
Not Found: /ws/tickets/
Not Found: /ws/tickets/admin/
Not Found: /ws/tickets/admin/
Not Found: /ws/tickets/
Not Found: /ws/tickets/
Not Found: /ws/tickets/admin/
Not Found: /ws/tickets/
Not Found: /ws/tickets/admin/
D:\Django_project\absharProject\middleAdmin_panel\views.py changed, reloading.
D:\Django_project\absharProject\middleAdmin_panel\views.py changed, reloading.
Watching for file changes with StatReloader
Watching for file changes with StatReloader
D:\Django_project\absharProject\notifications\services\sms_service.py changed, reloading.
D:\Django_project\absharProject\notifications\services\sms_service.py changed, reloading.
Watching for file changes with StatReloader
Watching for file changes with StatReloader
D:\Django_project\absharProject\notifications\services\sms_service.py changed, reloading.
D:\Django_project\absharProject\notifications\services\sms_service.py changed, reloading.
Watching for file changes with StatReloader
Watching for file changes with StatReloader
D:\Django_project\absharProject\admin_panel\helper.py changed, reloading.
D:\Django_project\absharProject\admin_panel\helper.py changed, reloading.
Watching for file changes with StatReloader
Watching for file changes with StatReloader
Not Found: /ws/tickets/
Not Found: /ws/tickets/admin/
Not Found: /ws/tickets/
Not Found: /ws/tickets/admin/
Not Found: /ws/tickets/
Not Found: /ws/tickets/admin/
Not Found: /ws/tickets/
Not Found: /ws/tickets/admin/
Not Found: /ws/tickets/
Not Found: /ws/tickets/admin/
Not Found: /ws/tickets/
Not Found: /ws/tickets/admin/
Not Found: /ws/tickets/
Not Found: /ws/tickets/admin/
Internal Server Error: /middle-admin-panel/unit//add-renter/38/
Traceback (most recent call last):
  File "D:\Django_project\absharProject\.venv\Lib\site-packages\django\db\models\query.py", line 946, in get_or_create
    return self.get(**kwargs), False
           ^^^^^^^^^^^^^^^^^^
  File "D:\Django_project\absharProject\.venv\Lib\site-packages\django\db\models\query.py", line 633, in get
    raise self.model.DoesNotExist(
user_app.models.User.DoesNotExist: User matching query does not exist.

During handling of the above exception, another exception occurred:

Traceback (most recent call last):
  File "D:\Django_project\absharProject\.venv\Lib\site-packages\django\db\backends\utils.py", line 105, in _execute
    return self.cursor.execute(sql, params)
           ^^^^^^^^^^^^^^^^^^^^^^^^^^^^^^^^
  File "D:\Django_project\absharProject\.venv\Lib\site-packages\django\db\backends\sqlite3\base.py", line 360, in execute
    return super().execute(query, params)
           ^^^^^^^^^^^^^^^^^^^^^^^^^^^^^^
sqlite3.IntegrityError: UNIQUE constraint failed: user_app_user.username

The above exception was the direct cause of the following exception:

Traceback (most recent call last):
  File "D:\Django_project\absharProject\.venv\Lib\site-packages\django\core\handlers\exception.py", line 55, in inner
    response = get_response(request)
               ^^^^^^^^^^^^^^^^^^^^^
  File "D:\Django_project\absharProject\.venv\Lib\site-packages\django\core\handlers\base.py", line 197, in _get_response
    response = wrapped_callback(request, *callback_args, **callback_kwargs)
               ^^^^^^^^^^^^^^^^^^^^^^^^^^^^^^^^^^^^^^^^^^^^^^^^^^^^^^^^^^^^
  File "D:\Django_project\absharProject\.venv\Lib\site-packages\django\contrib\auth\decorators.py", line 59, in _view_wrapper
    return view_func(request, *args, **kwargs)
           ^^^^^^^^^^^^^^^^^^^^^^^^^^^^^^^^^^^
  File "D:\Django_project\absharProject\middleAdmin_panel\views.py", line 684, in add_renter_to_unit
    renter_user, created = User.objects.get_or_create(
                           ^^^^^^^^^^^^^^^^^^^^^^^^^^^
  File "D:\Django_project\absharProject\.venv\Lib\site-packages\django\db\models\manager.py", line 87, in manager_method
    return getattr(self.get_queryset(), name)(*args, **kwargs)
           ^^^^^^^^^^^^^^^^^^^^^^^^^^^^^^^^^^^^^^^^^^^^^^^^^^^
  File "D:\Django_project\absharProject\.venv\Lib\site-packages\django\db\models\query.py", line 953, in get_or_create
    return self.create(**params), True
           ^^^^^^^^^^^^^^^^^^^^^
  File "D:\Django_project\absharProject\.venv\Lib\site-packages\django\db\models\query.py", line 663, in create
    obj.save(force_insert=True, using=self.db)
  File "D:\Django_project\absharProject\.venv\Lib\site-packages\django\contrib\auth\base_user.py", line 65, in save
    super().save(*args, **kwargs)
  File "D:\Django_project\absharProject\.venv\Lib\site-packages\django\db\models\base.py", line 902, in save
    self.save_base(
  File "D:\Django_project\absharProject\.venv\Lib\site-packages\django\db\models\base.py", line 1008, in save_base
    updated = self._save_table(
              ^^^^^^^^^^^^^^^^^
  File "D:\Django_project\absharProject\.venv\Lib\site-packages\django\db\models\base.py", line 1169, in _save_table
    results = self._do_insert(
              ^^^^^^^^^^^^^^^^
  File "D:\Django_project\absharProject\.venv\Lib\site-packages\django\db\models\base.py", line 1210, in _do_insert
    return manager._insert(
           ^^^^^^^^^^^^^^^^
  File "D:\Django_project\absharProject\.venv\Lib\site-packages\django\db\models\manager.py", line 87, in manager_method
    return getattr(self.get_queryset(), name)(*args, **kwargs)
           ^^^^^^^^^^^^^^^^^^^^^^^^^^^^^^^^^^^^^^^^^^^^^^^^^^^
  File "D:\Django_project\absharProject\.venv\Lib\site-packages\django\db\models\query.py", line 1854, in _insert
    return query.get_compiler(using=using).execute_sql(returning_fields)
           ^^^^^^^^^^^^^^^^^^^^^^^^^^^^^^^^^^^^^^^^^^^^^^^^^^^^^^^^^^^^^
  File "D:\Django_project\absharProject\.venv\Lib\site-packages\django\db\models\sql\compiler.py", line 1881, in execute_sql
    cursor.execute(sql, params)
  File "D:\Django_project\absharProject\.venv\Lib\site-packages\django\db\backends\utils.py", line 122, in execute
    return super().execute(sql, params)
           ^^^^^^^^^^^^^^^^^^^^^^^^^^^^
  File "D:\Django_project\absharProject\.venv\Lib\site-packages\django\db\backends\utils.py", line 79, in execute
    return self._execute_with_wrappers(
           ^^^^^^^^^^^^^^^^^^^^^^^^^^^^
  File "D:\Django_project\absharProject\.venv\Lib\site-packages\django\db\backends\utils.py", line 92, in _execute_with_wrappers
    return executor(sql, params, many, context)
           ^^^^^^^^^^^^^^^^^^^^^^^^^^^^^^^^^^^^
  File "D:\Django_project\absharProject\.venv\Lib\site-packages\django\db\backends\utils.py", line 100, in _execute
    with self.db.wrap_database_errors:
  File "D:\Django_project\absharProject\.venv\Lib\site-packages\django\db\utils.py", line 91, in __exit__
    raise dj_exc_value.with_traceback(traceback) from exc_value
  File "D:\Django_project\absharProject\.venv\Lib\site-packages\django\db\backends\utils.py", line 105, in _execute
    return self.cursor.execute(sql, params)
           ^^^^^^^^^^^^^^^^^^^^^^^^^^^^^^^^
  File "D:\Django_project\absharProject\.venv\Lib\site-packages\django\db\backends\sqlite3\base.py", line 360, in execute
    return super().execute(query, params)
           ^^^^^^^^^^^^^^^^^^^^^^^^^^^^^^
django.db.utils.IntegrityError: UNIQUE constraint failed: user_app_user.username
Not Found: /ws/tickets/
Not Found: /ws/tickets/admin/
Internal Server Error: /middle-admin-panel/unit//add-renter/38/
Traceback (most recent call last):
  File "D:\Django_project\absharProject\.venv\Lib\site-packages\django\db\models\query.py", line 946, in get_or_create
    return self.get(**kwargs), False
           ^^^^^^^^^^^^^^^^^^
  File "D:\Django_project\absharProject\.venv\Lib\site-packages\django\db\models\query.py", line 633, in get
    raise self.model.DoesNotExist(
user_app.models.User.DoesNotExist: User matching query does not exist.

During handling of the above exception, another exception occurred:

Traceback (most recent call last):
  File "D:\Django_project\absharProject\.venv\Lib\site-packages\django\db\backends\utils.py", line 105, in _execute
    return self.cursor.execute(sql, params)
           ^^^^^^^^^^^^^^^^^^^^^^^^^^^^^^^^
  File "D:\Django_project\absharProject\.venv\Lib\site-packages\django\db\backends\sqlite3\base.py", line 360, in execute
    return super().execute(query, params)
           ^^^^^^^^^^^^^^^^^^^^^^^^^^^^^^
sqlite3.IntegrityError: UNIQUE constraint failed: user_app_user.username

The above exception was the direct cause of the following exception:

Traceback (most recent call last):
  File "D:\Django_project\absharProject\.venv\Lib\site-packages\django\core\handlers\exception.py", line 55, in inner
    response = get_response(request)
               ^^^^^^^^^^^^^^^^^^^^^
  File "D:\Django_project\absharProject\.venv\Lib\site-packages\django\core\handlers\base.py", line 197, in _get_response
    response = wrapped_callback(request, *callback_args, **callback_kwargs)
               ^^^^^^^^^^^^^^^^^^^^^^^^^^^^^^^^^^^^^^^^^^^^^^^^^^^^^^^^^^^^
  File "D:\Django_project\absharProject\.venv\Lib\site-packages\django\contrib\auth\decorators.py", line 59, in _view_wrapper
    return view_func(request, *args, **kwargs)
           ^^^^^^^^^^^^^^^^^^^^^^^^^^^^^^^^^^^
  File "D:\Django_project\absharProject\middleAdmin_panel\views.py", line 684, in add_renter_to_unit
    renter_user, created = User.objects.get_or_create(
                           ^^^^^^^^^^^^^^^^^^^^^^^^^^^
  File "D:\Django_project\absharProject\.venv\Lib\site-packages\django\db\models\manager.py", line 87, in manager_method
    return getattr(self.get_queryset(), name)(*args, **kwargs)
           ^^^^^^^^^^^^^^^^^^^^^^^^^^^^^^^^^^^^^^^^^^^^^^^^^^^
  File "D:\Django_project\absharProject\.venv\Lib\site-packages\django\db\models\query.py", line 953, in get_or_create
    return self.create(**params), True
           ^^^^^^^^^^^^^^^^^^^^^
  File "D:\Django_project\absharProject\.venv\Lib\site-packages\django\db\models\query.py", line 663, in create
    obj.save(force_insert=True, using=self.db)
  File "D:\Django_project\absharProject\.venv\Lib\site-packages\django\contrib\auth\base_user.py", line 65, in save
    super().save(*args, **kwargs)
  File "D:\Django_project\absharProject\.venv\Lib\site-packages\django\db\models\base.py", line 902, in save
    self.save_base(
  File "D:\Django_project\absharProject\.venv\Lib\site-packages\django\db\models\base.py", line 1008, in save_base
    updated = self._save_table(
              ^^^^^^^^^^^^^^^^^
  File "D:\Django_project\absharProject\.venv\Lib\site-packages\django\db\models\base.py", line 1169, in _save_table
    results = self._do_insert(
              ^^^^^^^^^^^^^^^^
  File "D:\Django_project\absharProject\.venv\Lib\site-packages\django\db\models\base.py", line 1210, in _do_insert
    return manager._insert(
           ^^^^^^^^^^^^^^^^
  File "D:\Django_project\absharProject\.venv\Lib\site-packages\django\db\models\manager.py", line 87, in manager_method
    return getattr(self.get_queryset(), name)(*args, **kwargs)
           ^^^^^^^^^^^^^^^^^^^^^^^^^^^^^^^^^^^^^^^^^^^^^^^^^^^
  File "D:\Django_project\absharProject\.venv\Lib\site-packages\django\db\models\query.py", line 1854, in _insert
    return query.get_compiler(using=using).execute_sql(returning_fields)
           ^^^^^^^^^^^^^^^^^^^^^^^^^^^^^^^^^^^^^^^^^^^^^^^^^^^^^^^^^^^^^
  File "D:\Django_project\absharProject\.venv\Lib\site-packages\django\db\models\sql\compiler.py", line 1881, in execute_sql
    cursor.execute(sql, params)
  File "D:\Django_project\absharProject\.venv\Lib\site-packages\django\db\backends\utils.py", line 122, in execute
    return super().execute(sql, params)
           ^^^^^^^^^^^^^^^^^^^^^^^^^^^^
  File "D:\Django_project\absharProject\.venv\Lib\site-packages\django\db\backends\utils.py", line 79, in execute
    return self._execute_with_wrappers(
           ^^^^^^^^^^^^^^^^^^^^^^^^^^^^
  File "D:\Django_project\absharProject\.venv\Lib\site-packages\django\db\backends\utils.py", line 92, in _execute_with_wrappers
    return executor(sql, params, many, context)
           ^^^^^^^^^^^^^^^^^^^^^^^^^^^^^^^^^^^^
  File "D:\Django_project\absharProject\.venv\Lib\site-packages\django\db\backends\utils.py", line 100, in _execute
    with self.db.wrap_database_errors:
  File "D:\Django_project\absharProject\.venv\Lib\site-packages\django\db\utils.py", line 91, in __exit__
    raise dj_exc_value.with_traceback(traceback) from exc_value
  File "D:\Django_project\absharProject\.venv\Lib\site-packages\django\db\backends\utils.py", line 105, in _execute
    return self.cursor.execute(sql, params)
           ^^^^^^^^^^^^^^^^^^^^^^^^^^^^^^^^
  File "D:\Django_project\absharProject\.venv\Lib\site-packages\django\db\backends\sqlite3\base.py", line 360, in execute
    return super().execute(query, params)
           ^^^^^^^^^^^^^^^^^^^^^^^^^^^^^^
django.db.utils.IntegrityError: UNIQUE constraint failed: user_app_user.username
Not Found: /ws/tickets/admin/
Not Found: /ws/tickets/
Internal Server Error: /middle-admin-panel/unit//add-renter/38/
Traceback (most recent call last):
  File "D:\Django_project\absharProject\.venv\Lib\site-packages\django\db\models\query.py", line 946, in get_or_create
    return self.get(**kwargs), False
           ^^^^^^^^^^^^^^^^^^
  File "D:\Django_project\absharProject\.venv\Lib\site-packages\django\db\models\query.py", line 633, in get
    raise self.model.DoesNotExist(
user_app.models.User.DoesNotExist: User matching query does not exist.

During handling of the above exception, another exception occurred:

Traceback (most recent call last):
  File "D:\Django_project\absharProject\.venv\Lib\site-packages\django\db\backends\utils.py", line 105, in _execute
    return self.cursor.execute(sql, params)
           ^^^^^^^^^^^^^^^^^^^^^^^^^^^^^^^^
  File "D:\Django_project\absharProject\.venv\Lib\site-packages\django\db\backends\sqlite3\base.py", line 360, in execute
    return super().execute(query, params)
           ^^^^^^^^^^^^^^^^^^^^^^^^^^^^^^
sqlite3.IntegrityError: UNIQUE constraint failed: user_app_user.username

The above exception was the direct cause of the following exception:

Traceback (most recent call last):
  File "D:\Django_project\absharProject\.venv\Lib\site-packages\django\core\handlers\exception.py", line 55, in inner
    response = get_response(request)
               ^^^^^^^^^^^^^^^^^^^^^
  File "D:\Django_project\absharProject\.venv\Lib\site-packages\django\core\handlers\base.py", line 197, in _get_response
    response = wrapped_callback(request, *callback_args, **callback_kwargs)
               ^^^^^^^^^^^^^^^^^^^^^^^^^^^^^^^^^^^^^^^^^^^^^^^^^^^^^^^^^^^^
  File "D:\Django_project\absharProject\.venv\Lib\site-packages\django\contrib\auth\decorators.py", line 59, in _view_wrapper
    return view_func(request, *args, **kwargs)
           ^^^^^^^^^^^^^^^^^^^^^^^^^^^^^^^^^^^
  File "D:\Django_project\absharProject\middleAdmin_panel\views.py", line 684, in add_renter_to_unit
    renter_user, created = User.objects.get_or_create(
                           ^^^^^^^^^^^^^^^^^^^^^^^^^^^
  File "D:\Django_project\absharProject\.venv\Lib\site-packages\django\db\models\manager.py", line 87, in manager_method
    return getattr(self.get_queryset(), name)(*args, **kwargs)
           ^^^^^^^^^^^^^^^^^^^^^^^^^^^^^^^^^^^^^^^^^^^^^^^^^^^
  File "D:\Django_project\absharProject\.venv\Lib\site-packages\django\db\models\query.py", line 953, in get_or_create
    return self.create(**params), True
           ^^^^^^^^^^^^^^^^^^^^^
  File "D:\Django_project\absharProject\.venv\Lib\site-packages\django\db\models\query.py", line 663, in create
    obj.save(force_insert=True, using=self.db)
  File "D:\Django_project\absharProject\.venv\Lib\site-packages\django\contrib\auth\base_user.py", line 65, in save
    super().save(*args, **kwargs)
  File "D:\Django_project\absharProject\.venv\Lib\site-packages\django\db\models\base.py", line 902, in save
    self.save_base(
  File "D:\Django_project\absharProject\.venv\Lib\site-packages\django\db\models\base.py", line 1008, in save_base
    updated = self._save_table(
              ^^^^^^^^^^^^^^^^^
  File "D:\Django_project\absharProject\.venv\Lib\site-packages\django\db\models\base.py", line 1169, in _save_table
    results = self._do_insert(
              ^^^^^^^^^^^^^^^^
  File "D:\Django_project\absharProject\.venv\Lib\site-packages\django\db\models\base.py", line 1210, in _do_insert
    return manager._insert(
           ^^^^^^^^^^^^^^^^
  File "D:\Django_project\absharProject\.venv\Lib\site-packages\django\db\models\manager.py", line 87, in manager_method
    return getattr(self.get_queryset(), name)(*args, **kwargs)
           ^^^^^^^^^^^^^^^^^^^^^^^^^^^^^^^^^^^^^^^^^^^^^^^^^^^
  File "D:\Django_project\absharProject\.venv\Lib\site-packages\django\db\models\query.py", line 1854, in _insert
    return query.get_compiler(using=using).execute_sql(returning_fields)
           ^^^^^^^^^^^^^^^^^^^^^^^^^^^^^^^^^^^^^^^^^^^^^^^^^^^^^^^^^^^^^
  File "D:\Django_project\absharProject\.venv\Lib\site-packages\django\db\models\sql\compiler.py", line 1881, in execute_sql
    cursor.execute(sql, params)
  File "D:\Django_project\absharProject\.venv\Lib\site-packages\django\db\backends\utils.py", line 122, in execute
    return super().execute(sql, params)
           ^^^^^^^^^^^^^^^^^^^^^^^^^^^^
  File "D:\Django_project\absharProject\.venv\Lib\site-packages\django\db\backends\utils.py", line 79, in execute
    return self._execute_with_wrappers(
           ^^^^^^^^^^^^^^^^^^^^^^^^^^^^
  File "D:\Django_project\absharProject\.venv\Lib\site-packages\django\db\backends\utils.py", line 92, in _execute_with_wrappers
    return executor(sql, params, many, context)
           ^^^^^^^^^^^^^^^^^^^^^^^^^^^^^^^^^^^^
  File "D:\Django_project\absharProject\.venv\Lib\site-packages\django\db\backends\utils.py", line 100, in _execute
    with self.db.wrap_database_errors:
  File "D:\Django_project\absharProject\.venv\Lib\site-packages\django\db\utils.py", line 91, in __exit__
    raise dj_exc_value.with_traceback(traceback) from exc_value
  File "D:\Django_project\absharProject\.venv\Lib\site-packages\django\db\backends\utils.py", line 105, in _execute
    return self.cursor.execute(sql, params)
           ^^^^^^^^^^^^^^^^^^^^^^^^^^^^^^^^
  File "D:\Django_project\absharProject\.venv\Lib\site-packages\django\db\backends\sqlite3\base.py", line 360, in execute
    return super().execute(query, params)
           ^^^^^^^^^^^^^^^^^^^^^^^^^^^^^^
django.db.utils.IntegrityError: UNIQUE constraint failed: user_app_user.username
Not Found: /ws/tickets/admin/
Not Found: /ws/tickets/
Not Found: /ws/tickets/admin/
Not Found: /ws/tickets/
Not Found: /ws/tickets/
Not Found: /ws/tickets/admin/
Not Found: /ws/tickets/
Not Found: /ws/tickets/admin/
D:\Django_project\absharProject\admin_panel\helper.py changed, reloading.
D:\Django_project\absharProject\admin_panel\helper.py changed, reloading.
Watching for file changes with StatReloader
Watching for file changes with StatReloader
Not Found: /ws/tickets/
Not Found: /ws/tickets/admin/
D:\Django_project\absharProject\admin_panel\helper.py changed, reloading.
D:\Django_project\absharProject\admin_panel\helper.py changed, reloading.
Watching for file changes with StatReloader
Watching for file changes with StatReloader
Not Found: /ws/tickets/
Not Found: /ws/tickets/admin/
Not Found: /ws/tickets/
Not Found: /ws/tickets/admin/
D:\Django_project\absharProject\notifications\services\sms_service.py changed, reloading.
D:\Django_project\absharProject\notifications\services\sms_service.py changed, reloading.
Watching for file changes with StatReloader
Watching for file changes with StatReloader
D:\Django_project\absharProject\notifications\services\sms_service.py changed, reloading.
D:\Django_project\absharProject\notifications\services\sms_service.py changed, reloading.
Watching for file changes with StatReloader
Watching for file changes with StatReloader
D:\Django_project\absharProject\admin_panel\helper.py changed, reloading.
D:\Django_project\absharProject\admin_panel\helper.py changed, reloading.
Watching for file changes with StatReloader
Watching for file changes with StatReloader
Not Found: /ws/tickets/
Not Found: /ws/tickets/admin/
Not Found: /ws/tickets/
Not Found: /ws/tickets/admin/
D:\Django_project\absharProject\admin_panel\helper.py changed, reloading.
D:\Django_project\absharProject\admin_panel\helper.py changed, reloading.
Watching for file changes with StatReloader
Watching for file changes with StatReloader
Not Found: /ws/tickets/admin/
Not Found: /ws/tickets/
Not Found: /ws/tickets/
Not Found: /ws/tickets/admin/
D:\Django_project\absharProject\admin_panel\helper.py changed, reloading.
D:\Django_project\absharProject\admin_panel\helper.py changed, reloading.
Watching for file changes with StatReloader
Watching for file changes with StatReloader
Not Found: /ws/tickets/
Not Found: /ws/tickets/admin/
Not Found: /ws/tickets/
Not Found: /ws/tickets/admin/
D:\Django_project\absharProject\admin_panel\helper.py changed, reloading.
D:\Django_project\absharProject\admin_panel\helper.py changed, reloading.
Watching for file changes with StatReloader
Watching for file changes with StatReloader
Not Found: /ws/tickets/
Not Found: /ws/tickets/admin/
Not Found: /ws/tickets/
Not Found: /ws/tickets/admin/
Not Found: /ws/tickets/
Not Found: /ws/tickets/admin/
Not Found: /ws/tickets/
Not Found: /ws/tickets/admin/
Not Found: /ws/tickets/
Not Found: /ws/tickets/admin/
Not Found: /ws/tickets/admin/
Not Found: /ws/tickets/
Not Found: /ws/tickets/
Not Found: /ws/tickets/admin/
D:\Django_project\absharProject\admin_panel\helper.py changed, reloading.
D:\Django_project\absharProject\admin_panel\helper.py changed, reloading.
Watching for file changes with StatReloader
Watching for file changes with StatReloader
Not Found: /ws/tickets/
Not Found: /ws/tickets/admin/
Not Found: /ws/tickets/
Not Found: /ws/tickets/admin/
D:\Django_project\absharProject\admin_panel\helper.py changed, reloading.
D:\Django_project\absharProject\admin_panel\helper.py changed, reloading.
Watching for file changes with StatReloader
Watching for file changes with StatReloader
D:\Django_project\absharProject\admin_panel\helper.py changed, reloading.
D:\Django_project\absharProject\admin_panel\helper.py changed, reloading.
Watching for file changes with StatReloader
Watching for file changes with StatReloader
Not Found: /ws/tickets/
Not Found: /ws/tickets/admin/
Not Found: /ws/tickets/
Not Found: /ws/tickets/admin/
Not Found: /ws/tickets/
Not Found: /ws/tickets/admin/
Not Found: /ws/tickets/
Not Found: /ws/tickets/admin/
D:\Django_project\absharProject\admin_panel\helper.py changed, reloading.
D:\Django_project\absharProject\admin_panel\helper.py changed, reloading.
Watching for file changes with StatReloader
Watching for file changes with StatReloader
Not Found: /ws/tickets/
Not Found: /ws/tickets/admin/
Not Found: /ws/tickets/
Not Found: /ws/tickets/admin/
Not Found: /ws/tickets/
Not Found: /ws/tickets/admin/
Not Found: /ws/tickets/
Not Found: /ws/tickets/admin/
Not Found: /ws/tickets/
Not Found: /ws/tickets/admin/
Not Found: /ws/tickets/
Not Found: /ws/tickets/admin/
D:\Django_project\absharProject\admin_panel\helper.py changed, reloading.
D:\Django_project\absharProject\admin_panel\helper.py changed, reloading.
Watching for file changes with StatReloader
Watching for file changes with StatReloader
Not Found: /ws/tickets/
Not Found: /ws/tickets/admin/
Not Found: /ws/tickets/
Not Found: /ws/tickets/admin/
D:\Django_project\absharProject\admin_panel\helper.py changed, reloading.
D:\Django_project\absharProject\admin_panel\helper.py changed, reloading.
Watching for file changes with StatReloader
Watching for file changes with StatReloader
Not Found: /ws/tickets/
Not Found: /ws/tickets/admin/
Not Found: /ws/tickets/
Not Found: /ws/tickets/admin/
D:\Django_project\absharProject\admin_panel\helper.py changed, reloading.
D:\Django_project\absharProject\admin_panel\helper.py changed, reloading.
Watching for file changes with StatReloader
Watching for file changes with StatReloader
Not Found: /ws/tickets/
Not Found: /ws/tickets/admin/
Not Found: /ws/tickets/
Not Found: /ws/tickets/admin/
Not Found: /ws/tickets/
Not Found: /ws/tickets/admin/
Not Found: /ws/tickets/
Not Found: /ws/tickets/admin/
D:\Django_project\absharProject\middleAdmin_panel\views.py changed, reloading.
D:\Django_project\absharProject\notifications\services\sms_service.py changed, reloading.
Watching for file changes with StatReloader
Watching for file changes with StatReloader
Not Found: /ws/tickets/
Not Found: /ws/tickets/admin/
Not Found: /ws/tickets/
Not Found: /ws/tickets/admin/
D:\Django_project\absharProject\middleAdmin_panel\views.py changed, reloading.
D:\Django_project\absharProject\middleAdmin_panel\views.py changed, reloading.
Watching for file changes with StatReloader
Watching for file changes with StatReloader
Not Found: /ws/tickets/
Not Found: /ws/tickets/admin/
D:\Django_project\absharProject\middleAdmin_panel\views.py changed, reloading.
D:\Django_project\absharProject\middleAdmin_panel\views.py changed, reloading.
Watching for file changes with StatReloader
Watching for file changes with StatReloader
Not Found: /ws/tickets/
Not Found: /ws/tickets/admin/
Not Found: /ws/tickets/
Not Found: /ws/tickets/admin/
Not Found: /ws/tickets/
Not Found: /ws/tickets/admin/
D:\Django_project\absharProject\middleAdmin_panel\views.py changed, reloading.
D:\Django_project\absharProject\middleAdmin_panel\views.py changed, reloading.
Watching for file changes with StatReloader
Watching for file changes with StatReloader
Not Found: /ws/tickets/
Not Found: /ws/tickets/admin/
Not Found: /ws/tickets/
Not Found: /ws/tickets/admin/
D:\Django_project\absharProject\middleAdmin_panel\views.py changed, reloading.
D:\Django_project\absharProject\middleAdmin_panel\views.py changed, reloading.
Watching for file changes with StatReloader
Watching for file changes with StatReloader
Not Found: /ws/tickets/
Not Found: /ws/tickets/admin/
Not Found: /ws/tickets/
Not Found: /ws/tickets/admin/
Not Found: /ws/tickets/
Not Found: /ws/tickets/admin/
Not Found: /ws/tickets/
Not Found: /ws/tickets/admin/
Not Found: /ws/tickets/
Not Found: /ws/tickets/admin/
Not Found: /ws/tickets/
Not Found: /ws/tickets/admin/
Not Found: /ws/tickets/
Not Found: /ws/tickets/admin/
Not Found: /ws/tickets/
Not Found: /ws/tickets/admin/
Not Found: /ws/tickets/
Not Found: /ws/tickets/admin/
Not Found: /ws/tickets/
Not Found: /ws/tickets/admin/
Not Found: /ws/tickets/
Not Found: /ws/tickets/admin/
Not Found: /ws/tickets/
Not Found: /ws/tickets/admin/
Not Found: /ws/tickets/
Not Found: /ws/tickets/admin/
Not Found: /ws/tickets/
Not Found: /ws/tickets/admin/
Not Found: /ws/tickets/
Not Found: /ws/tickets/admin/
D:\Django_project\absharProject\middleAdmin_panel\views.py changed, reloading.
D:\Django_project\absharProject\middleAdmin_panel\views.py changed, reloading.
Watching for file changes with StatReloader
Watching for file changes with StatReloader
Not Found: /ws/tickets/
Not Found: /ws/tickets/admin/
Not Found: /ws/tickets/
Not Found: /ws/tickets/admin/
Not Found: /ws/tickets/
Not Found: /ws/tickets/admin/
Not Found: /ws/tickets/
Not Found: /ws/tickets/admin/
Not Found: /ws/tickets/
Not Found: /ws/tickets/admin/
Not Found: /ws/tickets/
Not Found: /ws/tickets/admin/
Not Found: /ws/tickets/admin/
Not Found: /ws/tickets/
D:\Django_project\absharProject\middleAdmin_panel\views.py changed, reloading.
D:\Django_project\absharProject\middleAdmin_panel\views.py changed, reloading.
Watching for file changes with StatReloader
Watching for file changes with StatReloader
D:\Django_project\absharProject\middleAdmin_panel\views.py changed, reloading.
D:\Django_project\absharProject\middleAdmin_panel\views.py changed, reloading.
Watching for file changes with StatReloader
Watching for file changes with StatReloader
Not Found: /ws/tickets/
Not Found: /ws/tickets/admin/
Not Found: /ws/tickets/
Not Found: /ws/tickets/admin/
Not Found: /ws/tickets/
Not Found: /ws/tickets/admin/
Not Found: /ws/tickets/
Not Found: /ws/tickets/admin/
Not Found: /ws/tickets/
Not Found: /ws/tickets/admin/
Not Found: /ws/tickets/
Not Found: /ws/tickets/admin/
Not Found: /ws/tickets/
Not Found: /ws/tickets/admin/
Not Found: /ws/tickets/
Not Found: /ws/tickets/admin/
Not Found: /ws/tickets/
Not Found: /ws/tickets/admin/
Not Found: /ws/tickets/
Not Found: /ws/tickets/admin/
Watching for file changes with StatReloader
Not Found: /ws/tickets/
Not Found: /ws/tickets/admin/
Not Found: /ws/tickets/
Not Found: /ws/tickets/admin/
Not Found: /ws/tickets/
Not Found: /ws/tickets/admin/
Not Found: /ws/tickets/
Not Found: /ws/tickets/admin/
Not Found: /ws/tickets/
Not Found: /ws/tickets/admin/
Internal Server Error: /middle-admin-panel/charge/middle/area/notify/6/
Traceback (most recent call last):
  File "D:\Django_project\absharProject\.venv\Lib\site-packages\django\core\handlers\exception.py", line 55, in inner
    response = get_response(request)
               ^^^^^^^^^^^^^^^^^^^^^
  File "D:\Django_project\absharProject\.venv\Lib\site-packages\django\core\handlers\base.py", line 197, in _get_response
    response = wrapped_callback(request, *callback_args, **callback_kwargs)
               ^^^^^^^^^^^^^^^^^^^^^^^^^^^^^^^^^^^^^^^^^^^^^^^^^^^^^^^^^^^^
  File "D:\Django_project\absharProject\.venv\Lib\site-packages\django\contrib\auth\decorators.py", line 59, in _view_wrapper
    return view_func(request, *args, **kwargs)
           ^^^^^^^^^^^^^^^^^^^^^^^^^^^^^^^^^^^
  File "D:\Django_project\absharProject\middleAdmin_panel\views.py", line 4513, in middle_area_charge_notification_view
    amount=qs.total_charge_month,
           ^^^^^^^^^^^^^^^^^^^^^
AttributeError: 'QuerySet' object has no attribute 'total_charge_month'
Not Found: /favicon.ico
D:\Django_project\absharProject\notifications\services\sms_service.py changed, reloading.
D:\Django_project\absharProject\middleAdmin_panel\views.py changed, reloading.
Watching for file changes with StatReloader
Watching for file changes with StatReloader
Not Found: /ws/tickets/
Not Found: /ws/tickets/admin/
Not Found: /ws/tickets/
Not Found: /ws/tickets/admin/
Not Found: /ws/tickets/
Not Found: /ws/tickets/admin/
Not Found: /ws/tickets/
Not Found: /ws/tickets/admin/
Not Found: /ws/tickets/
Not Found: /ws/tickets/admin/
D:\Django_project\absharProject\middleAdmin_panel\views.py changed, reloading.
D:\Django_project\absharProject\middleAdmin_panel\views.py changed, reloading.
Watching for file changes with StatReloader
Watching for file changes with StatReloader
Not Found: /ws/tickets/
Not Found: /ws/tickets/admin/
D:\Django_project\absharProject\middleAdmin_panel\views.py changed, reloading.
D:\Django_project\absharProject\middleAdmin_panel\views.py changed, reloading.
Watching for file changes with StatReloader
Watching for file changes with StatReloader
Not Found: /ws/tickets/
Not Found: /ws/tickets/admin/
D:\Django_project\absharProject\middleAdmin_panel\views.py changed, reloading.
D:\Django_project\absharProject\middleAdmin_panel\views.py changed, reloading.
Watching for file changes with StatReloader
Watching for file changes with StatReloader
Not Found: /ws/tickets/
Not Found: /ws/tickets/admin/
Not Found: /ws/tickets/
Not Found: /ws/tickets/admin/
Not Found: /ws/tickets/
Not Found: /ws/tickets/admin/
Not Found: /ws/tickets/
Not Found: /ws/tickets/admin/
D:\Django_project\absharProject\middleAdmin_panel\views.py changed, reloading.
D:\Django_project\absharProject\middleAdmin_panel\views.py changed, reloading.
Watching for file changes with StatReloader
Watching for file changes with StatReloader
Not Found: /ws/tickets/
Not Found: /ws/tickets/admin/
Not Found: /ws/tickets/
Not Found: /ws/tickets/admin/
D:\Django_project\absharProject\middleAdmin_panel\views.py changed, reloading.
D:\Django_project\absharProject\middleAdmin_panel\views.py changed, reloading.
Watching for file changes with StatReloader
Watching for file changes with StatReloader
Not Found: /ws/tickets/
Not Found: /ws/tickets/admin/
Not Found: /ws/tickets/
Not Found: /ws/tickets/admin/
D:\Django_project\absharProject\middleAdmin_panel\views.py changed, reloading.
D:\Django_project\absharProject\middleAdmin_panel\views.py changed, reloading.
Watching for file changes with StatReloader
Watching for file changes with StatReloader
Not Found: /ws/tickets/
Not Found: /ws/tickets/admin/
Not Found: /ws/tickets/
Not Found: /ws/tickets/admin/
Internal Server Error: /middle-admin-panel/charge/middle/person/notify/4/
Traceback (most recent call last):
  File "D:\Django_project\absharProject\.venv\Lib\site-packages\django\core\handlers\exception.py", line 55, in inner
    response = get_response(request)
               ^^^^^^^^^^^^^^^^^^^^^
  File "D:\Django_project\absharProject\.venv\Lib\site-packages\django\core\handlers\base.py", line 197, in _get_response
    response = wrapped_callback(request, *callback_args, **callback_kwargs)
               ^^^^^^^^^^^^^^^^^^^^^^^^^^^^^^^^^^^^^^^^^^^^^^^^^^^^^^^^^^^^
  File "D:\Django_project\absharProject\.venv\Lib\site-packages\django\contrib\auth\decorators.py", line 59, in _view_wrapper
    return view_func(request, *args, **kwargs)
           ^^^^^^^^^^^^^^^^^^^^^^^^^^^^^^^^^^^
  File "D:\Django_project\absharProject\middleAdmin_panel\views.py", line 4946, in middle_person_charge_notification_view
    result = SmsService.send_for_unified_charges(
             ^^^^^^^^^^^^^^^^^^^^^^^^^^^^^^^^^^^^
TypeError: SmsService.send_for_unified_charges() got an unexpected keyword argument 'charge_title'
Not Found: /favicon.ico
D:\Django_project\absharProject\middleAdmin_panel\views.py changed, reloading.
D:\Django_project\absharProject\middleAdmin_panel\views.py changed, reloading.
Watching for file changes with StatReloader
Watching for file changes with StatReloader
Not Found: /ws/tickets/
Not Found: /ws/tickets/admin/
